CRITICAL - 2023-03-19 14:43:41 --> syntax error, unexpected '}'
#0 /home3/nandomkt/public_html/system/Autoloader/Autoloader.php(241): CodeIgniter\Autoloader\Autoloader->includeFile('/home3/nandomkt...')
#1 /home3/nandomkt/public_html/system/Autoloader/Autoloader.php(219): CodeIgniter\Autoloader\Autoloader->loadInNamespace('App\\Controllers...')
#2 [internal function]: CodeIgniter\Autoloader\Autoloader->loadClass('App\\Controllers...')
#3 [internal function]: spl_autoload_call('App\\Controllers...')
#4 /home3/nandomkt/public_html/system/CodeIgniter.php(797): class_exists('\\App\\Controller...', true)
#5 /home3/nandomkt/public_html/system/CodeIgniter.php(406): CodeIgniter\CodeIgniter->startController()
#6 /home3/nandomkt/public_html/system/CodeIgniter.php(326): CodeIgniter\CodeIgniter->handleRequest(NULL, Object(Config\Cache), false)
#7 /home3/nandomkt/public_html/index.php(46): CodeIgniter\CodeIgniter->run()
#8 {main}
ERROR - 2023-03-19 14:44:14 --> Unknown column 'password' in 'field list'
ERROR - 2023-03-19 14:44:14 --> Unknown column 'is_admin' in 'field list'
CRITICAL - 2023-03-19 14:44:14 --> Call to a member function getFirstRow() on bool
#0 /home3/nandomkt/public_html/system/BaseModel.php(622): CodeIgniter\Model->doFirst()
#1 /home3/nandomkt/public_html/app/Controllers/Auth.php(101): CodeIgniter\BaseModel->first()
#2 /home3/nandomkt/public_html/system/CodeIgniter.php(832): App\Controllers\Auth->register()
#3 /home3/nandomkt/public_html/system/CodeIgniter.php(419): CodeIgniter\CodeIgniter->runController(Object(App\Controllers\Auth))
#4 /home3/nandomkt/public_html/system/CodeIgniter.php(326): CodeIgniter\CodeIgniter->handleRequest(NULL, Object(Config\Cache), false)
#5 /home3/nandomkt/public_html/index.php(46): CodeIgniter\CodeIgniter->run()
#6 {main}
ERROR - 2023-03-19 14:44:49 --> Unknown column 'password' in 'field list'
ERROR - 2023-03-19 14:44:49 --> Unknown column 'is_admin' in 'field list'
CRITICAL - 2023-03-19 14:44:49 --> Call to a member function getFirstRow() on bool
#0 /home3/nandomkt/public_html/system/BaseModel.php(622): CodeIgniter\Model->doFirst()
#1 /home3/nandomkt/public_html/app/Controllers/Auth.php(103): CodeIgniter\BaseModel->first()
#2 /home3/nandomkt/public_html/system/CodeIgniter.php(832): App\Controllers\Auth->register()
#3 /home3/nandomkt/public_html/system/CodeIgniter.php(419): CodeIgniter\CodeIgniter->runController(Object(App\Controllers\Auth))
#4 /home3/nandomkt/public_html/system/CodeIgniter.php(326): CodeIgniter\CodeIgniter->handleRequest(NULL, Object(Config\Cache), false)
#5 /home3/nandomkt/public_html/index.php(46): CodeIgniter\CodeIgniter->run()
#6 {main}
ERROR - 2023-03-19 14:54:28 --> Unknown column 'password' in 'field list'
ERROR - 2023-03-19 14:54:36 --> Unknown column 'id_user' in 'where clause'
CRITICAL - 2023-03-19 14:54:36 --> Call to a member function getResult() on bool
#0 /home3/nandomkt/public_html/system/BaseModel.php(584): CodeIgniter\Model->doFindAll(0, 0)
#1 /home3/nandomkt/public_html/app/Controllers/Dashboard.php(103): CodeIgniter\BaseModel->findAll()
#2 /home3/nandomkt/public_html/system/CodeIgniter.php(832): App\Controllers\Dashboard->orders()
#3 /home3/nandomkt/public_html/system/CodeIgniter.php(419): CodeIgniter\CodeIgniter->runController(Object(App\Controllers\Dashboard))
#4 /home3/nandomkt/public_html/system/CodeIgniter.php(326): CodeIgniter\CodeIgniter->handleRequest(NULL, Object(Config\Cache), false)
#5 /home3/nandomkt/public_html/index.php(46): CodeIgniter\CodeIgniter->run()
#6 {main}
ERROR - 2023-03-19 14:57:13 --> Unknown column 'password' in 'field list'
ERROR - 2023-03-19 14:57:19 --> Unknown column 'id_user' in 'where clause'
CRITICAL - 2023-03-19 14:57:19 --> Call to a member function getResult() on bool
#0 /home3/nandomkt/public_html/system/BaseModel.php(584): CodeIgniter\Model->doFindAll(0, 0)
#1 /home3/nandomkt/public_html/app/Controllers/Dashboard.php(103): CodeIgniter\BaseModel->findAll()
#2 /home3/nandomkt/public_html/system/CodeIgniter.php(832): App\Controllers\Dashboard->orders()
#3 /home3/nandomkt/public_html/system/CodeIgniter.php(419): CodeIgniter\CodeIgniter->runController(Object(App\Controllers\Dashboard))
#4 /home3/nandomkt/public_html/system/CodeIgniter.php(326): CodeIgniter\CodeIgniter->handleRequest(NULL, Object(Config\Cache), false)
#5 /home3/nandomkt/public_html/index.php(46): CodeIgniter\CodeIgniter->run()
#6 {main}
ERROR - 2023-03-19 15:01:33 --> Unknown column 'id_user' in 'where clause'
CRITICAL - 2023-03-19 15:01:33 --> Call to a member function getResult() on bool
#0 /home3/nandomkt/public_html/system/BaseModel.php(584): CodeIgniter\Model->doFindAll(0, 0)
#1 /home3/nandomkt/public_html/app/Controllers/Dashboard.php(103): CodeIgniter\BaseModel->findAll()
#2 /home3/nandomkt/public_html/system/CodeIgniter.php(832): App\Controllers\Dashboard->orders()
#3 /home3/nandomkt/public_html/system/CodeIgniter.php(419): CodeIgniter\CodeIgniter->runController(Object(App\Controllers\Dashboard))
#4 /home3/nandomkt/public_html/system/CodeIgniter.php(326): CodeIgniter\CodeIgniter->handleRequest(NULL, Object(Config\Cache), false)
#5 /home3/nandomkt/public_html/index.php(46): CodeIgniter\CodeIgniter->run()
#6 {main}
CRITICAL - 2023-03-19 15:44:40 --> Namespace declaration statement has to be the very first statement or after any declare call in the script
#0 [internal function]: CodeIgniter\Debug\Exceptions->shutdownHandler()
#1 {main}
CRITICAL - 2023-03-19 15:44:44 --> Namespace declaration statement has to be the very first statement or after any declare call in the script
#0 [internal function]: CodeIgniter\Debug\Exceptions->shutdownHandler()
#1 {main}
CRITICAL - 2023-03-19 15:44:49 --> Namespace declaration statement has to be the very first statement or after any declare call in the script
#0 [internal function]: CodeIgniter\Debug\Exceptions->shutdownHandler()
#1 {main}
CRITICAL - 2023-03-19 15:44:51 --> Namespace declaration statement has to be the very first statement or after any declare call in the script
#0 [internal function]: CodeIgniter\Debug\Exceptions->shutdownHandler()
#1 {main}
CRITICAL - 2023-03-19 15:44:51 --> Namespace declaration statement has to be the very first statement or after any declare call in the script
#0 [internal function]: CodeIgniter\Debug\Exceptions->shutdownHandler()
#1 {main}
CRITICAL - 2023-03-19 15:45:12 --> Namespace declaration statement has to be the very first statement or after any declare call in the script
#0 [internal function]: CodeIgniter\Debug\Exceptions->shutdownHandler()
#1 {main}
CRITICAL - 2023-03-19 15:45:23 --> Namespace declaration statement has to be the very first statement or after any declare call in the script
#0 [internal function]: CodeIgniter\Debug\Exceptions->shutdownHandler()
#1 {main}
CRITICAL - 2023-03-19 15:46:17 --> Namespace declaration statement has to be the very first statement or after any declare call in the script
#0 [internal function]: CodeIgniter\Debug\Exceptions->shutdownHandler()
#1 {main}
CRITICAL - 2023-03-19 15:48:05 --> Namespace declaration statement has to be the very first statement or after any declare call in the script
#0 [internal function]: CodeIgniter\Debug\Exceptions->shutdownHandler()
#1 {main}
CRITICAL - 2023-03-19 15:48:35 --> Namespace declaration statement has to be the very first statement or after any declare call in the script
#0 [internal function]: CodeIgniter\Debug\Exceptions->shutdownHandler()
#1 {main}
CRITICAL - 2023-03-19 15:48:37 --> Namespace declaration statement has to be the very first statement or after any declare call in the script
#0 [internal function]: CodeIgniter\Debug\Exceptions->shutdownHandler()
#1 {main}
CRITICAL - 2023-03-19 15:48:47 --> Namespace declaration statement has to be the very first statement or after any declare call in the script
#0 [internal function]: CodeIgniter\Debug\Exceptions->shutdownHandler()
#1 {main}
CRITICAL - 2023-03-19 15:49:54 --> Undefined constant 'App\Controllers'
#0 /home3/nandomkt/public_html/system/Autoloader/Autoloader.php(264): include_once()
#1 /home3/nandomkt/public_html/system/Autoloader/Autoloader.php(241): CodeIgniter\Autoloader\Autoloader->includeFile('/home3/nandomkt...')
#2 /home3/nandomkt/public_html/system/Autoloader/Autoloader.php(219): CodeIgniter\Autoloader\Autoloader->loadInNamespace('App\\Controllers...')
#3 [internal function]: CodeIgniter\Autoloader\Autoloader->loadClass('App\\Controllers...')
#4 [internal function]: spl_autoload_call('App\\Controllers...')
#5 /home3/nandomkt/public_html/system/CodeIgniter.php(797): class_exists('\\App\\Controller...', true)
#6 /home3/nandomkt/public_html/system/CodeIgniter.php(406): CodeIgniter\CodeIgniter->startController()
#7 /home3/nandomkt/public_html/system/CodeIgniter.php(326): CodeIgniter\CodeIgniter->handleRequest(NULL, Object(Config\Cache), false)
#8 /home3/nandomkt/public_html/index.php(46): CodeIgniter\CodeIgniter->run()
#9 {main}
CRITICAL - 2023-03-19 15:50:44 --> Namespace declaration statement has to be the very first statement or after any declare call in the script
#0 [internal function]: CodeIgniter\Debug\Exceptions->shutdownHandler()
#1 {main}
ERROR - 2023-03-19 16:18:23 --> Table 'nandomkt_rifanovo.users' doesn't exist
CRITICAL - 2023-03-19 16:18:23 --> Call to a member function getFirstRow() on bool
#0 /home3/nandomkt/public_html/system/BaseModel.php(622): CodeIgniter\Model->doFirst()
#1 /home3/nandomkt/public_html/app/Controllers/Dashboard.php(1348): CodeIgniter\BaseModel->first()
#2 /home3/nandomkt/public_html/system/CodeIgniter.php(832): App\Controllers\Dashboard->settings()
#3 /home3/nandomkt/public_html/system/CodeIgniter.php(419): CodeIgniter\CodeIgniter->runController(Object(App\Controllers\Dashboard))
#4 /home3/nandomkt/public_html/system/CodeIgniter.php(326): CodeIgniter\CodeIgniter->handleRequest(NULL, Object(Config\Cache), false)
#5 /home3/nandomkt/public_html/index.php(46): CodeIgniter\CodeIgniter->run()
#6 {main}
ERROR - 2023-03-19 16:18:25 --> Table 'nandomkt_rifanovo.raffles' doesn't exist
CRITICAL - 2023-03-19 16:18:25 --> Call to a member function getFirstRow() on bool
#0 /home3/nandomkt/public_html/system/BaseModel.php(622): CodeIgniter\Model->doFirst()
#1 /home3/nandomkt/public_html/app/Controllers/Home.php(80): CodeIgniter\BaseModel->first()
#2 /home3/nandomkt/public_html/system/CodeIgniter.php(832): App\Controllers\Home->raffle('favicon.ico')
#3 /home3/nandomkt/public_html/system/CodeIgniter.php(419): CodeIgniter\CodeIgniter->runController(Object(App\Controllers\Home))
#4 /home3/nandomkt/public_html/system/CodeIgniter.php(326): CodeIgniter\CodeIgniter->handleRequest(NULL, Object(Config\Cache), false)
#5 /home3/nandomkt/public_html/index.php(46): CodeIgniter\CodeIgniter->run()
#6 {main}
ERROR - 2023-03-19 16:18:31 --> Table 'nandomkt_rifanovo.raffles' doesn't exist
CRITICAL - 2023-03-19 16:18:31 --> Call to a member function getResult() on bool
#0 /home3/nandomkt/public_html/system/BaseModel.php(584): CodeIgniter\Model->doFindAll(4, 0)
#1 /home3/nandomkt/public_html/app/Controllers/Home.php(51): CodeIgniter\BaseModel->findAll(4)
#2 /home3/nandomkt/public_html/system/CodeIgniter.php(832): App\Controllers\Home->index()
#3 /home3/nandomkt/public_html/system/CodeIgniter.php(419): CodeIgniter\CodeIgniter->runController(Object(App\Controllers\Home))
#4 /home3/nandomkt/public_html/system/CodeIgniter.php(326): CodeIgniter\CodeIgniter->handleRequest(NULL, Object(Config\Cache), false)
#5 /home3/nandomkt/public_html/index.php(46): CodeIgniter\CodeIgniter->run()
#6 {main}
ERROR - 2023-03-19 16:18:32 --> Table 'nandomkt_rifanovo.raffles' doesn't exist
CRITICAL - 2023-03-19 16:18:32 --> Call to a member function getFirstRow() on bool
#0 /home3/nandomkt/public_html/system/BaseModel.php(622): CodeIgniter\Model->doFirst()
#1 /home3/nandomkt/public_html/app/Controllers/Home.php(80): CodeIgniter\BaseModel->first()
#2 /home3/nandomkt/public_html/system/CodeIgniter.php(832): App\Controllers\Home->raffle('favicon.ico')
#3 /home3/nandomkt/public_html/system/CodeIgniter.php(419): CodeIgniter\CodeIgniter->runController(Object(App\Controllers\Home))
#4 /home3/nandomkt/public_html/system/CodeIgniter.php(326): CodeIgniter\CodeIgniter->handleRequest(NULL, Object(Config\Cache), false)
#5 /home3/nandomkt/public_html/index.php(46): CodeIgniter\CodeIgniter->run()
#6 {main}
ERROR - 2023-03-19 16:18:57 --> Table 'nandomkt_rifanovo.raffles' doesn't exist
ERROR - 2023-03-19 16:18:57 --> Table 'nandomkt_rifanovo.raffles' doesn't exist
CRITICAL - 2023-03-19 16:18:57 --> Call to a member function getResult() on bool
#0 /home3/nandomkt/public_html/system/BaseModel.php(584): CodeIgniter\Model->doFindAll(10, 0)
#1 /home3/nandomkt/public_html/system/BaseModel.php(1088): CodeIgniter\BaseModel->findAll(10, 0)
#2 /home3/nandomkt/public_html/app/Controllers/Home.php(36): CodeIgniter\BaseModel->paginate(10)
#3 /home3/nandomkt/public_html/system/CodeIgniter.php(832): App\Controllers\Home->index()
#4 /home3/nandomkt/public_html/system/CodeIgniter.php(419): CodeIgniter\CodeIgniter->runController(Object(App\Controllers\Home))
#5 /home3/nandomkt/public_html/system/CodeIgniter.php(326): CodeIgniter\CodeIgniter->handleRequest(NULL, Object(Config\Cache), false)
#6 /home3/nandomkt/public_html/index.php(46): CodeIgniter\CodeIgniter->run()
#7 {main}
ERROR - 2023-03-19 23:44:04 --> Unknown column 'phone' in 'where clause'
CRITICAL - 2023-03-19 23:44:04 --> Call to a member function getFirstRow() on bool
#0 /home3/nandomkt/public_html/system/BaseModel.php(622): CodeIgniter\Model->doFirst()
#1 /home3/nandomkt/public_html/app/Controllers/Home.php(376): CodeIgniter\BaseModel->first()
#2 /home3/nandomkt/public_html/system/CodeIgniter.php(832): App\Controllers\Home->buyAutoRaffle()
#3 /home3/nandomkt/public_html/system/CodeIgniter.php(419): CodeIgniter\CodeIgniter->runController(Object(App\Controllers\Home))
#4 /home3/nandomkt/public_html/system/CodeIgniter.php(326): CodeIgniter\CodeIgniter->handleRequest(NULL, Object(Config\Cache), false)
#5 /home3/nandomkt/public_html/index.php(46): CodeIgniter\CodeIgniter->run()
#6 {main}
ERROR - 2023-03-19 23:45:05 --> Column 'id_user' cannot be null
ERROR - 2023-03-19 23:45:43 --> Column 'id_user' cannot be null
