ERROR - 2022-07-14 08:46:42 --> Duplicate entry '0' for key 'PRIMARY'
CRITICAL - 2022-07-14 08:46:42 --> Duplicate entry '0' for key 'PRIMARY'
#0 C:\xampp\htdocs\rifas\system\Database\MySQLi\Connection.php(292): mysqli->query('INSERT INTO `ra...', 0)
#1 C:\xampp\htdocs\rifas\system\Database\BaseConnection.php(670): CodeIgniter\Database\MySQLi\Connection->execute('INSERT INTO `ra...')
#2 C:\xampp\htdocs\rifas\system\Database\BaseConnection.php(598): CodeIgniter\Database\BaseConnection->simpleQuery('INSERT INTO `ra...')
#3 C:\xampp\htdocs\rifas\system\Database\BaseBuilder.php(1771): CodeIgniter\Database\BaseConnection->query('INSERT INTO `ra...', Array, false)
#4 C:\xampp\htdocs\rifas\system\Model.php(239): CodeIgniter\Database\BaseBuilder->insert()
#5 C:\xampp\htdocs\rifas\system\BaseModel.php(738): CodeIgniter\Model->doInsert(Array)
#6 C:\xampp\htdocs\rifas\system\Model.php(625): CodeIgniter\BaseModel->insert(Array, false)
#7 C:\xampp\htdocs\rifas\system\BaseModel.php(658): CodeIgniter\Model->insert(Array, false)
#8 C:\xampp\htdocs\rifas\app\Controllers\Admin.php(146): CodeIgniter\BaseModel->save(Array)
#9 C:\xampp\htdocs\rifas\system\CodeIgniter.php(832): App\Controllers\Admin->add_raffle()
#10 C:\xampp\htdocs\rifas\system\CodeIgniter.php(419): CodeIgniter\CodeIgniter->runController(Object(App\Controllers\Admin))
#11 C:\xampp\htdocs\rifas\system\CodeIgniter.php(326): CodeIgniter\CodeIgniter->handleRequest(NULL, Object(Config\Cache), false)
#12 C:\xampp\htdocs\rifas\index.php(37): CodeIgniter\CodeIgniter->run()
#13 {main}
ERROR - 2022-07-14 08:46:42 --> Duplicate entry '0' for key 'PRIMARY'
CRITICAL - 2022-07-14 08:46:42 --> Duplicate entry '0' for key 'PRIMARY'
#0 C:\xampp\htdocs\rifas\system\Database\MySQLi\Connection.php(292): mysqli->query('INSERT INTO `ra...', 0)
#1 C:\xampp\htdocs\rifas\system\Database\BaseConnection.php(670): CodeIgniter\Database\MySQLi\Connection->execute('INSERT INTO `ra...')
#2 C:\xampp\htdocs\rifas\system\Database\BaseConnection.php(598): CodeIgniter\Database\BaseConnection->simpleQuery('INSERT INTO `ra...')
#3 C:\xampp\htdocs\rifas\system\Database\BaseBuilder.php(1771): CodeIgniter\Database\BaseConnection->query('INSERT INTO `ra...', Array, false)
#4 C:\xampp\htdocs\rifas\system\Model.php(239): CodeIgniter\Database\BaseBuilder->insert()
#5 C:\xampp\htdocs\rifas\system\BaseModel.php(738): CodeIgniter\Model->doInsert(Array)
#6 C:\xampp\htdocs\rifas\system\Model.php(625): CodeIgniter\BaseModel->insert(Array, false)
#7 C:\xampp\htdocs\rifas\system\BaseModel.php(658): CodeIgniter\Model->insert(Array, false)
#8 C:\xampp\htdocs\rifas\app\Controllers\Admin.php(146): CodeIgniter\BaseModel->save(Array)
#9 C:\xampp\htdocs\rifas\system\CodeIgniter.php(832): App\Controllers\Admin->add_raffle()
#10 C:\xampp\htdocs\rifas\system\CodeIgniter.php(419): CodeIgniter\CodeIgniter->runController(Object(App\Controllers\Admin))
#11 C:\xampp\htdocs\rifas\system\CodeIgniter.php(326): CodeIgniter\CodeIgniter->handleRequest(NULL, Object(Config\Cache), false)
#12 C:\xampp\htdocs\rifas\index.php(37): CodeIgniter\CodeIgniter->run()
#13 {main}
CRITICAL - 2022-07-14 09:27:47 --> finfo_file(C:\xampp\tmp\phpBE63.tmp): failed to open stream: No such file or directory
#0 [internal function]: CodeIgniter\Debug\Exceptions->errorHandler(2, 'finfo_file(C:\\x...', 'C:\\xampp\\htdocs...', 109, Array)
#1 C:\xampp\htdocs\rifas\system\Files\File.php(109): finfo_file(Resource id #130, 'C:\\xampp\\tmp\\ph...')
#2 C:\xampp\htdocs\rifas\system\HTTP\Files\UploadedFile.php(302): CodeIgniter\Files\File->getMimeType()
#3 C:\xampp\htdocs\rifas\system\HTTP\Files\UploadedFile.php(291): CodeIgniter\HTTP\Files\UploadedFile->guessExtension()
#4 C:\xampp\htdocs\rifas\system\Files\File.php(121): CodeIgniter\HTTP\Files\UploadedFile->getExtension()
#5 C:\xampp\htdocs\rifas\app\Controllers\Admin.php(160): CodeIgniter\Files\File->getRandomName()
#6 C:\xampp\htdocs\rifas\system\CodeIgniter.php(832): App\Controllers\Admin->add_raffle()
#7 C:\xampp\htdocs\rifas\system\CodeIgniter.php(419): CodeIgniter\CodeIgniter->runController(Object(App\Controllers\Admin))
#8 C:\xampp\htdocs\rifas\system\CodeIgniter.php(326): CodeIgniter\CodeIgniter->handleRequest(NULL, Object(Config\Cache), false)
#9 C:\xampp\htdocs\rifas\index.php(37): CodeIgniter\CodeIgniter->run()
#10 {main}
CRITICAL - 2022-07-14 09:27:47 --> Uncaught CodeIgniter\Format\Exceptions\FormatException: Falha ao analisar a string json, erro: "Type is not supported". in C:\xampp\htdocs\rifas\system\Format\JSONFormatter.php:41
Stack trace:
#0 C:\xampp\htdocs\rifas\system\Format\JSONFormatter.php(41): CodeIgniter\Format\Exceptions\FormatException::forInvalidJSON('Type is not sup...')
#1 C:\xampp\htdocs\rifas\system\API\ResponseTrait.php(341): CodeIgniter\Format\JSONFormatter->format(Array)
#2 C:\xampp\htdocs\rifas\system\API\ResponseTrait.php(99): CodeIgniter\Debug\Exceptions->format(Array)
#3 C:\xampp\htdocs\rifas\system\Debug\Exceptions.php(115): CodeIgniter\Debug\Exceptions->respond(Array, 500)
#4 [internal function]: CodeIgniter\Debug\Exceptions->exceptionHandler(Object(ErrorException))
#5 {main}
  thrown
#0 [internal function]: CodeIgniter\Debug\Exceptions->shutdownHandler()
#1 {main}
CRITICAL - 2022-07-14 09:29:01 --> finfo_file(C:\xampp\tmp\phpDC59.tmp): failed to open stream: No such file or directory
#0 [internal function]: CodeIgniter\Debug\Exceptions->errorHandler(2, 'finfo_file(C:\\x...', 'C:\\xampp\\htdocs...', 109, Array)
#1 C:\xampp\htdocs\rifas\system\Files\File.php(109): finfo_file(Resource id #130, 'C:\\xampp\\tmp\\ph...')
#2 C:\xampp\htdocs\rifas\system\HTTP\Files\UploadedFile.php(302): CodeIgniter\Files\File->getMimeType()
#3 C:\xampp\htdocs\rifas\system\HTTP\Files\UploadedFile.php(291): CodeIgniter\HTTP\Files\UploadedFile->guessExtension()
#4 C:\xampp\htdocs\rifas\system\Files\File.php(121): CodeIgniter\HTTP\Files\UploadedFile->getExtension()
#5 C:\xampp\htdocs\rifas\app\Controllers\Admin.php(160): CodeIgniter\Files\File->getRandomName()
#6 C:\xampp\htdocs\rifas\system\CodeIgniter.php(832): App\Controllers\Admin->add_raffle()
#7 C:\xampp\htdocs\rifas\system\CodeIgniter.php(419): CodeIgniter\CodeIgniter->runController(Object(App\Controllers\Admin))
#8 C:\xampp\htdocs\rifas\system\CodeIgniter.php(326): CodeIgniter\CodeIgniter->handleRequest(NULL, Object(Config\Cache), false)
#9 C:\xampp\htdocs\rifas\index.php(37): CodeIgniter\CodeIgniter->run()
#10 {main}
CRITICAL - 2022-07-14 09:29:01 --> Uncaught CodeIgniter\Format\Exceptions\FormatException: Falha ao analisar a string json, erro: "Type is not supported". in C:\xampp\htdocs\rifas\system\Format\JSONFormatter.php:41
Stack trace:
#0 C:\xampp\htdocs\rifas\system\Format\JSONFormatter.php(41): CodeIgniter\Format\Exceptions\FormatException::forInvalidJSON('Type is not sup...')
#1 C:\xampp\htdocs\rifas\system\API\ResponseTrait.php(341): CodeIgniter\Format\JSONFormatter->format(Array)
#2 C:\xampp\htdocs\rifas\system\API\ResponseTrait.php(99): CodeIgniter\Debug\Exceptions->format(Array)
#3 C:\xampp\htdocs\rifas\system\Debug\Exceptions.php(115): CodeIgniter\Debug\Exceptions->respond(Array, 500)
#4 [internal function]: CodeIgniter\Debug\Exceptions->exceptionHandler(Object(ErrorException))
#5 {main}
  thrown
#0 [internal function]: CodeIgniter\Debug\Exceptions->shutdownHandler()
#1 {main}
CRITICAL - 2022-07-14 09:29:15 --> finfo_file(C:\xampp\tmp\php13A8.tmp): failed to open stream: No such file or directory
#0 [internal function]: CodeIgniter\Debug\Exceptions->errorHandler(2, 'finfo_file(C:\\x...', 'C:\\xampp\\htdocs...', 109, Array)
#1 C:\xampp\htdocs\rifas\system\Files\File.php(109): finfo_file(Resource id #130, 'C:\\xampp\\tmp\\ph...')
#2 C:\xampp\htdocs\rifas\system\HTTP\Files\UploadedFile.php(302): CodeIgniter\Files\File->getMimeType()
#3 C:\xampp\htdocs\rifas\system\HTTP\Files\UploadedFile.php(291): CodeIgniter\HTTP\Files\UploadedFile->guessExtension()
#4 C:\xampp\htdocs\rifas\system\Files\File.php(121): CodeIgniter\HTTP\Files\UploadedFile->getExtension()
#5 C:\xampp\htdocs\rifas\app\Controllers\Admin.php(160): CodeIgniter\Files\File->getRandomName()
#6 C:\xampp\htdocs\rifas\system\CodeIgniter.php(832): App\Controllers\Admin->add_raffle()
#7 C:\xampp\htdocs\rifas\system\CodeIgniter.php(419): CodeIgniter\CodeIgniter->runController(Object(App\Controllers\Admin))
#8 C:\xampp\htdocs\rifas\system\CodeIgniter.php(326): CodeIgniter\CodeIgniter->handleRequest(NULL, Object(Config\Cache), false)
#9 C:\xampp\htdocs\rifas\index.php(37): CodeIgniter\CodeIgniter->run()
#10 {main}
CRITICAL - 2022-07-14 09:29:15 --> Uncaught CodeIgniter\Format\Exceptions\FormatException: Falha ao analisar a string json, erro: "Type is not supported". in C:\xampp\htdocs\rifas\system\Format\JSONFormatter.php:41
Stack trace:
#0 C:\xampp\htdocs\rifas\system\Format\JSONFormatter.php(41): CodeIgniter\Format\Exceptions\FormatException::forInvalidJSON('Type is not sup...')
#1 C:\xampp\htdocs\rifas\system\API\ResponseTrait.php(341): CodeIgniter\Format\JSONFormatter->format(Array)
#2 C:\xampp\htdocs\rifas\system\API\ResponseTrait.php(99): CodeIgniter\Debug\Exceptions->format(Array)
#3 C:\xampp\htdocs\rifas\system\Debug\Exceptions.php(115): CodeIgniter\Debug\Exceptions->respond(Array, 500)
#4 [internal function]: CodeIgniter\Debug\Exceptions->exceptionHandler(Object(ErrorException))
#5 {main}
  thrown
#0 [internal function]: CodeIgniter\Debug\Exceptions->shutdownHandler()
#1 {main}
CRITICAL - 2022-07-14 09:30:33 --> finfo_file(C:\xampp\tmp\php4620.tmp): failed to open stream: No such file or directory
#0 [internal function]: CodeIgniter\Debug\Exceptions->errorHandler(2, 'finfo_file(C:\\x...', 'C:\\xampp\\htdocs...', 109, Array)
#1 C:\xampp\htdocs\rifas\system\Files\File.php(109): finfo_file(Resource id #131, 'C:\\xampp\\tmp\\ph...')
#2 C:\xampp\htdocs\rifas\system\HTTP\Files\UploadedFile.php(302): CodeIgniter\Files\File->getMimeType()
#3 C:\xampp\htdocs\rifas\system\HTTP\Files\UploadedFile.php(291): CodeIgniter\HTTP\Files\UploadedFile->guessExtension()
#4 C:\xampp\htdocs\rifas\system\Files\File.php(121): CodeIgniter\HTTP\Files\UploadedFile->getExtension()
#5 C:\xampp\htdocs\rifas\app\Controllers\Admin.php(160): CodeIgniter\Files\File->getRandomName()
#6 C:\xampp\htdocs\rifas\system\CodeIgniter.php(832): App\Controllers\Admin->add_raffle()
#7 C:\xampp\htdocs\rifas\system\CodeIgniter.php(419): CodeIgniter\CodeIgniter->runController(Object(App\Controllers\Admin))
#8 C:\xampp\htdocs\rifas\system\CodeIgniter.php(326): CodeIgniter\CodeIgniter->handleRequest(NULL, Object(Config\Cache), false)
#9 C:\xampp\htdocs\rifas\index.php(37): CodeIgniter\CodeIgniter->run()
#10 {main}
CRITICAL - 2022-07-14 09:30:33 --> Uncaught CodeIgniter\Format\Exceptions\FormatException: Falha ao analisar a string json, erro: "Type is not supported". in C:\xampp\htdocs\rifas\system\Format\JSONFormatter.php:41
Stack trace:
#0 C:\xampp\htdocs\rifas\system\Format\JSONFormatter.php(41): CodeIgniter\Format\Exceptions\FormatException::forInvalidJSON('Type is not sup...')
#1 C:\xampp\htdocs\rifas\system\API\ResponseTrait.php(341): CodeIgniter\Format\JSONFormatter->format(Array)
#2 C:\xampp\htdocs\rifas\system\API\ResponseTrait.php(99): CodeIgniter\Debug\Exceptions->format(Array)
#3 C:\xampp\htdocs\rifas\system\Debug\Exceptions.php(115): CodeIgniter\Debug\Exceptions->respond(Array, 500)
#4 [internal function]: CodeIgniter\Debug\Exceptions->exceptionHandler(Object(ErrorException))
#5 {main}
  thrown
#0 [internal function]: CodeIgniter\Debug\Exceptions->shutdownHandler()
#1 {main}
CRITICAL - 2022-07-14 09:32:45 --> finfo_file(C:\xampp\tmp\php47FE.tmp): failed to open stream: No such file or directory
#0 [internal function]: CodeIgniter\Debug\Exceptions->errorHandler(2, 'finfo_file(C:\\x...', 'C:\\xampp\\htdocs...', 109, Array)
#1 C:\xampp\htdocs\rifas\system\Files\File.php(109): finfo_file(Resource id #130, 'C:\\xampp\\tmp\\ph...')
#2 C:\xampp\htdocs\rifas\system\HTTP\Files\UploadedFile.php(302): CodeIgniter\Files\File->getMimeType()
#3 C:\xampp\htdocs\rifas\system\HTTP\Files\UploadedFile.php(291): CodeIgniter\HTTP\Files\UploadedFile->guessExtension()
#4 C:\xampp\htdocs\rifas\system\Files\File.php(121): CodeIgniter\HTTP\Files\UploadedFile->getExtension()
#5 C:\xampp\htdocs\rifas\app\Controllers\Admin.php(160): CodeIgniter\Files\File->getRandomName()
#6 C:\xampp\htdocs\rifas\system\CodeIgniter.php(832): App\Controllers\Admin->add_raffle()
#7 C:\xampp\htdocs\rifas\system\CodeIgniter.php(419): CodeIgniter\CodeIgniter->runController(Object(App\Controllers\Admin))
#8 C:\xampp\htdocs\rifas\system\CodeIgniter.php(326): CodeIgniter\CodeIgniter->handleRequest(NULL, Object(Config\Cache), false)
#9 C:\xampp\htdocs\rifas\index.php(37): CodeIgniter\CodeIgniter->run()
#10 {main}
CRITICAL - 2022-07-14 09:32:45 --> Uncaught CodeIgniter\Format\Exceptions\FormatException: Falha ao analisar a string json, erro: "Type is not supported". in C:\xampp\htdocs\rifas\system\Format\JSONFormatter.php:41
Stack trace:
#0 C:\xampp\htdocs\rifas\system\Format\JSONFormatter.php(41): CodeIgniter\Format\Exceptions\FormatException::forInvalidJSON('Type is not sup...')
#1 C:\xampp\htdocs\rifas\system\API\ResponseTrait.php(341): CodeIgniter\Format\JSONFormatter->format(Array)
#2 C:\xampp\htdocs\rifas\system\API\ResponseTrait.php(99): CodeIgniter\Debug\Exceptions->format(Array)
#3 C:\xampp\htdocs\rifas\system\Debug\Exceptions.php(115): CodeIgniter\Debug\Exceptions->respond(Array, 500)
#4 [internal function]: CodeIgniter\Debug\Exceptions->exceptionHandler(Object(ErrorException))
#5 {main}
  thrown
#0 [internal function]: CodeIgniter\Debug\Exceptions->shutdownHandler()
#1 {main}
ERROR - 2022-07-14 09:35:53 --> Duplicate entry '0' for key 'PRIMARY'
CRITICAL - 2022-07-14 09:35:53 --> Duplicate entry '0' for key 'PRIMARY'
#0 C:\xampp\htdocs\rifas\system\Database\MySQLi\Connection.php(292): mysqli->query('INSERT INTO `ra...', 0)
#1 C:\xampp\htdocs\rifas\system\Database\BaseConnection.php(670): CodeIgniter\Database\MySQLi\Connection->execute('INSERT INTO `ra...')
#2 C:\xampp\htdocs\rifas\system\Database\BaseConnection.php(598): CodeIgniter\Database\BaseConnection->simpleQuery('INSERT INTO `ra...')
#3 C:\xampp\htdocs\rifas\system\Database\BaseBuilder.php(1771): CodeIgniter\Database\BaseConnection->query('INSERT INTO `ra...', Array, false)
#4 C:\xampp\htdocs\rifas\system\Model.php(239): CodeIgniter\Database\BaseBuilder->insert()
#5 C:\xampp\htdocs\rifas\system\BaseModel.php(738): CodeIgniter\Model->doInsert(Array)
#6 C:\xampp\htdocs\rifas\system\Model.php(625): CodeIgniter\BaseModel->insert(Array, false)
#7 C:\xampp\htdocs\rifas\system\BaseModel.php(658): CodeIgniter\Model->insert(Array, false)
#8 C:\xampp\htdocs\rifas\app\Controllers\Admin.php(166): CodeIgniter\BaseModel->save(Array)
#9 C:\xampp\htdocs\rifas\system\CodeIgniter.php(832): App\Controllers\Admin->add_raffle()
#10 C:\xampp\htdocs\rifas\system\CodeIgniter.php(419): CodeIgniter\CodeIgniter->runController(Object(App\Controllers\Admin))
#11 C:\xampp\htdocs\rifas\system\CodeIgniter.php(326): CodeIgniter\CodeIgniter->handleRequest(NULL, Object(Config\Cache), false)
#12 C:\xampp\htdocs\rifas\index.php(37): CodeIgniter\CodeIgniter->run()
#13 {main}
ERROR - 2022-07-14 09:36:22 --> Duplicate entry '0' for key 'PRIMARY'
CRITICAL - 2022-07-14 09:36:22 --> Duplicate entry '0' for key 'PRIMARY'
#0 C:\xampp\htdocs\rifas\system\Database\MySQLi\Connection.php(292): mysqli->query('INSERT INTO `ra...', 0)
#1 C:\xampp\htdocs\rifas\system\Database\BaseConnection.php(670): CodeIgniter\Database\MySQLi\Connection->execute('INSERT INTO `ra...')
#2 C:\xampp\htdocs\rifas\system\Database\BaseConnection.php(598): CodeIgniter\Database\BaseConnection->simpleQuery('INSERT INTO `ra...')
#3 C:\xampp\htdocs\rifas\system\Database\BaseBuilder.php(1771): CodeIgniter\Database\BaseConnection->query('INSERT INTO `ra...', Array, false)
#4 C:\xampp\htdocs\rifas\system\Model.php(239): CodeIgniter\Database\BaseBuilder->insert()
#5 C:\xampp\htdocs\rifas\system\BaseModel.php(738): CodeIgniter\Model->doInsert(Array)
#6 C:\xampp\htdocs\rifas\system\Model.php(625): CodeIgniter\BaseModel->insert(Array, false)
#7 C:\xampp\htdocs\rifas\system\BaseModel.php(658): CodeIgniter\Model->insert(Array, false)
#8 C:\xampp\htdocs\rifas\app\Controllers\Admin.php(166): CodeIgniter\BaseModel->save(Array)
#9 C:\xampp\htdocs\rifas\system\CodeIgniter.php(832): App\Controllers\Admin->add_raffle()
#10 C:\xampp\htdocs\rifas\system\CodeIgniter.php(419): CodeIgniter\CodeIgniter->runController(Object(App\Controllers\Admin))
#11 C:\xampp\htdocs\rifas\system\CodeIgniter.php(326): CodeIgniter\CodeIgniter->handleRequest(NULL, Object(Config\Cache), false)
#12 C:\xampp\htdocs\rifas\index.php(37): CodeIgniter\CodeIgniter->run()
#13 {main}
