CRITICAL - 2023-05-09 00:31:13 --> Too few arguments to function App\Controllers\Api::confirmPaymentCustomer(), 0 passed in /home/rifadaho/osincriveissorteios.com.br/system/CodeIgniter.php on line 832 and exactly 1 expected
#0 /home/rifadaho/osincriveissorteios.com.br/system/CodeIgniter.php(832): App\Controllers\Api->confirmPaymentCustomer()
#1 /home/rifadaho/osincriveissorteios.com.br/system/CodeIgniter.php(419): CodeIgniter\CodeIgniter->runController(Object(App\Controllers\Api))
#2 /home/rifadaho/osincriveissorteios.com.br/system/CodeIgniter.php(326): CodeIgniter\CodeIgniter->handleRequest(NULL, Object(Config\Cache), false)
#3 /home/rifadaho/osincriveissorteios.com.br/index.php(47): CodeIgniter\CodeIgniter->run()
#4 {main}
CRITICAL - 2023-05-09 00:32:40 --> Too few arguments to function App\Controllers\Api::confirmPaymentCustomer(), 0 passed in /home/rifadaho/osincriveissorteios.com.br/system/CodeIgniter.php on line 832 and exactly 1 expected
#0 /home/rifadaho/osincriveissorteios.com.br/system/CodeIgniter.php(832): App\Controllers\Api->confirmPaymentCustomer()
#1 /home/rifadaho/osincriveissorteios.com.br/system/CodeIgniter.php(419): CodeIgniter\CodeIgniter->runController(Object(App\Controllers\Api))
#2 /home/rifadaho/osincriveissorteios.com.br/system/CodeIgniter.php(326): CodeIgniter\CodeIgniter->handleRequest(NULL, Object(Config\Cache), false)
#3 /home/rifadaho/osincriveissorteios.com.br/index.php(47): CodeIgniter\CodeIgniter->run()
#4 {main}
CRITICAL - 2023-05-09 08:06:00 --> Too few arguments to function App\Controllers\Api::confirmPaymentCustomer(), 0 passed in /home/rifadaho/osincriveissorteios.com.br/system/CodeIgniter.php on line 832 and exactly 1 expected
#0 /home/rifadaho/osincriveissorteios.com.br/system/CodeIgniter.php(832): App\Controllers\Api->confirmPaymentCustomer()
#1 /home/rifadaho/osincriveissorteios.com.br/system/CodeIgniter.php(419): CodeIgniter\CodeIgniter->runController(Object(App\Controllers\Api))
#2 /home/rifadaho/osincriveissorteios.com.br/system/CodeIgniter.php(326): CodeIgniter\CodeIgniter->handleRequest(NULL, Object(Config\Cache), false)
#3 /home/rifadaho/osincriveissorteios.com.br/index.php(47): CodeIgniter\CodeIgniter->run()
#4 {main}
CRITICAL - 2023-05-09 08:06:12 --> Too few arguments to function App\Controllers\Api::confirmPaymentCustomer(), 0 passed in /home/rifadaho/osincriveissorteios.com.br/system/CodeIgniter.php on line 832 and exactly 1 expected
#0 /home/rifadaho/osincriveissorteios.com.br/system/CodeIgniter.php(832): App\Controllers\Api->confirmPaymentCustomer()
#1 /home/rifadaho/osincriveissorteios.com.br/system/CodeIgniter.php(419): CodeIgniter\CodeIgniter->runController(Object(App\Controllers\Api))
#2 /home/rifadaho/osincriveissorteios.com.br/system/CodeIgniter.php(326): CodeIgniter\CodeIgniter->handleRequest(NULL, Object(Config\Cache), false)
#3 /home/rifadaho/osincriveissorteios.com.br/index.php(47): CodeIgniter\CodeIgniter->run()
#4 {main}
CRITICAL - 2023-05-09 11:06:14 --> Too few arguments to function App\Controllers\Api::confirmPaymentCustomer(), 0 passed in /home/rifadaho/osincriveissorteios.com.br/system/CodeIgniter.php on line 832 and exactly 1 expected
#0 /home/rifadaho/osincriveissorteios.com.br/system/CodeIgniter.php(832): App\Controllers\Api->confirmPaymentCustomer()
#1 /home/rifadaho/osincriveissorteios.com.br/system/CodeIgniter.php(419): CodeIgniter\CodeIgniter->runController(Object(App\Controllers\Api))
#2 /home/rifadaho/osincriveissorteios.com.br/system/CodeIgniter.php(326): CodeIgniter\CodeIgniter->handleRequest(NULL, Object(Config\Cache), false)
#3 /home/rifadaho/osincriveissorteios.com.br/index.php(47): CodeIgniter\CodeIgniter->run()
#4 {main}
CRITICAL - 2023-05-09 11:06:14 --> Too few arguments to function App\Controllers\Api::confirmPaymentCustomer(), 0 passed in /home/rifadaho/osincriveissorteios.com.br/system/CodeIgniter.php on line 832 and exactly 1 expected
#0 /home/rifadaho/osincriveissorteios.com.br/system/CodeIgniter.php(832): App\Controllers\Api->confirmPaymentCustomer()
#1 /home/rifadaho/osincriveissorteios.com.br/system/CodeIgniter.php(419): CodeIgniter\CodeIgniter->runController(Object(App\Controllers\Api))
#2 /home/rifadaho/osincriveissorteios.com.br/system/CodeIgniter.php(326): CodeIgniter\CodeIgniter->handleRequest(NULL, Object(Config\Cache), false)
#3 /home/rifadaho/osincriveissorteios.com.br/index.php(47): CodeIgniter\CodeIgniter->run()
#4 {main}
CRITICAL - 2023-05-09 11:06:14 --> Too few arguments to function App\Controllers\Api::confirmPaymentCustomer(), 0 passed in /home/rifadaho/osincriveissorteios.com.br/system/CodeIgniter.php on line 832 and exactly 1 expected
#0 /home/rifadaho/osincriveissorteios.com.br/system/CodeIgniter.php(832): App\Controllers\Api->confirmPaymentCustomer()
#1 /home/rifadaho/osincriveissorteios.com.br/system/CodeIgniter.php(419): CodeIgniter\CodeIgniter->runController(Object(App\Controllers\Api))
#2 /home/rifadaho/osincriveissorteios.com.br/system/CodeIgniter.php(326): CodeIgniter\CodeIgniter->handleRequest(NULL, Object(Config\Cache), false)
#3 /home/rifadaho/osincriveissorteios.com.br/index.php(47): CodeIgniter\CodeIgniter->run()
#4 {main}
CRITICAL - 2023-05-09 11:06:14 --> Too few arguments to function App\Controllers\Api::confirmPaymentCustomer(), 0 passed in /home/rifadaho/osincriveissorteios.com.br/system/CodeIgniter.php on line 832 and exactly 1 expected
#0 /home/rifadaho/osincriveissorteios.com.br/system/CodeIgniter.php(832): App\Controllers\Api->confirmPaymentCustomer()
#1 /home/rifadaho/osincriveissorteios.com.br/system/CodeIgniter.php(419): CodeIgniter\CodeIgniter->runController(Object(App\Controllers\Api))
#2 /home/rifadaho/osincriveissorteios.com.br/system/CodeIgniter.php(326): CodeIgniter\CodeIgniter->handleRequest(NULL, Object(Config\Cache), false)
#3 /home/rifadaho/osincriveissorteios.com.br/index.php(47): CodeIgniter\CodeIgniter->run()
#4 {main}
CRITICAL - 2023-05-09 11:16:23 --> Too few arguments to function App\Controllers\Api::confirmPaymentCustomer(), 0 passed in /home/rifadaho/osincriveissorteios.com.br/system/CodeIgniter.php on line 832 and exactly 1 expected
#0 /home/rifadaho/osincriveissorteios.com.br/system/CodeIgniter.php(832): App\Controllers\Api->confirmPaymentCustomer()
#1 /home/rifadaho/osincriveissorteios.com.br/system/CodeIgniter.php(419): CodeIgniter\CodeIgniter->runController(Object(App\Controllers\Api))
#2 /home/rifadaho/osincriveissorteios.com.br/system/CodeIgniter.php(326): CodeIgniter\CodeIgniter->handleRequest(NULL, Object(Config\Cache), false)
#3 /home/rifadaho/osincriveissorteios.com.br/index.php(47): CodeIgniter\CodeIgniter->run()
#4 {main}
CRITICAL - 2023-05-09 11:16:24 --> Too few arguments to function App\Controllers\Api::confirmPaymentCustomer(), 0 passed in /home/rifadaho/osincriveissorteios.com.br/system/CodeIgniter.php on line 832 and exactly 1 expected
#0 /home/rifadaho/osincriveissorteios.com.br/system/CodeIgniter.php(832): App\Controllers\Api->confirmPaymentCustomer()
#1 /home/rifadaho/osincriveissorteios.com.br/system/CodeIgniter.php(419): CodeIgniter\CodeIgniter->runController(Object(App\Controllers\Api))
#2 /home/rifadaho/osincriveissorteios.com.br/system/CodeIgniter.php(326): CodeIgniter\CodeIgniter->handleRequest(NULL, Object(Config\Cache), false)
#3 /home/rifadaho/osincriveissorteios.com.br/index.php(47): CodeIgniter\CodeIgniter->run()
#4 {main}
CRITICAL - 2023-05-09 11:16:27 --> Too few arguments to function App\Controllers\Api::confirmPaymentCustomer(), 0 passed in /home/rifadaho/osincriveissorteios.com.br/system/CodeIgniter.php on line 832 and exactly 1 expected
#0 /home/rifadaho/osincriveissorteios.com.br/system/CodeIgniter.php(832): App\Controllers\Api->confirmPaymentCustomer()
#1 /home/rifadaho/osincriveissorteios.com.br/system/CodeIgniter.php(419): CodeIgniter\CodeIgniter->runController(Object(App\Controllers\Api))
#2 /home/rifadaho/osincriveissorteios.com.br/system/CodeIgniter.php(326): CodeIgniter\CodeIgniter->handleRequest(NULL, Object(Config\Cache), false)
#3 /home/rifadaho/osincriveissorteios.com.br/index.php(47): CodeIgniter\CodeIgniter->run()
#4 {main}
CRITICAL - 2023-05-09 11:16:28 --> Too few arguments to function App\Controllers\Api::confirmPaymentCustomer(), 0 passed in /home/rifadaho/osincriveissorteios.com.br/system/CodeIgniter.php on line 832 and exactly 1 expected
#0 /home/rifadaho/osincriveissorteios.com.br/system/CodeIgniter.php(832): App\Controllers\Api->confirmPaymentCustomer()
#1 /home/rifadaho/osincriveissorteios.com.br/system/CodeIgniter.php(419): CodeIgniter\CodeIgniter->runController(Object(App\Controllers\Api))
#2 /home/rifadaho/osincriveissorteios.com.br/system/CodeIgniter.php(326): CodeIgniter\CodeIgniter->handleRequest(NULL, Object(Config\Cache), false)
#3 /home/rifadaho/osincriveissorteios.com.br/index.php(47): CodeIgniter\CodeIgniter->run()
#4 {main}
CRITICAL - 2023-05-09 11:25:36 --> Too few arguments to function App\Controllers\Api::confirmPaymentCustomer(), 0 passed in /home/rifadaho/osincriveissorteios.com.br/system/CodeIgniter.php on line 832 and exactly 1 expected
#0 /home/rifadaho/osincriveissorteios.com.br/system/CodeIgniter.php(832): App\Controllers\Api->confirmPaymentCustomer()
#1 /home/rifadaho/osincriveissorteios.com.br/system/CodeIgniter.php(419): CodeIgniter\CodeIgniter->runController(Object(App\Controllers\Api))
#2 /home/rifadaho/osincriveissorteios.com.br/system/CodeIgniter.php(326): CodeIgniter\CodeIgniter->handleRequest(NULL, Object(Config\Cache), false)
#3 /home/rifadaho/osincriveissorteios.com.br/index.php(47): CodeIgniter\CodeIgniter->run()
#4 {main}
CRITICAL - 2023-05-09 11:26:03 --> Too few arguments to function App\Controllers\Api::confirmPaymentCustomer(), 0 passed in /home/rifadaho/osincriveissorteios.com.br/system/CodeIgniter.php on line 832 and exactly 1 expected
#0 /home/rifadaho/osincriveissorteios.com.br/system/CodeIgniter.php(832): App\Controllers\Api->confirmPaymentCustomer()
#1 /home/rifadaho/osincriveissorteios.com.br/system/CodeIgniter.php(419): CodeIgniter\CodeIgniter->runController(Object(App\Controllers\Api))
#2 /home/rifadaho/osincriveissorteios.com.br/system/CodeIgniter.php(326): CodeIgniter\CodeIgniter->handleRequest(NULL, Object(Config\Cache), false)
#3 /home/rifadaho/osincriveissorteios.com.br/index.php(47): CodeIgniter\CodeIgniter->run()
#4 {main}
CRITICAL - 2023-05-09 11:35:57 --> Too few arguments to function App\Controllers\Api::confirmPaymentCustomer(), 0 passed in /home/rifadaho/osincriveissorteios.com.br/system/CodeIgniter.php on line 832 and exactly 1 expected
#0 /home/rifadaho/osincriveissorteios.com.br/system/CodeIgniter.php(832): App\Controllers\Api->confirmPaymentCustomer()
#1 /home/rifadaho/osincriveissorteios.com.br/system/CodeIgniter.php(419): CodeIgniter\CodeIgniter->runController(Object(App\Controllers\Api))
#2 /home/rifadaho/osincriveissorteios.com.br/system/CodeIgniter.php(326): CodeIgniter\CodeIgniter->handleRequest(NULL, Object(Config\Cache), false)
#3 /home/rifadaho/osincriveissorteios.com.br/index.php(47): CodeIgniter\CodeIgniter->run()
#4 {main}
CRITICAL - 2023-05-09 11:36:07 --> Too few arguments to function App\Controllers\Api::confirmPaymentCustomer(), 0 passed in /home/rifadaho/osincriveissorteios.com.br/system/CodeIgniter.php on line 832 and exactly 1 expected
#0 /home/rifadaho/osincriveissorteios.com.br/system/CodeIgniter.php(832): App\Controllers\Api->confirmPaymentCustomer()
#1 /home/rifadaho/osincriveissorteios.com.br/system/CodeIgniter.php(419): CodeIgniter\CodeIgniter->runController(Object(App\Controllers\Api))
#2 /home/rifadaho/osincriveissorteios.com.br/system/CodeIgniter.php(326): CodeIgniter\CodeIgniter->handleRequest(NULL, Object(Config\Cache), false)
#3 /home/rifadaho/osincriveissorteios.com.br/index.php(47): CodeIgniter\CodeIgniter->run()
#4 {main}
CRITICAL - 2023-05-09 12:00:26 --> Too few arguments to function App\Controllers\Api::confirmPaymentCustomer(), 0 passed in /home/rifadaho/osincriveissorteios.com.br/system/CodeIgniter.php on line 832 and exactly 1 expected
#0 /home/rifadaho/osincriveissorteios.com.br/system/CodeIgniter.php(832): App\Controllers\Api->confirmPaymentCustomer()
#1 /home/rifadaho/osincriveissorteios.com.br/system/CodeIgniter.php(419): CodeIgniter\CodeIgniter->runController(Object(App\Controllers\Api))
#2 /home/rifadaho/osincriveissorteios.com.br/system/CodeIgniter.php(326): CodeIgniter\CodeIgniter->handleRequest(NULL, Object(Config\Cache), false)
#3 /home/rifadaho/osincriveissorteios.com.br/index.php(47): CodeIgniter\CodeIgniter->run()
#4 {main}
CRITICAL - 2023-05-09 12:00:38 --> Too few arguments to function App\Controllers\Api::confirmPaymentCustomer(), 0 passed in /home/rifadaho/osincriveissorteios.com.br/system/CodeIgniter.php on line 832 and exactly 1 expected
#0 /home/rifadaho/osincriveissorteios.com.br/system/CodeIgniter.php(832): App\Controllers\Api->confirmPaymentCustomer()
#1 /home/rifadaho/osincriveissorteios.com.br/system/CodeIgniter.php(419): CodeIgniter\CodeIgniter->runController(Object(App\Controllers\Api))
#2 /home/rifadaho/osincriveissorteios.com.br/system/CodeIgniter.php(326): CodeIgniter\CodeIgniter->handleRequest(NULL, Object(Config\Cache), false)
#3 /home/rifadaho/osincriveissorteios.com.br/index.php(47): CodeIgniter\CodeIgniter->run()
#4 {main}
CRITICAL - 2023-05-09 12:10:20 --> Too few arguments to function App\Controllers\Api::confirmPaymentCustomer(), 0 passed in /home/rifadaho/osincriveissorteios.com.br/system/CodeIgniter.php on line 832 and exactly 1 expected
#0 /home/rifadaho/osincriveissorteios.com.br/system/CodeIgniter.php(832): App\Controllers\Api->confirmPaymentCustomer()
#1 /home/rifadaho/osincriveissorteios.com.br/system/CodeIgniter.php(419): CodeIgniter\CodeIgniter->runController(Object(App\Controllers\Api))
#2 /home/rifadaho/osincriveissorteios.com.br/system/CodeIgniter.php(326): CodeIgniter\CodeIgniter->handleRequest(NULL, Object(Config\Cache), false)
#3 /home/rifadaho/osincriveissorteios.com.br/index.php(47): CodeIgniter\CodeIgniter->run()
#4 {main}
CRITICAL - 2023-05-09 12:10:45 --> Too few arguments to function App\Controllers\Api::confirmPaymentCustomer(), 0 passed in /home/rifadaho/osincriveissorteios.com.br/system/CodeIgniter.php on line 832 and exactly 1 expected
#0 /home/rifadaho/osincriveissorteios.com.br/system/CodeIgniter.php(832): App\Controllers\Api->confirmPaymentCustomer()
#1 /home/rifadaho/osincriveissorteios.com.br/system/CodeIgniter.php(419): CodeIgniter\CodeIgniter->runController(Object(App\Controllers\Api))
#2 /home/rifadaho/osincriveissorteios.com.br/system/CodeIgniter.php(326): CodeIgniter\CodeIgniter->handleRequest(NULL, Object(Config\Cache), false)
#3 /home/rifadaho/osincriveissorteios.com.br/index.php(47): CodeIgniter\CodeIgniter->run()
#4 {main}
CRITICAL - 2023-05-09 18:05:38 --> Too few arguments to function App\Controllers\Api::confirmPaymentCustomer(), 0 passed in /home/rifadaho/osincriveissorteios.com.br/system/CodeIgniter.php on line 832 and exactly 1 expected
#0 /home/rifadaho/osincriveissorteios.com.br/system/CodeIgniter.php(832): App\Controllers\Api->confirmPaymentCustomer()
#1 /home/rifadaho/osincriveissorteios.com.br/system/CodeIgniter.php(419): CodeIgniter\CodeIgniter->runController(Object(App\Controllers\Api))
#2 /home/rifadaho/osincriveissorteios.com.br/system/CodeIgniter.php(326): CodeIgniter\CodeIgniter->handleRequest(NULL, Object(Config\Cache), false)
#3 /home/rifadaho/osincriveissorteios.com.br/index.php(47): CodeIgniter\CodeIgniter->run()
#4 {main}
CRITICAL - 2023-05-09 18:06:13 --> Too few arguments to function App\Controllers\Api::confirmPaymentCustomer(), 0 passed in /home/rifadaho/osincriveissorteios.com.br/system/CodeIgniter.php on line 832 and exactly 1 expected
#0 /home/rifadaho/osincriveissorteios.com.br/system/CodeIgniter.php(832): App\Controllers\Api->confirmPaymentCustomer()
#1 /home/rifadaho/osincriveissorteios.com.br/system/CodeIgniter.php(419): CodeIgniter\CodeIgniter->runController(Object(App\Controllers\Api))
#2 /home/rifadaho/osincriveissorteios.com.br/system/CodeIgniter.php(326): CodeIgniter\CodeIgniter->handleRequest(NULL, Object(Config\Cache), false)
#3 /home/rifadaho/osincriveissorteios.com.br/index.php(47): CodeIgniter\CodeIgniter->run()
#4 {main}
CRITICAL - 2023-05-09 18:15:34 --> Too few arguments to function App\Controllers\Api::confirmPaymentCustomer(), 0 passed in /home/rifadaho/osincriveissorteios.com.br/system/CodeIgniter.php on line 832 and exactly 1 expected
#0 /home/rifadaho/osincriveissorteios.com.br/system/CodeIgniter.php(832): App\Controllers\Api->confirmPaymentCustomer()
#1 /home/rifadaho/osincriveissorteios.com.br/system/CodeIgniter.php(419): CodeIgniter\CodeIgniter->runController(Object(App\Controllers\Api))
#2 /home/rifadaho/osincriveissorteios.com.br/system/CodeIgniter.php(326): CodeIgniter\CodeIgniter->handleRequest(NULL, Object(Config\Cache), false)
#3 /home/rifadaho/osincriveissorteios.com.br/index.php(47): CodeIgniter\CodeIgniter->run()
#4 {main}
CRITICAL - 2023-05-09 18:16:00 --> Too few arguments to function App\Controllers\Api::confirmPaymentCustomer(), 0 passed in /home/rifadaho/osincriveissorteios.com.br/system/CodeIgniter.php on line 832 and exactly 1 expected
#0 /home/rifadaho/osincriveissorteios.com.br/system/CodeIgniter.php(832): App\Controllers\Api->confirmPaymentCustomer()
#1 /home/rifadaho/osincriveissorteios.com.br/system/CodeIgniter.php(419): CodeIgniter\CodeIgniter->runController(Object(App\Controllers\Api))
#2 /home/rifadaho/osincriveissorteios.com.br/system/CodeIgniter.php(326): CodeIgniter\CodeIgniter->handleRequest(NULL, Object(Config\Cache), false)
#3 /home/rifadaho/osincriveissorteios.com.br/index.php(47): CodeIgniter\CodeIgniter->run()
#4 {main}
CRITICAL - 2023-05-09 19:46:30 --> Too few arguments to function App\Controllers\Api::confirmPaymentCustomer(), 0 passed in /home/rifadaho/osincriveissorteios.com.br/system/CodeIgniter.php on line 832 and exactly 1 expected
#0 /home/rifadaho/osincriveissorteios.com.br/system/CodeIgniter.php(832): App\Controllers\Api->confirmPaymentCustomer()
#1 /home/rifadaho/osincriveissorteios.com.br/system/CodeIgniter.php(419): CodeIgniter\CodeIgniter->runController(Object(App\Controllers\Api))
#2 /home/rifadaho/osincriveissorteios.com.br/system/CodeIgniter.php(326): CodeIgniter\CodeIgniter->handleRequest(NULL, Object(Config\Cache), false)
#3 /home/rifadaho/osincriveissorteios.com.br/index.php(47): CodeIgniter\CodeIgniter->run()
#4 {main}
CRITICAL - 2023-05-09 19:46:35 --> Too few arguments to function App\Controllers\Api::confirmPaymentCustomer(), 0 passed in /home/rifadaho/osincriveissorteios.com.br/system/CodeIgniter.php on line 832 and exactly 1 expected
#0 /home/rifadaho/osincriveissorteios.com.br/system/CodeIgniter.php(832): App\Controllers\Api->confirmPaymentCustomer()
#1 /home/rifadaho/osincriveissorteios.com.br/system/CodeIgniter.php(419): CodeIgniter\CodeIgniter->runController(Object(App\Controllers\Api))
#2 /home/rifadaho/osincriveissorteios.com.br/system/CodeIgniter.php(326): CodeIgniter\CodeIgniter->handleRequest(NULL, Object(Config\Cache), false)
#3 /home/rifadaho/osincriveissorteios.com.br/index.php(47): CodeIgniter\CodeIgniter->run()
#4 {main}
CRITICAL - 2023-05-09 19:46:39 --> Too few arguments to function App\Controllers\Api::confirmPaymentCustomer(), 0 passed in /home/rifadaho/osincriveissorteios.com.br/system/CodeIgniter.php on line 832 and exactly 1 expected
#0 /home/rifadaho/osincriveissorteios.com.br/system/CodeIgniter.php(832): App\Controllers\Api->confirmPaymentCustomer()
#1 /home/rifadaho/osincriveissorteios.com.br/system/CodeIgniter.php(419): CodeIgniter\CodeIgniter->runController(Object(App\Controllers\Api))
#2 /home/rifadaho/osincriveissorteios.com.br/system/CodeIgniter.php(326): CodeIgniter\CodeIgniter->handleRequest(NULL, Object(Config\Cache), false)
#3 /home/rifadaho/osincriveissorteios.com.br/index.php(47): CodeIgniter\CodeIgniter->run()
#4 {main}
CRITICAL - 2023-05-09 19:47:08 --> Too few arguments to function App\Controllers\Api::confirmPaymentCustomer(), 0 passed in /home/rifadaho/osincriveissorteios.com.br/system/CodeIgniter.php on line 832 and exactly 1 expected
#0 /home/rifadaho/osincriveissorteios.com.br/system/CodeIgniter.php(832): App\Controllers\Api->confirmPaymentCustomer()
#1 /home/rifadaho/osincriveissorteios.com.br/system/CodeIgniter.php(419): CodeIgniter\CodeIgniter->runController(Object(App\Controllers\Api))
#2 /home/rifadaho/osincriveissorteios.com.br/system/CodeIgniter.php(326): CodeIgniter\CodeIgniter->handleRequest(NULL, Object(Config\Cache), false)
#3 /home/rifadaho/osincriveissorteios.com.br/index.php(47): CodeIgniter\CodeIgniter->run()
#4 {main}
CRITICAL - 2023-05-09 20:06:30 --> Too few arguments to function App\Controllers\Api::confirmPaymentCustomer(), 0 passed in /home/rifadaho/osincriveissorteios.com.br/system/CodeIgniter.php on line 832 and exactly 1 expected
#0 /home/rifadaho/osincriveissorteios.com.br/system/CodeIgniter.php(832): App\Controllers\Api->confirmPaymentCustomer()
#1 /home/rifadaho/osincriveissorteios.com.br/system/CodeIgniter.php(419): CodeIgniter\CodeIgniter->runController(Object(App\Controllers\Api))
#2 /home/rifadaho/osincriveissorteios.com.br/system/CodeIgniter.php(326): CodeIgniter\CodeIgniter->handleRequest(NULL, Object(Config\Cache), false)
#3 /home/rifadaho/osincriveissorteios.com.br/index.php(47): CodeIgniter\CodeIgniter->run()
#4 {main}
CRITICAL - 2023-05-09 20:07:02 --> Too few arguments to function App\Controllers\Api::confirmPaymentCustomer(), 0 passed in /home/rifadaho/osincriveissorteios.com.br/system/CodeIgniter.php on line 832 and exactly 1 expected
#0 /home/rifadaho/osincriveissorteios.com.br/system/CodeIgniter.php(832): App\Controllers\Api->confirmPaymentCustomer()
#1 /home/rifadaho/osincriveissorteios.com.br/system/CodeIgniter.php(419): CodeIgniter\CodeIgniter->runController(Object(App\Controllers\Api))
#2 /home/rifadaho/osincriveissorteios.com.br/system/CodeIgniter.php(326): CodeIgniter\CodeIgniter->handleRequest(NULL, Object(Config\Cache), false)
#3 /home/rifadaho/osincriveissorteios.com.br/index.php(47): CodeIgniter\CodeIgniter->run()
#4 {main}
CRITICAL - 2023-05-09 22:17:15 --> Too few arguments to function App\Controllers\Api::confirmPaymentCustomer(), 0 passed in /home/rifadaho/osincriveissorteios.com.br/system/CodeIgniter.php on line 832 and exactly 1 expected
#0 /home/rifadaho/osincriveissorteios.com.br/system/CodeIgniter.php(832): App\Controllers\Api->confirmPaymentCustomer()
#1 /home/rifadaho/osincriveissorteios.com.br/system/CodeIgniter.php(419): CodeIgniter\CodeIgniter->runController(Object(App\Controllers\Api))
#2 /home/rifadaho/osincriveissorteios.com.br/system/CodeIgniter.php(326): CodeIgniter\CodeIgniter->handleRequest(NULL, Object(Config\Cache), false)
#3 /home/rifadaho/osincriveissorteios.com.br/index.php(47): CodeIgniter\CodeIgniter->run()
#4 {main}
CRITICAL - 2023-05-09 22:17:50 --> Too few arguments to function App\Controllers\Api::confirmPaymentCustomer(), 0 passed in /home/rifadaho/osincriveissorteios.com.br/system/CodeIgniter.php on line 832 and exactly 1 expected
#0 /home/rifadaho/osincriveissorteios.com.br/system/CodeIgniter.php(832): App\Controllers\Api->confirmPaymentCustomer()
#1 /home/rifadaho/osincriveissorteios.com.br/system/CodeIgniter.php(419): CodeIgniter\CodeIgniter->runController(Object(App\Controllers\Api))
#2 /home/rifadaho/osincriveissorteios.com.br/system/CodeIgniter.php(326): CodeIgniter\CodeIgniter->handleRequest(NULL, Object(Config\Cache), false)
#3 /home/rifadaho/osincriveissorteios.com.br/index.php(47): CodeIgniter\CodeIgniter->run()
#4 {main}
CRITICAL - 2023-05-09 22:17:52 --> Too few arguments to function App\Controllers\Api::confirmPaymentCustomer(), 0 passed in /home/rifadaho/osincriveissorteios.com.br/system/CodeIgniter.php on line 832 and exactly 1 expected
#0 /home/rifadaho/osincriveissorteios.com.br/system/CodeIgniter.php(832): App\Controllers\Api->confirmPaymentCustomer()
#1 /home/rifadaho/osincriveissorteios.com.br/system/CodeIgniter.php(419): CodeIgniter\CodeIgniter->runController(Object(App\Controllers\Api))
#2 /home/rifadaho/osincriveissorteios.com.br/system/CodeIgniter.php(326): CodeIgniter\CodeIgniter->handleRequest(NULL, Object(Config\Cache), false)
#3 /home/rifadaho/osincriveissorteios.com.br/index.php(47): CodeIgniter\CodeIgniter->run()
#4 {main}
CRITICAL - 2023-05-09 22:18:34 --> Too few arguments to function App\Controllers\Api::confirmPaymentCustomer(), 0 passed in /home/rifadaho/osincriveissorteios.com.br/system/CodeIgniter.php on line 832 and exactly 1 expected
#0 /home/rifadaho/osincriveissorteios.com.br/system/CodeIgniter.php(832): App\Controllers\Api->confirmPaymentCustomer()
#1 /home/rifadaho/osincriveissorteios.com.br/system/CodeIgniter.php(419): CodeIgniter\CodeIgniter->runController(Object(App\Controllers\Api))
#2 /home/rifadaho/osincriveissorteios.com.br/system/CodeIgniter.php(326): CodeIgniter\CodeIgniter->handleRequest(NULL, Object(Config\Cache), false)
#3 /home/rifadaho/osincriveissorteios.com.br/index.php(47): CodeIgniter\CodeIgniter->run()
#4 {main}
CRITICAL - 2023-05-09 22:21:41 --> Too few arguments to function App\Controllers\Api::confirmPaymentCustomer(), 0 passed in /home/rifadaho/osincriveissorteios.com.br/system/CodeIgniter.php on line 832 and exactly 1 expected
#0 /home/rifadaho/osincriveissorteios.com.br/system/CodeIgniter.php(832): App\Controllers\Api->confirmPaymentCustomer()
#1 /home/rifadaho/osincriveissorteios.com.br/system/CodeIgniter.php(419): CodeIgniter\CodeIgniter->runController(Object(App\Controllers\Api))
#2 /home/rifadaho/osincriveissorteios.com.br/system/CodeIgniter.php(326): CodeIgniter\CodeIgniter->handleRequest(NULL, Object(Config\Cache), false)
#3 /home/rifadaho/osincriveissorteios.com.br/index.php(47): CodeIgniter\CodeIgniter->run()
#4 {main}
CRITICAL - 2023-05-09 22:22:22 --> Too few arguments to function App\Controllers\Api::confirmPaymentCustomer(), 0 passed in /home/rifadaho/osincriveissorteios.com.br/system/CodeIgniter.php on line 832 and exactly 1 expected
#0 /home/rifadaho/osincriveissorteios.com.br/system/CodeIgniter.php(832): App\Controllers\Api->confirmPaymentCustomer()
#1 /home/rifadaho/osincriveissorteios.com.br/system/CodeIgniter.php(419): CodeIgniter\CodeIgniter->runController(Object(App\Controllers\Api))
#2 /home/rifadaho/osincriveissorteios.com.br/system/CodeIgniter.php(326): CodeIgniter\CodeIgniter->handleRequest(NULL, Object(Config\Cache), false)
#3 /home/rifadaho/osincriveissorteios.com.br/index.php(47): CodeIgniter\CodeIgniter->run()
#4 {main}
CRITICAL - 2023-05-09 22:31:10 --> Too few arguments to function App\Controllers\Api::confirmPaymentCustomer(), 0 passed in /home/rifadaho/osincriveissorteios.com.br/system/CodeIgniter.php on line 832 and exactly 1 expected
#0 /home/rifadaho/osincriveissorteios.com.br/system/CodeIgniter.php(832): App\Controllers\Api->confirmPaymentCustomer()
#1 /home/rifadaho/osincriveissorteios.com.br/system/CodeIgniter.php(419): CodeIgniter\CodeIgniter->runController(Object(App\Controllers\Api))
#2 /home/rifadaho/osincriveissorteios.com.br/system/CodeIgniter.php(326): CodeIgniter\CodeIgniter->handleRequest(NULL, Object(Config\Cache), false)
#3 /home/rifadaho/osincriveissorteios.com.br/index.php(47): CodeIgniter\CodeIgniter->run()
#4 {main}
CRITICAL - 2023-05-09 22:31:20 --> Too few arguments to function App\Controllers\Api::confirmPaymentCustomer(), 0 passed in /home/rifadaho/osincriveissorteios.com.br/system/CodeIgniter.php on line 832 and exactly 1 expected
#0 /home/rifadaho/osincriveissorteios.com.br/system/CodeIgniter.php(832): App\Controllers\Api->confirmPaymentCustomer()
#1 /home/rifadaho/osincriveissorteios.com.br/system/CodeIgniter.php(419): CodeIgniter\CodeIgniter->runController(Object(App\Controllers\Api))
#2 /home/rifadaho/osincriveissorteios.com.br/system/CodeIgniter.php(326): CodeIgniter\CodeIgniter->handleRequest(NULL, Object(Config\Cache), false)
#3 /home/rifadaho/osincriveissorteios.com.br/index.php(47): CodeIgniter\CodeIgniter->run()
#4 {main}
CRITICAL - 2023-05-09 22:31:36 --> Too few arguments to function App\Controllers\Api::confirmPaymentCustomer(), 0 passed in /home/rifadaho/osincriveissorteios.com.br/system/CodeIgniter.php on line 832 and exactly 1 expected
#0 /home/rifadaho/osincriveissorteios.com.br/system/CodeIgniter.php(832): App\Controllers\Api->confirmPaymentCustomer()
#1 /home/rifadaho/osincriveissorteios.com.br/system/CodeIgniter.php(419): CodeIgniter\CodeIgniter->runController(Object(App\Controllers\Api))
#2 /home/rifadaho/osincriveissorteios.com.br/system/CodeIgniter.php(326): CodeIgniter\CodeIgniter->handleRequest(NULL, Object(Config\Cache), false)
#3 /home/rifadaho/osincriveissorteios.com.br/index.php(47): CodeIgniter\CodeIgniter->run()
#4 {main}
CRITICAL - 2023-05-09 22:31:38 --> Too few arguments to function App\Controllers\Api::confirmPaymentCustomer(), 0 passed in /home/rifadaho/osincriveissorteios.com.br/system/CodeIgniter.php on line 832 and exactly 1 expected
#0 /home/rifadaho/osincriveissorteios.com.br/system/CodeIgniter.php(832): App\Controllers\Api->confirmPaymentCustomer()
#1 /home/rifadaho/osincriveissorteios.com.br/system/CodeIgniter.php(419): CodeIgniter\CodeIgniter->runController(Object(App\Controllers\Api))
#2 /home/rifadaho/osincriveissorteios.com.br/system/CodeIgniter.php(326): CodeIgniter\CodeIgniter->handleRequest(NULL, Object(Config\Cache), false)
#3 /home/rifadaho/osincriveissorteios.com.br/index.php(47): CodeIgniter\CodeIgniter->run()
#4 {main}
CRITICAL - 2023-05-09 22:31:39 --> Too few arguments to function App\Controllers\Api::confirmPaymentCustomer(), 0 passed in /home/rifadaho/osincriveissorteios.com.br/system/CodeIgniter.php on line 832 and exactly 1 expected
#0 /home/rifadaho/osincriveissorteios.com.br/system/CodeIgniter.php(832): App\Controllers\Api->confirmPaymentCustomer()
#1 /home/rifadaho/osincriveissorteios.com.br/system/CodeIgniter.php(419): CodeIgniter\CodeIgniter->runController(Object(App\Controllers\Api))
#2 /home/rifadaho/osincriveissorteios.com.br/system/CodeIgniter.php(326): CodeIgniter\CodeIgniter->handleRequest(NULL, Object(Config\Cache), false)
#3 /home/rifadaho/osincriveissorteios.com.br/index.php(47): CodeIgniter\CodeIgniter->run()
#4 {main}
CRITICAL - 2023-05-09 22:31:56 --> Too few arguments to function App\Controllers\Api::confirmPaymentCustomer(), 0 passed in /home/rifadaho/osincriveissorteios.com.br/system/CodeIgniter.php on line 832 and exactly 1 expected
#0 /home/rifadaho/osincriveissorteios.com.br/system/CodeIgniter.php(832): App\Controllers\Api->confirmPaymentCustomer()
#1 /home/rifadaho/osincriveissorteios.com.br/system/CodeIgniter.php(419): CodeIgniter\CodeIgniter->runController(Object(App\Controllers\Api))
#2 /home/rifadaho/osincriveissorteios.com.br/system/CodeIgniter.php(326): CodeIgniter\CodeIgniter->handleRequest(NULL, Object(Config\Cache), false)
#3 /home/rifadaho/osincriveissorteios.com.br/index.php(47): CodeIgniter\CodeIgniter->run()
#4 {main}
CRITICAL - 2023-05-09 22:36:58 --> Too few arguments to function App\Controllers\Api::confirmPaymentCustomer(), 0 passed in /home/rifadaho/osincriveissorteios.com.br/system/CodeIgniter.php on line 832 and exactly 1 expected
#0 /home/rifadaho/osincriveissorteios.com.br/system/CodeIgniter.php(832): App\Controllers\Api->confirmPaymentCustomer()
#1 /home/rifadaho/osincriveissorteios.com.br/system/CodeIgniter.php(419): CodeIgniter\CodeIgniter->runController(Object(App\Controllers\Api))
#2 /home/rifadaho/osincriveissorteios.com.br/system/CodeIgniter.php(326): CodeIgniter\CodeIgniter->handleRequest(NULL, Object(Config\Cache), false)
#3 /home/rifadaho/osincriveissorteios.com.br/index.php(47): CodeIgniter\CodeIgniter->run()
#4 {main}
CRITICAL - 2023-05-09 22:38:38 --> Too few arguments to function App\Controllers\Api::confirmPaymentCustomer(), 0 passed in /home/rifadaho/osincriveissorteios.com.br/system/CodeIgniter.php on line 832 and exactly 1 expected
#0 /home/rifadaho/osincriveissorteios.com.br/system/CodeIgniter.php(832): App\Controllers\Api->confirmPaymentCustomer()
#1 /home/rifadaho/osincriveissorteios.com.br/system/CodeIgniter.php(419): CodeIgniter\CodeIgniter->runController(Object(App\Controllers\Api))
#2 /home/rifadaho/osincriveissorteios.com.br/system/CodeIgniter.php(326): CodeIgniter\CodeIgniter->handleRequest(NULL, Object(Config\Cache), false)
#3 /home/rifadaho/osincriveissorteios.com.br/index.php(47): CodeIgniter\CodeIgniter->run()
#4 {main}
CRITICAL - 2023-05-09 22:38:51 --> Too few arguments to function App\Controllers\Api::confirmPaymentCustomer(), 0 passed in /home/rifadaho/osincriveissorteios.com.br/system/CodeIgniter.php on line 832 and exactly 1 expected
#0 /home/rifadaho/osincriveissorteios.com.br/system/CodeIgniter.php(832): App\Controllers\Api->confirmPaymentCustomer()
#1 /home/rifadaho/osincriveissorteios.com.br/system/CodeIgniter.php(419): CodeIgniter\CodeIgniter->runController(Object(App\Controllers\Api))
#2 /home/rifadaho/osincriveissorteios.com.br/system/CodeIgniter.php(326): CodeIgniter\CodeIgniter->handleRequest(NULL, Object(Config\Cache), false)
#3 /home/rifadaho/osincriveissorteios.com.br/index.php(47): CodeIgniter\CodeIgniter->run()
#4 {main}
CRITICAL - 2023-05-09 22:39:30 --> Too few arguments to function App\Controllers\Api::confirmPaymentCustomer(), 0 passed in /home/rifadaho/osincriveissorteios.com.br/system/CodeIgniter.php on line 832 and exactly 1 expected
#0 /home/rifadaho/osincriveissorteios.com.br/system/CodeIgniter.php(832): App\Controllers\Api->confirmPaymentCustomer()
#1 /home/rifadaho/osincriveissorteios.com.br/system/CodeIgniter.php(419): CodeIgniter\CodeIgniter->runController(Object(App\Controllers\Api))
#2 /home/rifadaho/osincriveissorteios.com.br/system/CodeIgniter.php(326): CodeIgniter\CodeIgniter->handleRequest(NULL, Object(Config\Cache), false)
#3 /home/rifadaho/osincriveissorteios.com.br/index.php(47): CodeIgniter\CodeIgniter->run()
#4 {main}
CRITICAL - 2023-05-09 23:26:30 --> Too few arguments to function App\Controllers\Api::confirmPaymentCustomer(), 0 passed in /home/rifadaho/osincriveissorteios.com.br/system/CodeIgniter.php on line 832 and exactly 1 expected
#0 /home/rifadaho/osincriveissorteios.com.br/system/CodeIgniter.php(832): App\Controllers\Api->confirmPaymentCustomer()
#1 /home/rifadaho/osincriveissorteios.com.br/system/CodeIgniter.php(419): CodeIgniter\CodeIgniter->runController(Object(App\Controllers\Api))
#2 /home/rifadaho/osincriveissorteios.com.br/system/CodeIgniter.php(326): CodeIgniter\CodeIgniter->handleRequest(NULL, Object(Config\Cache), false)
#3 /home/rifadaho/osincriveissorteios.com.br/index.php(47): CodeIgniter\CodeIgniter->run()
#4 {main}
CRITICAL - 2023-05-09 23:26:32 --> Too few arguments to function App\Controllers\Api::confirmPaymentCustomer(), 0 passed in /home/rifadaho/osincriveissorteios.com.br/system/CodeIgniter.php on line 832 and exactly 1 expected
#0 /home/rifadaho/osincriveissorteios.com.br/system/CodeIgniter.php(832): App\Controllers\Api->confirmPaymentCustomer()
#1 /home/rifadaho/osincriveissorteios.com.br/system/CodeIgniter.php(419): CodeIgniter\CodeIgniter->runController(Object(App\Controllers\Api))
#2 /home/rifadaho/osincriveissorteios.com.br/system/CodeIgniter.php(326): CodeIgniter\CodeIgniter->handleRequest(NULL, Object(Config\Cache), false)
#3 /home/rifadaho/osincriveissorteios.com.br/index.php(47): CodeIgniter\CodeIgniter->run()
#4 {main}
CRITICAL - 2023-05-09 23:57:15 --> Too few arguments to function App\Controllers\Api::confirmPaymentCustomer(), 0 passed in /home/rifadaho/osincriveissorteios.com.br/system/CodeIgniter.php on line 832 and exactly 1 expected
#0 /home/rifadaho/osincriveissorteios.com.br/system/CodeIgniter.php(832): App\Controllers\Api->confirmPaymentCustomer()
#1 /home/rifadaho/osincriveissorteios.com.br/system/CodeIgniter.php(419): CodeIgniter\CodeIgniter->runController(Object(App\Controllers\Api))
#2 /home/rifadaho/osincriveissorteios.com.br/system/CodeIgniter.php(326): CodeIgniter\CodeIgniter->handleRequest(NULL, Object(Config\Cache), false)
#3 /home/rifadaho/osincriveissorteios.com.br/index.php(47): CodeIgniter\CodeIgniter->run()
#4 {main}
CRITICAL - 2023-05-09 23:58:32 --> Too few arguments to function App\Controllers\Api::confirmPaymentCustomer(), 0 passed in /home/rifadaho/osincriveissorteios.com.br/system/CodeIgniter.php on line 832 and exactly 1 expected
#0 /home/rifadaho/osincriveissorteios.com.br/system/CodeIgniter.php(832): App\Controllers\Api->confirmPaymentCustomer()
#1 /home/rifadaho/osincriveissorteios.com.br/system/CodeIgniter.php(419): CodeIgniter\CodeIgniter->runController(Object(App\Controllers\Api))
#2 /home/rifadaho/osincriveissorteios.com.br/system/CodeIgniter.php(326): CodeIgniter\CodeIgniter->handleRequest(NULL, Object(Config\Cache), false)
#3 /home/rifadaho/osincriveissorteios.com.br/index.php(47): CodeIgniter\CodeIgniter->run()
#4 {main}
