ERROR - 2022-06-21 19:20:41 --> Error connecting to the database: Unknown database 'rifas'
CRITICAL - 2022-06-21 19:20:41 --> Unable to connect to the database.
Main connection [MySQLi]: Unknown database 'rifas'
#0 C:\xampp\htdocs\rifas\system\Database\BaseConnection.php(577): CodeIgniter\Database\BaseConnection->initialize()
#1 C:\xampp\htdocs\rifas\system\Database\BaseBuilder.php(1455): CodeIgniter\Database\BaseConnection->query('SELECT `id`, `s...', Array, false)
#2 C:\xampp\htdocs\rifas\system\Model.php(183): CodeIgniter\Database\BaseBuilder->get()
#3 C:\xampp\htdocs\rifas\system\BaseModel.php(584): CodeIgniter\Model->doFindAll(0, 0)
#4 C:\xampp\htdocs\rifas\app\Controllers\Home.php(22): CodeIgniter\BaseModel->findAll()
#5 C:\xampp\htdocs\rifas\system\CodeIgniter.php(832): App\Controllers\Home->index()
#6 C:\xampp\htdocs\rifas\system\CodeIgniter.php(419): CodeIgniter\CodeIgniter->runController(Object(App\Controllers\Home))
#7 C:\xampp\htdocs\rifas\system\CodeIgniter.php(326): CodeIgniter\CodeIgniter->handleRequest(NULL, Object(Config\Cache), false)
#8 C:\xampp\htdocs\rifas\index.php(37): CodeIgniter\CodeIgniter->run()
#9 {main}
ERROR - 2022-06-21 19:20:46 --> Error connecting to the database: Unknown database 'rifas'
CRITICAL - 2022-06-21 19:20:46 --> Unable to connect to the database.
Main connection [MySQLi]: Unknown database 'rifas'
#0 C:\xampp\htdocs\rifas\system\Database\BaseConnection.php(577): CodeIgniter\Database\BaseConnection->initialize()
#1 C:\xampp\htdocs\rifas\system\Database\BaseBuilder.php(1455): CodeIgniter\Database\BaseConnection->query('SELECT `id`, `s...', Array, false)
#2 C:\xampp\htdocs\rifas\system\Model.php(183): CodeIgniter\Database\BaseBuilder->get()
#3 C:\xampp\htdocs\rifas\system\BaseModel.php(584): CodeIgniter\Model->doFindAll(0, 0)
#4 C:\xampp\htdocs\rifas\app\Controllers\Home.php(22): CodeIgniter\BaseModel->findAll()
#5 C:\xampp\htdocs\rifas\system\CodeIgniter.php(832): App\Controllers\Home->index()
#6 C:\xampp\htdocs\rifas\system\CodeIgniter.php(419): CodeIgniter\CodeIgniter->runController(Object(App\Controllers\Home))
#7 C:\xampp\htdocs\rifas\system\CodeIgniter.php(326): CodeIgniter\CodeIgniter->handleRequest(NULL, Object(Config\Cache), false)
#8 C:\xampp\htdocs\rifas\index.php(37): CodeIgniter\CodeIgniter->run()
#9 {main}
ERROR - 2022-06-21 19:21:44 --> Error connecting to the database: Unknown database 'rifas'
CRITICAL - 2022-06-21 19:21:44 --> Unable to connect to the database.
Main connection [MySQLi]: Unknown database 'rifas'
#0 C:\xampp\htdocs\rifas\system\Database\BaseConnection.php(577): CodeIgniter\Database\BaseConnection->initialize()
#1 C:\xampp\htdocs\rifas\system\Database\BaseBuilder.php(1455): CodeIgniter\Database\BaseConnection->query('SELECT `id`, `s...', Array, false)
#2 C:\xampp\htdocs\rifas\system\Model.php(183): CodeIgniter\Database\BaseBuilder->get()
#3 C:\xampp\htdocs\rifas\system\BaseModel.php(584): CodeIgniter\Model->doFindAll(0, 0)
#4 C:\xampp\htdocs\rifas\app\Controllers\Home.php(22): CodeIgniter\BaseModel->findAll()
#5 C:\xampp\htdocs\rifas\system\CodeIgniter.php(832): App\Controllers\Home->index()
#6 C:\xampp\htdocs\rifas\system\CodeIgniter.php(419): CodeIgniter\CodeIgniter->runController(Object(App\Controllers\Home))
#7 C:\xampp\htdocs\rifas\system\CodeIgniter.php(326): CodeIgniter\CodeIgniter->handleRequest(NULL, Object(Config\Cache), false)
#8 C:\xampp\htdocs\rifas\index.php(37): CodeIgniter\CodeIgniter->run()
#9 {main}
ERROR - 2022-06-21 19:25:37 --> Table 'rifas.raffles' doesn't exist
CRITICAL - 2022-06-21 19:25:37 --> Table 'rifas.raffles' doesn't exist
#0 C:\xampp\htdocs\rifas\system\Database\MySQLi\Connection.php(292): mysqli->query('SELECT `id`, `s...', 0)
#1 C:\xampp\htdocs\rifas\system\Database\BaseConnection.php(670): CodeIgniter\Database\MySQLi\Connection->execute('SELECT `id`, `s...')
#2 C:\xampp\htdocs\rifas\system\Database\BaseConnection.php(598): CodeIgniter\Database\BaseConnection->simpleQuery('SELECT `id`, `s...')
#3 C:\xampp\htdocs\rifas\system\Database\BaseBuilder.php(1455): CodeIgniter\Database\BaseConnection->query('SELECT `id`, `s...', Array, false)
#4 C:\xampp\htdocs\rifas\system\Model.php(183): CodeIgniter\Database\BaseBuilder->get()
#5 C:\xampp\htdocs\rifas\system\BaseModel.php(584): CodeIgniter\Model->doFindAll(0, 0)
#6 C:\xampp\htdocs\rifas\app\Controllers\Home.php(22): CodeIgniter\BaseModel->findAll()
#7 C:\xampp\htdocs\rifas\system\CodeIgniter.php(832): App\Controllers\Home->index()
#8 C:\xampp\htdocs\rifas\system\CodeIgniter.php(419): CodeIgniter\CodeIgniter->runController(Object(App\Controllers\Home))
#9 C:\xampp\htdocs\rifas\system\CodeIgniter.php(326): CodeIgniter\CodeIgniter->handleRequest(NULL, Object(Config\Cache), false)
#10 C:\xampp\htdocs\rifas\index.php(37): CodeIgniter\CodeIgniter->run()
#11 {main}
