CRITICAL - 2022-08-14 13:51:55 --> Undefined variable: title
#0 C:\xampp\htdocs\rifas\app\Views\frontend\partials\header.php(17): CodeIgniter\Debug\Exceptions->errorHandler(8, 'Undefined varia...', 'C:\\xampp\\htdocs...', 17, Array)
#1 C:\xampp\htdocs\rifas\system\View\View.php(210): include('C:\\xampp\\htdocs...')
#2 C:\xampp\htdocs\rifas\system\View\View.php(213): CodeIgniter\View\View->CodeIgniter\View\{closure}()
#3 C:\xampp\htdocs\rifas\system\Common.php(1089): CodeIgniter\View\View->render('frontend/partia...', Array, true)
#4 C:\xampp\htdocs\rifas\app\Controllers\Auth.php(15): view('frontend/partia...', Array)
#5 C:\xampp\htdocs\rifas\system\CodeIgniter.php(832): App\Controllers\Auth->login()
#6 C:\xampp\htdocs\rifas\system\CodeIgniter.php(419): CodeIgniter\CodeIgniter->runController(Object(App\Controllers\Auth))
#7 C:\xampp\htdocs\rifas\system\CodeIgniter.php(326): CodeIgniter\CodeIgniter->handleRequest(NULL, Object(Config\Cache), false)
#8 C:\xampp\htdocs\rifas\index.php(41): CodeIgniter\CodeIgniter->run()
#9 {main}
CRITICAL - 2022-08-14 13:52:18 --> Arquivo inválido: frontend/login.php
#0 C:\xampp\htdocs\rifas\system\View\View.php(198): CodeIgniter\Exceptions\FrameworkException::forInvalidFile('frontend/login....')
#1 C:\xampp\htdocs\rifas\system\Common.php(1089): CodeIgniter\View\View->render('frontend/login', Array, true)
#2 C:\xampp\htdocs\rifas\app\Controllers\Auth.php(18): view('frontend/login', Array)
#3 C:\xampp\htdocs\rifas\system\CodeIgniter.php(832): App\Controllers\Auth->login()
#4 C:\xampp\htdocs\rifas\system\CodeIgniter.php(419): CodeIgniter\CodeIgniter->runController(Object(App\Controllers\Auth))
#5 C:\xampp\htdocs\rifas\system\CodeIgniter.php(326): CodeIgniter\CodeIgniter->handleRequest(NULL, Object(Config\Cache), false)
#6 C:\xampp\htdocs\rifas\index.php(41): CodeIgniter\CodeIgniter->run()
#7 {main}
CRITICAL - 2022-08-14 14:11:22 --> Trying to access array offset on value of type null
#0 C:\xampp\htdocs\rifas\app\Filters\Auth.php(14): CodeIgniter\Debug\Exceptions->errorHandler(8, 'Trying to acces...', 'C:\\xampp\\htdocs...', 14, Array)
#1 C:\xampp\htdocs\rifas\system\Filters\Filters.php(173): App\Filters\Auth->before(Object(CodeIgniter\HTTP\IncomingRequest), NULL)
#2 C:\xampp\htdocs\rifas\system\CodeIgniter.php(393): CodeIgniter\Filters\Filters->run('/admin', 'before')
#3 C:\xampp\htdocs\rifas\system\CodeIgniter.php(326): CodeIgniter\CodeIgniter->handleRequest(NULL, Object(Config\Cache), false)
#4 C:\xampp\htdocs\rifas\index.php(41): CodeIgniter\CodeIgniter->run()
#5 {main}
