ERROR - 2023-03-26 09:47:28 --> Duplicate entry '0' for key 'raffles.PRIMARY'
CRITICAL - 2023-03-26 10:35:19 --> Maximum execution time of 30 seconds exceeded
#0 [internal function]: CodeIgniter\Debug\Exceptions->shutdownHandler()
#1 {main}
ERROR - 2023-03-26 20:06:30 --> Error connecting to the database: Access denied for user '****'@'localhost' (using password: YES)
CRITICAL - 2023-03-26 20:06:30 --> Unable to connect to the database.
Main connection [MySQLi]: Access denied for user '****'@'localhost' (using password: YES)
#0 /home/rifadaho/osincriveissorteios.com.br/system/Database/BaseConnection.php(577): CodeIgniter\Database\BaseConnection->initialize()
#1 /home/rifadaho/osincriveissorteios.com.br/system/Database/BaseBuilder.php(1455): CodeIgniter\Database\BaseConnection->query('SELECT `id`, `s...', Array, false)
#2 /home/rifadaho/osincriveissorteios.com.br/system/Model.php(183): CodeIgniter\Database\BaseBuilder->get()
#3 /home/rifadaho/osincriveissorteios.com.br/system/BaseModel.php(584): CodeIgniter\Model->doFindAll(4, 0)
#4 /home/rifadaho/osincriveissorteios.com.br/app/Controllers/Home.php(51): CodeIgniter\BaseModel->findAll(4)
#5 /home/rifadaho/osincriveissorteios.com.br/system/CodeIgniter.php(832): App\Controllers\Home->index()
#6 /home/rifadaho/osincriveissorteios.com.br/system/CodeIgniter.php(419): CodeIgniter\CodeIgniter->runController(Object(App\Controllers\Home))
#7 /home/rifadaho/osincriveissorteios.com.br/system/CodeIgniter.php(326): CodeIgniter\CodeIgniter->handleRequest(NULL, Object(Config\Cache), false)
#8 /home/rifadaho/osincriveissorteios.com.br/index.php(46): CodeIgniter\CodeIgniter->run()
#9 {main}
ERROR - 2023-03-26 20:57:06 --> MySQL server has gone away
ERROR - 2023-03-26 20:57:06 --> MySQL server has gone away
CRITICAL - 2023-03-26 22:39:07 --> syntax error, unexpected ','
#0 /home/rifadaho/osincriveissorteios.com.br/system/View/View.php(213): CodeIgniter\View\View->CodeIgniter\View\{closure}()
#1 /home/rifadaho/osincriveissorteios.com.br/system/Common.php(1089): CodeIgniter\View\View->render('frontend/home', Array, true)
#2 /home/rifadaho/osincriveissorteios.com.br/app/Controllers/Home.php(97): view('frontend/home', Array)
#3 /home/rifadaho/osincriveissorteios.com.br/system/CodeIgniter.php(832): App\Controllers\Home->index()
#4 /home/rifadaho/osincriveissorteios.com.br/system/CodeIgniter.php(419): CodeIgniter\CodeIgniter->runController(Object(App\Controllers\Home))
#5 /home/rifadaho/osincriveissorteios.com.br/system/CodeIgniter.php(326): CodeIgniter\CodeIgniter->handleRequest(NULL, Object(Config\Cache), false)
#6 /home/rifadaho/osincriveissorteios.com.br/index.php(46): CodeIgniter\CodeIgniter->run()
#7 {main}
CRITICAL - 2023-03-26 22:39:09 --> syntax error, unexpected ','
#0 /home/rifadaho/osincriveissorteios.com.br/system/View/View.php(213): CodeIgniter\View\View->CodeIgniter\View\{closure}()
#1 /home/rifadaho/osincriveissorteios.com.br/system/Common.php(1089): CodeIgniter\View\View->render('frontend/home', Array, true)
#2 /home/rifadaho/osincriveissorteios.com.br/app/Controllers/Home.php(97): view('frontend/home', Array)
#3 /home/rifadaho/osincriveissorteios.com.br/system/CodeIgniter.php(832): App\Controllers\Home->index()
#4 /home/rifadaho/osincriveissorteios.com.br/system/CodeIgniter.php(419): CodeIgniter\CodeIgniter->runController(Object(App\Controllers\Home))
#5 /home/rifadaho/osincriveissorteios.com.br/system/CodeIgniter.php(326): CodeIgniter\CodeIgniter->handleRequest(NULL, Object(Config\Cache), false)
#6 /home/rifadaho/osincriveissorteios.com.br/index.php(46): CodeIgniter\CodeIgniter->run()
#7 {main}
CRITICAL - 2023-03-26 22:40:28 --> syntax error, unexpected '<'
#0 /home/rifadaho/osincriveissorteios.com.br/system/View/View.php(213): CodeIgniter\View\View->CodeIgniter\View\{closure}()
#1 /home/rifadaho/osincriveissorteios.com.br/system/Common.php(1089): CodeIgniter\View\View->render('frontend/home', Array, true)
#2 /home/rifadaho/osincriveissorteios.com.br/app/Controllers/Home.php(97): view('frontend/home', Array)
#3 /home/rifadaho/osincriveissorteios.com.br/system/CodeIgniter.php(832): App\Controllers\Home->index()
#4 /home/rifadaho/osincriveissorteios.com.br/system/CodeIgniter.php(419): CodeIgniter\CodeIgniter->runController(Object(App\Controllers\Home))
#5 /home/rifadaho/osincriveissorteios.com.br/system/CodeIgniter.php(326): CodeIgniter\CodeIgniter->handleRequest(NULL, Object(Config\Cache), false)
#6 /home/rifadaho/osincriveissorteios.com.br/index.php(46): CodeIgniter\CodeIgniter->run()
#7 {main}
CRITICAL - 2023-03-26 22:40:30 --> syntax error, unexpected '<'
#0 /home/rifadaho/osincriveissorteios.com.br/system/View/View.php(213): CodeIgniter\View\View->CodeIgniter\View\{closure}()
#1 /home/rifadaho/osincriveissorteios.com.br/system/Common.php(1089): CodeIgniter\View\View->render('frontend/home', Array, true)
#2 /home/rifadaho/osincriveissorteios.com.br/app/Controllers/Home.php(97): view('frontend/home', Array)
#3 /home/rifadaho/osincriveissorteios.com.br/system/CodeIgniter.php(832): App\Controllers\Home->index()
#4 /home/rifadaho/osincriveissorteios.com.br/system/CodeIgniter.php(419): CodeIgniter\CodeIgniter->runController(Object(App\Controllers\Home))
#5 /home/rifadaho/osincriveissorteios.com.br/system/CodeIgniter.php(326): CodeIgniter\CodeIgniter->handleRequest(NULL, Object(Config\Cache), false)
#6 /home/rifadaho/osincriveissorteios.com.br/index.php(46): CodeIgniter\CodeIgniter->run()
#7 {main}
CRITICAL - 2023-03-26 22:41:01 --> syntax error, unexpected '<'
#0 /home/rifadaho/osincriveissorteios.com.br/system/View/View.php(213): CodeIgniter\View\View->CodeIgniter\View\{closure}()
#1 /home/rifadaho/osincriveissorteios.com.br/system/Common.php(1089): CodeIgniter\View\View->render('frontend/home', Array, true)
#2 /home/rifadaho/osincriveissorteios.com.br/app/Controllers/Home.php(97): view('frontend/home', Array)
#3 /home/rifadaho/osincriveissorteios.com.br/system/CodeIgniter.php(832): App\Controllers\Home->index()
#4 /home/rifadaho/osincriveissorteios.com.br/system/CodeIgniter.php(419): CodeIgniter\CodeIgniter->runController(Object(App\Controllers\Home))
#5 /home/rifadaho/osincriveissorteios.com.br/system/CodeIgniter.php(326): CodeIgniter\CodeIgniter->handleRequest(NULL, Object(Config\Cache), false)
#6 /home/rifadaho/osincriveissorteios.com.br/index.php(46): CodeIgniter\CodeIgniter->run()
#7 {main}
CRITICAL - 2023-03-26 22:41:02 --> syntax error, unexpected '<'
#0 /home/rifadaho/osincriveissorteios.com.br/system/View/View.php(213): CodeIgniter\View\View->CodeIgniter\View\{closure}()
#1 /home/rifadaho/osincriveissorteios.com.br/system/Common.php(1089): CodeIgniter\View\View->render('frontend/home', Array, true)
#2 /home/rifadaho/osincriveissorteios.com.br/app/Controllers/Home.php(97): view('frontend/home', Array)
#3 /home/rifadaho/osincriveissorteios.com.br/system/CodeIgniter.php(832): App\Controllers\Home->index()
#4 /home/rifadaho/osincriveissorteios.com.br/system/CodeIgniter.php(419): CodeIgniter\CodeIgniter->runController(Object(App\Controllers\Home))
#5 /home/rifadaho/osincriveissorteios.com.br/system/CodeIgniter.php(326): CodeIgniter\CodeIgniter->handleRequest(NULL, Object(Config\Cache), false)
#6 /home/rifadaho/osincriveissorteios.com.br/index.php(46): CodeIgniter\CodeIgniter->run()
#7 {main}
CRITICAL - 2023-03-26 22:42:24 --> syntax error, unexpected '<'
#0 /home/rifadaho/osincriveissorteios.com.br/system/View/View.php(213): CodeIgniter\View\View->CodeIgniter\View\{closure}()
#1 /home/rifadaho/osincriveissorteios.com.br/system/Common.php(1089): CodeIgniter\View\View->render('frontend/home', Array, true)
#2 /home/rifadaho/osincriveissorteios.com.br/app/Controllers/Home.php(97): view('frontend/home', Array)
#3 /home/rifadaho/osincriveissorteios.com.br/system/CodeIgniter.php(832): App\Controllers\Home->index()
#4 /home/rifadaho/osincriveissorteios.com.br/system/CodeIgniter.php(419): CodeIgniter\CodeIgniter->runController(Object(App\Controllers\Home))
#5 /home/rifadaho/osincriveissorteios.com.br/system/CodeIgniter.php(326): CodeIgniter\CodeIgniter->handleRequest(NULL, Object(Config\Cache), false)
#6 /home/rifadaho/osincriveissorteios.com.br/index.php(46): CodeIgniter\CodeIgniter->run()
#7 {main}
CRITICAL - 2023-03-26 22:42:54 --> syntax error, unexpected 'echo' (T_ECHO)
#0 /home/rifadaho/osincriveissorteios.com.br/system/View/View.php(213): CodeIgniter\View\View->CodeIgniter\View\{closure}()
#1 /home/rifadaho/osincriveissorteios.com.br/system/Common.php(1089): CodeIgniter\View\View->render('frontend/home', Array, true)
#2 /home/rifadaho/osincriveissorteios.com.br/app/Controllers/Home.php(97): view('frontend/home', Array)
#3 /home/rifadaho/osincriveissorteios.com.br/system/CodeIgniter.php(832): App\Controllers\Home->index()
#4 /home/rifadaho/osincriveissorteios.com.br/system/CodeIgniter.php(419): CodeIgniter\CodeIgniter->runController(Object(App\Controllers\Home))
#5 /home/rifadaho/osincriveissorteios.com.br/system/CodeIgniter.php(326): CodeIgniter\CodeIgniter->handleRequest(NULL, Object(Config\Cache), false)
#6 /home/rifadaho/osincriveissorteios.com.br/index.php(46): CodeIgniter\CodeIgniter->run()
#7 {main}
CRITICAL - 2023-03-26 22:42:55 --> syntax error, unexpected 'echo' (T_ECHO)
#0 /home/rifadaho/osincriveissorteios.com.br/system/View/View.php(213): CodeIgniter\View\View->CodeIgniter\View\{closure}()
#1 /home/rifadaho/osincriveissorteios.com.br/system/Common.php(1089): CodeIgniter\View\View->render('frontend/home', Array, true)
#2 /home/rifadaho/osincriveissorteios.com.br/app/Controllers/Home.php(97): view('frontend/home', Array)
#3 /home/rifadaho/osincriveissorteios.com.br/system/CodeIgniter.php(832): App\Controllers\Home->index()
#4 /home/rifadaho/osincriveissorteios.com.br/system/CodeIgniter.php(419): CodeIgniter\CodeIgniter->runController(Object(App\Controllers\Home))
#5 /home/rifadaho/osincriveissorteios.com.br/system/CodeIgniter.php(326): CodeIgniter\CodeIgniter->handleRequest(NULL, Object(Config\Cache), false)
#6 /home/rifadaho/osincriveissorteios.com.br/index.php(46): CodeIgniter\CodeIgniter->run()
#7 {main}
CRITICAL - 2023-03-26 22:42:58 --> Maximum execution time of 90 seconds exceeded
#0 [internal function]: CodeIgniter\Debug\Exceptions->shutdownHandler()
#1 {main}
CRITICAL - 2023-03-26 22:45:55 --> syntax error, unexpected '<'
#0 /home/rifadaho/osincriveissorteios.com.br/system/View/View.php(213): CodeIgniter\View\View->CodeIgniter\View\{closure}()
#1 /home/rifadaho/osincriveissorteios.com.br/system/Common.php(1089): CodeIgniter\View\View->render('frontend/home', Array, true)
#2 /home/rifadaho/osincriveissorteios.com.br/app/Controllers/Home.php(97): view('frontend/home', Array)
#3 /home/rifadaho/osincriveissorteios.com.br/system/CodeIgniter.php(832): App\Controllers\Home->index()
#4 /home/rifadaho/osincriveissorteios.com.br/system/CodeIgniter.php(419): CodeIgniter\CodeIgniter->runController(Object(App\Controllers\Home))
#5 /home/rifadaho/osincriveissorteios.com.br/system/CodeIgniter.php(326): CodeIgniter\CodeIgniter->handleRequest(NULL, Object(Config\Cache), false)
#6 /home/rifadaho/osincriveissorteios.com.br/index.php(46): CodeIgniter\CodeIgniter->run()
#7 {main}
CRITICAL - 2023-03-26 22:45:57 --> syntax error, unexpected '<'
#0 /home/rifadaho/osincriveissorteios.com.br/system/View/View.php(213): CodeIgniter\View\View->CodeIgniter\View\{closure}()
#1 /home/rifadaho/osincriveissorteios.com.br/system/Common.php(1089): CodeIgniter\View\View->render('frontend/home', Array, true)
#2 /home/rifadaho/osincriveissorteios.com.br/app/Controllers/Home.php(97): view('frontend/home', Array)
#3 /home/rifadaho/osincriveissorteios.com.br/system/CodeIgniter.php(832): App\Controllers\Home->index()
#4 /home/rifadaho/osincriveissorteios.com.br/system/CodeIgniter.php(419): CodeIgniter\CodeIgniter->runController(Object(App\Controllers\Home))
#5 /home/rifadaho/osincriveissorteios.com.br/system/CodeIgniter.php(326): CodeIgniter\CodeIgniter->handleRequest(NULL, Object(Config\Cache), false)
#6 /home/rifadaho/osincriveissorteios.com.br/index.php(46): CodeIgniter\CodeIgniter->run()
#7 {main}
CRITICAL - 2023-03-26 22:46:39 --> syntax error, unexpected '>'
#0 /home/rifadaho/osincriveissorteios.com.br/system/View/View.php(213): CodeIgniter\View\View->CodeIgniter\View\{closure}()
#1 /home/rifadaho/osincriveissorteios.com.br/system/Common.php(1089): CodeIgniter\View\View->render('frontend/home', Array, true)
#2 /home/rifadaho/osincriveissorteios.com.br/app/Controllers/Home.php(97): view('frontend/home', Array)
#3 /home/rifadaho/osincriveissorteios.com.br/system/CodeIgniter.php(832): App\Controllers\Home->index()
#4 /home/rifadaho/osincriveissorteios.com.br/system/CodeIgniter.php(419): CodeIgniter\CodeIgniter->runController(Object(App\Controllers\Home))
#5 /home/rifadaho/osincriveissorteios.com.br/system/CodeIgniter.php(326): CodeIgniter\CodeIgniter->handleRequest(NULL, Object(Config\Cache), false)
#6 /home/rifadaho/osincriveissorteios.com.br/index.php(46): CodeIgniter\CodeIgniter->run()
#7 {main}
CRITICAL - 2023-03-26 22:46:40 --> syntax error, unexpected '>'
#0 /home/rifadaho/osincriveissorteios.com.br/system/View/View.php(213): CodeIgniter\View\View->CodeIgniter\View\{closure}()
#1 /home/rifadaho/osincriveissorteios.com.br/system/Common.php(1089): CodeIgniter\View\View->render('frontend/home', Array, true)
#2 /home/rifadaho/osincriveissorteios.com.br/app/Controllers/Home.php(97): view('frontend/home', Array)
#3 /home/rifadaho/osincriveissorteios.com.br/system/CodeIgniter.php(832): App\Controllers\Home->index()
#4 /home/rifadaho/osincriveissorteios.com.br/system/CodeIgniter.php(419): CodeIgniter\CodeIgniter->runController(Object(App\Controllers\Home))
#5 /home/rifadaho/osincriveissorteios.com.br/system/CodeIgniter.php(326): CodeIgniter\CodeIgniter->handleRequest(NULL, Object(Config\Cache), false)
#6 /home/rifadaho/osincriveissorteios.com.br/index.php(46): CodeIgniter\CodeIgniter->run()
#7 {main}
CRITICAL - 2023-03-26 23:11:24 --> Namespace declaration statement has to be the very first statement or after any declare call in the script
#0 [internal function]: CodeIgniter\Debug\Exceptions->shutdownHandler()
#1 {main}
CRITICAL - 2023-03-26 23:12:19 --> Namespace declaration statement has to be the very first statement or after any declare call in the script
#0 [internal function]: CodeIgniter\Debug\Exceptions->shutdownHandler()
#1 {main}
CRITICAL - 2023-03-26 23:12:40 --> Namespace declaration statement has to be the very first statement or after any declare call in the script
#0 [internal function]: CodeIgniter\Debug\Exceptions->shutdownHandler()
#1 {main}
CRITICAL - 2023-03-26 23:14:08 --> Namespace declaration statement has to be the very first statement or after any declare call in the script
#0 [internal function]: CodeIgniter\Debug\Exceptions->shutdownHandler()
#1 {main}
CRITICAL - 2023-03-26 23:14:29 --> Namespace declaration statement has to be the very first statement or after any declare call in the script
#0 [internal function]: CodeIgniter\Debug\Exceptions->shutdownHandler()
#1 {main}
CRITICAL - 2023-03-26 23:14:34 --> Namespace declaration statement has to be the very first statement or after any declare call in the script
#0 [internal function]: CodeIgniter\Debug\Exceptions->shutdownHandler()
#1 {main}
CRITICAL - 2023-03-26 23:14:37 --> Namespace declaration statement has to be the very first statement or after any declare call in the script
#0 [internal function]: CodeIgniter\Debug\Exceptions->shutdownHandler()
#1 {main}
CRITICAL - 2023-03-26 23:14:42 --> Namespace declaration statement has to be the very first statement or after any declare call in the script
#0 [internal function]: CodeIgniter\Debug\Exceptions->shutdownHandler()
#1 {main}
CRITICAL - 2023-03-26 23:14:45 --> Namespace declaration statement has to be the very first statement or after any declare call in the script
#0 [internal function]: CodeIgniter\Debug\Exceptions->shutdownHandler()
#1 {main}
CRITICAL - 2023-03-26 23:14:48 --> Namespace declaration statement has to be the very first statement or after any declare call in the script
#0 [internal function]: CodeIgniter\Debug\Exceptions->shutdownHandler()
#1 {main}
CRITICAL - 2023-03-26 23:15:25 --> Namespace declaration statement has to be the very first statement or after any declare call in the script
#0 [internal function]: CodeIgniter\Debug\Exceptions->shutdownHandler()
#1 {main}
CRITICAL - 2023-03-26 23:17:00 --> syntax error, unexpected 'var_dump' (T_STRING)
#0 /home/rifadaho/osincriveissorteios.com.br/system/Autoloader/Autoloader.php(241): CodeIgniter\Autoloader\Autoloader->includeFile('/home/rifadaho/...')
#1 /home/rifadaho/osincriveissorteios.com.br/system/Autoloader/Autoloader.php(219): CodeIgniter\Autoloader\Autoloader->loadInNamespace('App\\Controllers...')
#2 [internal function]: CodeIgniter\Autoloader\Autoloader->loadClass('App\\Controllers...')
#3 [internal function]: spl_autoload_call('App\\Controllers...')
#4 /home/rifadaho/osincriveissorteios.com.br/system/CodeIgniter.php(797): class_exists('\\App\\Controller...', true)
#5 /home/rifadaho/osincriveissorteios.com.br/system/CodeIgniter.php(406): CodeIgniter\CodeIgniter->startController()
#6 /home/rifadaho/osincriveissorteios.com.br/system/CodeIgniter.php(326): CodeIgniter\CodeIgniter->handleRequest(NULL, Object(Config\Cache), false)
#7 /home/rifadaho/osincriveissorteios.com.br/index.php(46): CodeIgniter\CodeIgniter->run()
#8 {main}
CRITICAL - 2023-03-26 23:17:07 --> syntax error, unexpected 'var_dump' (T_STRING)
#0 /home/rifadaho/osincriveissorteios.com.br/system/Autoloader/Autoloader.php(241): CodeIgniter\Autoloader\Autoloader->includeFile('/home/rifadaho/...')
#1 /home/rifadaho/osincriveissorteios.com.br/system/Autoloader/Autoloader.php(219): CodeIgniter\Autoloader\Autoloader->loadInNamespace('App\\Controllers...')
#2 [internal function]: CodeIgniter\Autoloader\Autoloader->loadClass('App\\Controllers...')
#3 [internal function]: spl_autoload_call('App\\Controllers...')
#4 /home/rifadaho/osincriveissorteios.com.br/system/CodeIgniter.php(797): class_exists('\\App\\Controller...', true)
#5 /home/rifadaho/osincriveissorteios.com.br/system/CodeIgniter.php(406): CodeIgniter\CodeIgniter->startController()
#6 /home/rifadaho/osincriveissorteios.com.br/system/CodeIgniter.php(326): CodeIgniter\CodeIgniter->handleRequest(NULL, Object(Config\Cache), false)
#7 /home/rifadaho/osincriveissorteios.com.br/index.php(46): CodeIgniter\CodeIgniter->run()
#8 {main}
CRITICAL - 2023-03-26 23:17:10 --> syntax error, unexpected 'var_dump' (T_STRING)
#0 /home/rifadaho/osincriveissorteios.com.br/system/Autoloader/Autoloader.php(241): CodeIgniter\Autoloader\Autoloader->includeFile('/home/rifadaho/...')
#1 /home/rifadaho/osincriveissorteios.com.br/system/Autoloader/Autoloader.php(219): CodeIgniter\Autoloader\Autoloader->loadInNamespace('App\\Controllers...')
#2 [internal function]: CodeIgniter\Autoloader\Autoloader->loadClass('App\\Controllers...')
#3 [internal function]: spl_autoload_call('App\\Controllers...')
#4 /home/rifadaho/osincriveissorteios.com.br/system/CodeIgniter.php(797): class_exists('\\App\\Controller...', true)
#5 /home/rifadaho/osincriveissorteios.com.br/system/CodeIgniter.php(406): CodeIgniter\CodeIgniter->startController()
#6 /home/rifadaho/osincriveissorteios.com.br/system/CodeIgniter.php(326): CodeIgniter\CodeIgniter->handleRequest(NULL, Object(Config\Cache), false)
#7 /home/rifadaho/osincriveissorteios.com.br/index.php(46): CodeIgniter\CodeIgniter->run()
#8 {main}
CRITICAL - 2023-03-26 23:17:13 --> syntax error, unexpected 'var_dump' (T_STRING)
#0 /home/rifadaho/osincriveissorteios.com.br/system/Autoloader/Autoloader.php(241): CodeIgniter\Autoloader\Autoloader->includeFile('/home/rifadaho/...')
#1 /home/rifadaho/osincriveissorteios.com.br/system/Autoloader/Autoloader.php(219): CodeIgniter\Autoloader\Autoloader->loadInNamespace('App\\Controllers...')
#2 [internal function]: CodeIgniter\Autoloader\Autoloader->loadClass('App\\Controllers...')
#3 [internal function]: spl_autoload_call('App\\Controllers...')
#4 /home/rifadaho/osincriveissorteios.com.br/system/CodeIgniter.php(797): class_exists('\\App\\Controller...', true)
#5 /home/rifadaho/osincriveissorteios.com.br/system/CodeIgniter.php(406): CodeIgniter\CodeIgniter->startController()
#6 /home/rifadaho/osincriveissorteios.com.br/system/CodeIgniter.php(326): CodeIgniter\CodeIgniter->handleRequest(NULL, Object(Config\Cache), false)
#7 /home/rifadaho/osincriveissorteios.com.br/index.php(46): CodeIgniter\CodeIgniter->run()
#8 {main}
CRITICAL - 2023-03-26 23:17:15 --> syntax error, unexpected 'var_dump' (T_STRING)
#0 /home/rifadaho/osincriveissorteios.com.br/system/Autoloader/Autoloader.php(241): CodeIgniter\Autoloader\Autoloader->includeFile('/home/rifadaho/...')
#1 /home/rifadaho/osincriveissorteios.com.br/system/Autoloader/Autoloader.php(219): CodeIgniter\Autoloader\Autoloader->loadInNamespace('App\\Controllers...')
#2 [internal function]: CodeIgniter\Autoloader\Autoloader->loadClass('App\\Controllers...')
#3 [internal function]: spl_autoload_call('App\\Controllers...')
#4 /home/rifadaho/osincriveissorteios.com.br/system/CodeIgniter.php(797): class_exists('\\App\\Controller...', true)
#5 /home/rifadaho/osincriveissorteios.com.br/system/CodeIgniter.php(406): CodeIgniter\CodeIgniter->startController()
#6 /home/rifadaho/osincriveissorteios.com.br/system/CodeIgniter.php(326): CodeIgniter\CodeIgniter->handleRequest(NULL, Object(Config\Cache), false)
#7 /home/rifadaho/osincriveissorteios.com.br/index.php(46): CodeIgniter\CodeIgniter->run()
#8 {main}
