CRITICAL - 2023-05-19 01:20:16 --> Too few arguments to function App\Controllers\Api::confirmPaymentCustomer(), 0 passed in /home/rifadaho/osincriveissorteios.com.br/system/CodeIgniter.php on line 832 and exactly 1 expected
#0 /home/rifadaho/osincriveissorteios.com.br/system/CodeIgniter.php(832): App\Controllers\Api->confirmPaymentCustomer()
#1 /home/rifadaho/osincriveissorteios.com.br/system/CodeIgniter.php(419): CodeIgniter\CodeIgniter->runController(Object(App\Controllers\Api))
#2 /home/rifadaho/osincriveissorteios.com.br/system/CodeIgniter.php(326): CodeIgniter\CodeIgniter->handleRequest(NULL, Object(Config\Cache), false)
#3 /home/rifadaho/osincriveissorteios.com.br/index.php(47): CodeIgniter\CodeIgniter->run()
#4 {main}
CRITICAL - 2023-05-19 01:20:32 --> Too few arguments to function App\Controllers\Api::confirmPaymentCustomer(), 0 passed in /home/rifadaho/osincriveissorteios.com.br/system/CodeIgniter.php on line 832 and exactly 1 expected
#0 /home/rifadaho/osincriveissorteios.com.br/system/CodeIgniter.php(832): App\Controllers\Api->confirmPaymentCustomer()
#1 /home/rifadaho/osincriveissorteios.com.br/system/CodeIgniter.php(419): CodeIgniter\CodeIgniter->runController(Object(App\Controllers\Api))
#2 /home/rifadaho/osincriveissorteios.com.br/system/CodeIgniter.php(326): CodeIgniter\CodeIgniter->handleRequest(NULL, Object(Config\Cache), false)
#3 /home/rifadaho/osincriveissorteios.com.br/index.php(47): CodeIgniter\CodeIgniter->run()
#4 {main}
CRITICAL - 2023-05-19 12:07:12 --> Cannot use object of type stdClass as array
#0 /home/rifadaho/osincriveissorteios.com.br/system/CodeIgniter.php(832): App\Controllers\Dashboard->orders()
#1 /home/rifadaho/osincriveissorteios.com.br/system/CodeIgniter.php(419): CodeIgniter\CodeIgniter->runController(Object(App\Controllers\Dashboard))
#2 /home/rifadaho/osincriveissorteios.com.br/system/CodeIgniter.php(326): CodeIgniter\CodeIgniter->handleRequest(NULL, Object(Config\Cache), false)
#3 /home/rifadaho/osincriveissorteios.com.br/index.php(47): CodeIgniter\CodeIgniter->run()
#4 {main}
CRITICAL - 2023-05-19 12:09:06 --> Cannot use object of type stdClass as array
#0 /home/rifadaho/osincriveissorteios.com.br/system/CodeIgniter.php(832): App\Controllers\Dashboard->orders()
#1 /home/rifadaho/osincriveissorteios.com.br/system/CodeIgniter.php(419): CodeIgniter\CodeIgniter->runController(Object(App\Controllers\Dashboard))
#2 /home/rifadaho/osincriveissorteios.com.br/system/CodeIgniter.php(326): CodeIgniter\CodeIgniter->handleRequest(NULL, Object(Config\Cache), false)
#3 /home/rifadaho/osincriveissorteios.com.br/index.php(47): CodeIgniter\CodeIgniter->run()
#4 {main}
CRITICAL - 2023-05-19 12:09:17 --> Cannot use object of type stdClass as array
#0 /home/rifadaho/osincriveissorteios.com.br/system/CodeIgniter.php(832): App\Controllers\Dashboard->raffles()
#1 /home/rifadaho/osincriveissorteios.com.br/system/CodeIgniter.php(419): CodeIgniter\CodeIgniter->runController(Object(App\Controllers\Dashboard))
#2 /home/rifadaho/osincriveissorteios.com.br/system/CodeIgniter.php(326): CodeIgniter\CodeIgniter->handleRequest(NULL, Object(Config\Cache), false)
#3 /home/rifadaho/osincriveissorteios.com.br/index.php(47): CodeIgniter\CodeIgniter->run()
#4 {main}
CRITICAL - 2023-05-19 12:30:54 --> Cannot use object of type stdClass as array
#0 /home/rifadaho/osincriveissorteios.com.br/system/CodeIgniter.php(832): App\Controllers\Dashboard->orders()
#1 /home/rifadaho/osincriveissorteios.com.br/system/CodeIgniter.php(419): CodeIgniter\CodeIgniter->runController(Object(App\Controllers\Dashboard))
#2 /home/rifadaho/osincriveissorteios.com.br/system/CodeIgniter.php(326): CodeIgniter\CodeIgniter->handleRequest(NULL, Object(Config\Cache), false)
#3 /home/rifadaho/osincriveissorteios.com.br/index.php(47): CodeIgniter\CodeIgniter->run()
#4 {main}
ERROR - 2023-05-19 12:45:14 --> You have an error in your SQL syntax; check the manual that corresponds to your MariaDB server version for the right syntax to use near '=' at line 3
CRITICAL - 2023-05-19 12:45:14 --> Call to a member function getResult() on bool
#0 /home/rifadaho/osincriveissorteios.com.br/system/BaseModel.php(584): CodeIgniter\Model->doFindAll(0, 0)
#1 /home/rifadaho/osincriveissorteios.com.br/app/Controllers/Home.php(139): CodeIgniter\BaseModel->findAll()
#2 /home/rifadaho/osincriveissorteios.com.br/app/Controllers/Home.php(20): App\Controllers\Home->checkExpires()
#3 /home/rifadaho/osincriveissorteios.com.br/system/CodeIgniter.php(832): App\Controllers\Home->index()
#4 /home/rifadaho/osincriveissorteios.com.br/system/CodeIgniter.php(419): CodeIgniter\CodeIgniter->runController(Object(App\Controllers\Home))
#5 /home/rifadaho/osincriveissorteios.com.br/system/CodeIgniter.php(326): CodeIgniter\CodeIgniter->handleRequest(NULL, Object(Config\Cache), false)
#6 /home/rifadaho/osincriveissorteios.com.br/index.php(47): CodeIgniter\CodeIgniter->run()
#7 {main}
ERROR - 2023-05-19 12:45:39 --> You have an error in your SQL syntax; check the manual that corresponds to your MariaDB server version for the right syntax to use near '=' at line 3
CRITICAL - 2023-05-19 12:45:39 --> Call to a member function getResult() on bool
#0 /home/rifadaho/osincriveissorteios.com.br/system/BaseModel.php(584): CodeIgniter\Model->doFindAll(0, 0)
#1 /home/rifadaho/osincriveissorteios.com.br/app/Controllers/Home.php(139): CodeIgniter\BaseModel->findAll()
#2 /home/rifadaho/osincriveissorteios.com.br/app/Controllers/Home.php(20): App\Controllers\Home->checkExpires()
#3 /home/rifadaho/osincriveissorteios.com.br/system/CodeIgniter.php(832): App\Controllers\Home->index()
#4 /home/rifadaho/osincriveissorteios.com.br/system/CodeIgniter.php(419): CodeIgniter\CodeIgniter->runController(Object(App\Controllers\Home))
#5 /home/rifadaho/osincriveissorteios.com.br/system/CodeIgniter.php(326): CodeIgniter\CodeIgniter->handleRequest(NULL, Object(Config\Cache), false)
#6 /home/rifadaho/osincriveissorteios.com.br/index.php(47): CodeIgniter\CodeIgniter->run()
#7 {main}
ERROR - 2023-05-19 12:45:48 --> You have an error in your SQL syntax; check the manual that corresponds to your MariaDB server version for the right syntax to use near '=' at line 3
ERROR - 2023-05-19 12:48:40 --> MySQL server has gone away
ERROR - 2023-05-19 12:48:40 --> MySQL server has gone away
CRITICAL - 2023-05-19 12:48:40 --> Call to a member function getFirstRow() on bool
#0 /home/rifadaho/osincriveissorteios.com.br/system/BaseModel.php(622): CodeIgniter\Model->doFirst()
#1 /home/rifadaho/osincriveissorteios.com.br/app/Controllers/Home.php(1149): CodeIgniter\BaseModel->first()
#2 /home/rifadaho/osincriveissorteios.com.br/app/Controllers/Home.php(1129): App\Controllers\Home->setRafflePercent('58')
#3 /home/rifadaho/osincriveissorteios.com.br/app/Controllers/Home.php(143): App\Controllers\Home->cancelaOrdem('81')
#4 /home/rifadaho/osincriveissorteios.com.br/app/Controllers/Home.php(20): App\Controllers\Home->checkExpires()
#5 /home/rifadaho/osincriveissorteios.com.br/system/CodeIgniter.php(832): App\Controllers\Home->index()
#6 /home/rifadaho/osincriveissorteios.com.br/system/CodeIgniter.php(419): CodeIgniter\CodeIgniter->runController(Object(App\Controllers\Home))
#7 /home/rifadaho/osincriveissorteios.com.br/system/CodeIgniter.php(326): CodeIgniter\CodeIgniter->handleRequest(NULL, Object(Config\Cache), false)
#8 /home/rifadaho/osincriveissorteios.com.br/index.php(47): CodeIgniter\CodeIgniter->run()
#9 {main}
ERROR - 2023-05-19 12:49:10 --> MySQL server has gone away
ERROR - 2023-05-19 12:49:10 --> MySQL server has gone away
CRITICAL - 2023-05-19 12:49:10 --> Call to a member function getFirstRow() on bool
#0 /home/rifadaho/osincriveissorteios.com.br/system/BaseModel.php(622): CodeIgniter\Model->doFirst()
#1 /home/rifadaho/osincriveissorteios.com.br/app/Controllers/Home.php(1149): CodeIgniter\BaseModel->first()
#2 /home/rifadaho/osincriveissorteios.com.br/app/Controllers/Home.php(1129): App\Controllers\Home->setRafflePercent('58')
#3 /home/rifadaho/osincriveissorteios.com.br/app/Controllers/Home.php(143): App\Controllers\Home->cancelaOrdem('81')
#4 /home/rifadaho/osincriveissorteios.com.br/app/Controllers/Home.php(20): App\Controllers\Home->checkExpires()
#5 /home/rifadaho/osincriveissorteios.com.br/system/CodeIgniter.php(832): App\Controllers\Home->index()
#6 /home/rifadaho/osincriveissorteios.com.br/system/CodeIgniter.php(419): CodeIgniter\CodeIgniter->runController(Object(App\Controllers\Home))
#7 /home/rifadaho/osincriveissorteios.com.br/system/CodeIgniter.php(326): CodeIgniter\CodeIgniter->handleRequest(NULL, Object(Config\Cache), false)
#8 /home/rifadaho/osincriveissorteios.com.br/index.php(47): CodeIgniter\CodeIgniter->run()
#9 {main}
ERROR - 2023-05-19 12:50:24 --> MySQL server has gone away
ERROR - 2023-05-19 12:50:24 --> MySQL server has gone away
CRITICAL - 2023-05-19 12:50:24 --> Call to a member function getFirstRow() on bool
#0 /home/rifadaho/osincriveissorteios.com.br/system/BaseModel.php(622): CodeIgniter\Model->doFirst()
#1 /home/rifadaho/osincriveissorteios.com.br/app/Controllers/Home.php(1149): CodeIgniter\BaseModel->first()
#2 /home/rifadaho/osincriveissorteios.com.br/app/Controllers/Home.php(1129): App\Controllers\Home->setRafflePercent('58')
#3 /home/rifadaho/osincriveissorteios.com.br/app/Controllers/Home.php(143): App\Controllers\Home->cancelaOrdem('81')
#4 /home/rifadaho/osincriveissorteios.com.br/app/Controllers/Home.php(20): App\Controllers\Home->checkExpires()
#5 /home/rifadaho/osincriveissorteios.com.br/system/CodeIgniter.php(832): App\Controllers\Home->index()
#6 /home/rifadaho/osincriveissorteios.com.br/system/CodeIgniter.php(419): CodeIgniter\CodeIgniter->runController(Object(App\Controllers\Home))
#7 /home/rifadaho/osincriveissorteios.com.br/system/CodeIgniter.php(326): CodeIgniter\CodeIgniter->handleRequest(NULL, Object(Config\Cache), false)
#8 /home/rifadaho/osincriveissorteios.com.br/index.php(47): CodeIgniter\CodeIgniter->run()
#9 {main}
ERROR - 2023-05-19 12:52:37 --> MySQL server has gone away
ERROR - 2023-05-19 12:52:37 --> MySQL server has gone away
ERROR - 2023-05-19 12:52:37 --> MySQL server has gone away
ERROR - 2023-05-19 12:52:37 --> MySQL server has gone away
ERROR - 2023-05-19 12:52:37 --> MySQL server has gone away
ERROR - 2023-05-19 12:52:37 --> MySQL server has gone away
ERROR - 2023-05-19 12:52:37 --> MySQL server has gone away
ERROR - 2023-05-19 12:52:37 --> MySQL server has gone away
ERROR - 2023-05-19 12:52:37 --> MySQL server has gone away
ERROR - 2023-05-19 12:52:37 --> MySQL server has gone away
ERROR - 2023-05-19 12:52:37 --> MySQL server has gone away
ERROR - 2023-05-19 12:52:37 --> MySQL server has gone away
ERROR - 2023-05-19 12:52:37 --> MySQL server has gone away
ERROR - 2023-05-19 12:52:37 --> MySQL server has gone away
ERROR - 2023-05-19 12:52:37 --> MySQL server has gone away
ERROR - 2023-05-19 12:52:37 --> MySQL server has gone away
ERROR - 2023-05-19 12:52:37 --> MySQL server has gone away
ERROR - 2023-05-19 12:52:37 --> MySQL server has gone away
ERROR - 2023-05-19 12:52:37 --> MySQL server has gone away
ERROR - 2023-05-19 12:52:37 --> MySQL server has gone away
CRITICAL - 2023-05-19 12:52:37 --> Call to a member function getResult() on bool
#0 /home/rifadaho/osincriveissorteios.com.br/system/BaseModel.php(584): CodeIgniter\Model->doFindAll(0, 0)
#1 /home/rifadaho/osincriveissorteios.com.br/app/Controllers/Home.php(52): CodeIgniter\BaseModel->findAll()
#2 /home/rifadaho/osincriveissorteios.com.br/system/CodeIgniter.php(832): App\Controllers\Home->index()
#3 /home/rifadaho/osincriveissorteios.com.br/system/CodeIgniter.php(419): CodeIgniter\CodeIgniter->runController(Object(App\Controllers\Home))
#4 /home/rifadaho/osincriveissorteios.com.br/system/CodeIgniter.php(326): CodeIgniter\CodeIgniter->handleRequest(NULL, Object(Config\Cache), false)
#5 /home/rifadaho/osincriveissorteios.com.br/index.php(47): CodeIgniter\CodeIgniter->run()
#6 {main}
CRITICAL - 2023-05-19 12:58:19 --> Cannot use object of type stdClass as array
#0 /home/rifadaho/osincriveissorteios.com.br/system/CodeIgniter.php(832): App\Controllers\Dashboard->raffles()
#1 /home/rifadaho/osincriveissorteios.com.br/system/CodeIgniter.php(419): CodeIgniter\CodeIgniter->runController(Object(App\Controllers\Dashboard))
#2 /home/rifadaho/osincriveissorteios.com.br/system/CodeIgniter.php(326): CodeIgniter\CodeIgniter->handleRequest(NULL, Object(Config\Cache), false)
#3 /home/rifadaho/osincriveissorteios.com.br/index.php(47): CodeIgniter\CodeIgniter->run()
#4 {main}
CRITICAL - 2023-05-19 12:58:22 --> Cannot use object of type stdClass as array
#0 /home/rifadaho/osincriveissorteios.com.br/system/CodeIgniter.php(832): App\Controllers\Dashboard->raffles()
#1 /home/rifadaho/osincriveissorteios.com.br/system/CodeIgniter.php(419): CodeIgniter\CodeIgniter->runController(Object(App\Controllers\Dashboard))
#2 /home/rifadaho/osincriveissorteios.com.br/system/CodeIgniter.php(326): CodeIgniter\CodeIgniter->handleRequest(NULL, Object(Config\Cache), false)
#3 /home/rifadaho/osincriveissorteios.com.br/index.php(47): CodeIgniter\CodeIgniter->run()
#4 {main}
CRITICAL - 2023-05-19 13:01:30 --> Use of undefined constant orders - assumed 'orders' (this will throw an Error in a future version of PHP)
#0 /home/rifadaho/osincriveissorteios.com.br/app/Controllers/Dashboard.php(163): CodeIgniter\Debug\Exceptions->errorHandler(2, 'Use of undefine...', '/home/rifadaho/...', 163, Array)
#1 /home/rifadaho/osincriveissorteios.com.br/system/CodeIgniter.php(832): App\Controllers\Dashboard->orders()
#2 /home/rifadaho/osincriveissorteios.com.br/system/CodeIgniter.php(419): CodeIgniter\CodeIgniter->runController(Object(App\Controllers\Dashboard))
#3 /home/rifadaho/osincriveissorteios.com.br/system/CodeIgniter.php(326): CodeIgniter\CodeIgniter->handleRequest(NULL, Object(Config\Cache), false)
#4 /home/rifadaho/osincriveissorteios.com.br/index.php(47): CodeIgniter\CodeIgniter->run()
#5 {main}
CRITICAL - 2023-05-19 13:01:40 --> Use of undefined constant orders - assumed 'orders' (this will throw an Error in a future version of PHP)
#0 /home/rifadaho/osincriveissorteios.com.br/app/Controllers/Dashboard.php(163): CodeIgniter\Debug\Exceptions->errorHandler(2, 'Use of undefine...', '/home/rifadaho/...', 163, Array)
#1 /home/rifadaho/osincriveissorteios.com.br/system/CodeIgniter.php(832): App\Controllers\Dashboard->orders()
#2 /home/rifadaho/osincriveissorteios.com.br/system/CodeIgniter.php(419): CodeIgniter\CodeIgniter->runController(Object(App\Controllers\Dashboard))
#3 /home/rifadaho/osincriveissorteios.com.br/system/CodeIgniter.php(326): CodeIgniter\CodeIgniter->handleRequest(NULL, Object(Config\Cache), false)
#4 /home/rifadaho/osincriveissorteios.com.br/index.php(47): CodeIgniter\CodeIgniter->run()
#5 {main}
CRITICAL - 2023-05-19 13:06:02 --> Cannot use object of type stdClass as array
#0 /home/rifadaho/osincriveissorteios.com.br/system/CodeIgniter.php(832): App\Controllers\Dashboard->orders()
#1 /home/rifadaho/osincriveissorteios.com.br/system/CodeIgniter.php(419): CodeIgniter\CodeIgniter->runController(Object(App\Controllers\Dashboard))
#2 /home/rifadaho/osincriveissorteios.com.br/system/CodeIgniter.php(326): CodeIgniter\CodeIgniter->handleRequest(NULL, Object(Config\Cache), false)
#3 /home/rifadaho/osincriveissorteios.com.br/index.php(47): CodeIgniter\CodeIgniter->run()
#4 {main}
ERROR - 2023-05-19 13:06:37 --> MySQL server has gone away
ERROR - 2023-05-19 13:06:37 --> MySQL server has gone away
CRITICAL - 2023-05-19 13:06:37 --> Call to a member function getFirstRow() on bool
#0 /home/rifadaho/osincriveissorteios.com.br/system/BaseModel.php(622): CodeIgniter\Model->doFirst()
#1 /home/rifadaho/osincriveissorteios.com.br/app/Controllers/Dashboard.php(1910): CodeIgniter\BaseModel->first()
#2 /home/rifadaho/osincriveissorteios.com.br/app/Controllers/Dashboard.php(231): App\Controllers\Dashboard->setRafflePercent('58')
#3 /home/rifadaho/osincriveissorteios.com.br/app/Controllers/Dashboard.php(170): App\Controllers\Dashboard->cancelaOrdem('81')
#4 /home/rifadaho/osincriveissorteios.com.br/system/CodeIgniter.php(832): App\Controllers\Dashboard->orders()
#5 /home/rifadaho/osincriveissorteios.com.br/system/CodeIgniter.php(419): CodeIgniter\CodeIgniter->runController(Object(App\Controllers\Dashboard))
#6 /home/rifadaho/osincriveissorteios.com.br/system/CodeIgniter.php(326): CodeIgniter\CodeIgniter->handleRequest(NULL, Object(Config\Cache), false)
#7 /home/rifadaho/osincriveissorteios.com.br/index.php(47): CodeIgniter\CodeIgniter->run()
#8 {main}
ERROR - 2023-05-19 13:21:16 --> MySQL server has gone away
ERROR - 2023-05-19 13:21:16 --> MySQL server has gone away
CRITICAL - 2023-05-19 13:21:16 --> Call to a member function getFirstRow() on bool
#0 /home/rifadaho/osincriveissorteios.com.br/system/BaseModel.php(622): CodeIgniter\Model->doFirst()
#1 /home/rifadaho/osincriveissorteios.com.br/app/Controllers/Dashboard.php(1910): CodeIgniter\BaseModel->first()
#2 /home/rifadaho/osincriveissorteios.com.br/app/Controllers/Dashboard.php(231): App\Controllers\Dashboard->setRafflePercent('58')
#3 /home/rifadaho/osincriveissorteios.com.br/app/Controllers/Dashboard.php(170): App\Controllers\Dashboard->cancelaOrdem('81')
#4 /home/rifadaho/osincriveissorteios.com.br/system/CodeIgniter.php(832): App\Controllers\Dashboard->orders()
#5 /home/rifadaho/osincriveissorteios.com.br/system/CodeIgniter.php(419): CodeIgniter\CodeIgniter->runController(Object(App\Controllers\Dashboard))
#6 /home/rifadaho/osincriveissorteios.com.br/system/CodeIgniter.php(326): CodeIgniter\CodeIgniter->handleRequest(NULL, Object(Config\Cache), false)
#7 /home/rifadaho/osincriveissorteios.com.br/index.php(47): CodeIgniter\CodeIgniter->run()
#8 {main}
ERROR - 2023-05-19 13:23:23 --> MySQL server has gone away
ERROR - 2023-05-19 13:23:23 --> MySQL server has gone away
CRITICAL - 2023-05-19 13:23:23 --> Call to a member function getFirstRow() on bool
#0 /home/rifadaho/osincriveissorteios.com.br/system/BaseModel.php(622): CodeIgniter\Model->doFirst()
#1 /home/rifadaho/osincriveissorteios.com.br/app/Controllers/Dashboard.php(1911): CodeIgniter\BaseModel->first()
#2 /home/rifadaho/osincriveissorteios.com.br/app/Controllers/Dashboard.php(232): App\Controllers\Dashboard->setRafflePercent('58')
#3 /home/rifadaho/osincriveissorteios.com.br/app/Controllers/Dashboard.php(170): App\Controllers\Dashboard->cancelaOrdem('81')
#4 /home/rifadaho/osincriveissorteios.com.br/system/CodeIgniter.php(832): App\Controllers\Dashboard->orders()
#5 /home/rifadaho/osincriveissorteios.com.br/system/CodeIgniter.php(419): CodeIgniter\CodeIgniter->runController(Object(App\Controllers\Dashboard))
#6 /home/rifadaho/osincriveissorteios.com.br/system/CodeIgniter.php(326): CodeIgniter\CodeIgniter->handleRequest(NULL, Object(Config\Cache), false)
#7 /home/rifadaho/osincriveissorteios.com.br/index.php(47): CodeIgniter\CodeIgniter->run()
#8 {main}
ERROR - 2023-05-19 13:44:55 --> MySQL server has gone away
ERROR - 2023-05-19 13:44:55 --> MySQL server has gone away
CRITICAL - 2023-05-19 13:44:55 --> Call to a member function getFirstRow() on bool
#0 /home/rifadaho/osincriveissorteios.com.br/system/BaseModel.php(622): CodeIgniter\Model->doFirst()
#1 /home/rifadaho/osincriveissorteios.com.br/app/Controllers/Dashboard.php(1913): CodeIgniter\BaseModel->first()
#2 /home/rifadaho/osincriveissorteios.com.br/app/Controllers/Dashboard.php(234): App\Controllers\Dashboard->setRafflePercent('58')
#3 /home/rifadaho/osincriveissorteios.com.br/app/Controllers/Dashboard.php(170): App\Controllers\Dashboard->cancelaOrdem('81')
#4 /home/rifadaho/osincriveissorteios.com.br/system/CodeIgniter.php(832): App\Controllers\Dashboard->orders()
#5 /home/rifadaho/osincriveissorteios.com.br/system/CodeIgniter.php(419): CodeIgniter\CodeIgniter->runController(Object(App\Controllers\Dashboard))
#6 /home/rifadaho/osincriveissorteios.com.br/system/CodeIgniter.php(326): CodeIgniter\CodeIgniter->handleRequest(NULL, Object(Config\Cache), false)
#7 /home/rifadaho/osincriveissorteios.com.br/index.php(47): CodeIgniter\CodeIgniter->run()
#8 {main}
ERROR - 2023-05-19 13:47:01 --> MySQL server has gone away
ERROR - 2023-05-19 13:47:01 --> MySQL server has gone away
ERROR - 2023-05-19 13:47:47 --> MySQL server has gone away
ERROR - 2023-05-19 13:47:47 --> MySQL server has gone away
ERROR - 2023-05-19 13:49:00 --> MySQL server has gone away
ERROR - 2023-05-19 13:49:00 --> MySQL server has gone away
ERROR - 2023-05-19 13:49:00 --> MySQL server has gone away
CRITICAL - 2023-05-19 13:49:00 --> Call to a member function getFirstRow() on bool
#0 /home/rifadaho/osincriveissorteios.com.br/system/BaseModel.php(622): CodeIgniter\Model->doFirst()
#1 /home/rifadaho/osincriveissorteios.com.br/app/Controllers/Dashboard.php(173): CodeIgniter\BaseModel->first()
#2 /home/rifadaho/osincriveissorteios.com.br/system/CodeIgniter.php(832): App\Controllers\Dashboard->orders()
#3 /home/rifadaho/osincriveissorteios.com.br/system/CodeIgniter.php(419): CodeIgniter\CodeIgniter->runController(Object(App\Controllers\Dashboard))
#4 /home/rifadaho/osincriveissorteios.com.br/system/CodeIgniter.php(326): CodeIgniter\CodeIgniter->handleRequest(NULL, Object(Config\Cache), false)
#5 /home/rifadaho/osincriveissorteios.com.br/index.php(47): CodeIgniter\CodeIgniter->run()
#6 {main}
CRITICAL - 2023-05-19 18:21:13 --> Too few arguments to function App\Controllers\Api::confirmPaymentCustomer(), 0 passed in /home/rifadaho/osincriveissorteios.com.br/system/CodeIgniter.php on line 832 and exactly 1 expected
#0 /home/rifadaho/osincriveissorteios.com.br/system/CodeIgniter.php(832): App\Controllers\Api->confirmPaymentCustomer()
#1 /home/rifadaho/osincriveissorteios.com.br/system/CodeIgniter.php(419): CodeIgniter\CodeIgniter->runController(Object(App\Controllers\Api))
#2 /home/rifadaho/osincriveissorteios.com.br/system/CodeIgniter.php(326): CodeIgniter\CodeIgniter->handleRequest(NULL, Object(Config\Cache), false)
#3 /home/rifadaho/osincriveissorteios.com.br/index.php(47): CodeIgniter\CodeIgniter->run()
#4 {main}
CRITICAL - 2023-05-19 18:21:40 --> Too few arguments to function App\Controllers\Api::confirmPaymentCustomer(), 0 passed in /home/rifadaho/osincriveissorteios.com.br/system/CodeIgniter.php on line 832 and exactly 1 expected
#0 /home/rifadaho/osincriveissorteios.com.br/system/CodeIgniter.php(832): App\Controllers\Api->confirmPaymentCustomer()
#1 /home/rifadaho/osincriveissorteios.com.br/system/CodeIgniter.php(419): CodeIgniter\CodeIgniter->runController(Object(App\Controllers\Api))
#2 /home/rifadaho/osincriveissorteios.com.br/system/CodeIgniter.php(326): CodeIgniter\CodeIgniter->handleRequest(NULL, Object(Config\Cache), false)
#3 /home/rifadaho/osincriveissorteios.com.br/index.php(47): CodeIgniter\CodeIgniter->run()
#4 {main}
CRITICAL - 2023-05-19 18:31:35 --> Too few arguments to function App\Controllers\Api::confirmPaymentCustomer(), 0 passed in /home/rifadaho/osincriveissorteios.com.br/system/CodeIgniter.php on line 832 and exactly 1 expected
#0 /home/rifadaho/osincriveissorteios.com.br/system/CodeIgniter.php(832): App\Controllers\Api->confirmPaymentCustomer()
#1 /home/rifadaho/osincriveissorteios.com.br/system/CodeIgniter.php(419): CodeIgniter\CodeIgniter->runController(Object(App\Controllers\Api))
#2 /home/rifadaho/osincriveissorteios.com.br/system/CodeIgniter.php(326): CodeIgniter\CodeIgniter->handleRequest(NULL, Object(Config\Cache), false)
#3 /home/rifadaho/osincriveissorteios.com.br/index.php(47): CodeIgniter\CodeIgniter->run()
#4 {main}
CRITICAL - 2023-05-19 18:32:33 --> Too few arguments to function App\Controllers\Api::confirmPaymentCustomer(), 0 passed in /home/rifadaho/osincriveissorteios.com.br/system/CodeIgniter.php on line 832 and exactly 1 expected
#0 /home/rifadaho/osincriveissorteios.com.br/system/CodeIgniter.php(832): App\Controllers\Api->confirmPaymentCustomer()
#1 /home/rifadaho/osincriveissorteios.com.br/system/CodeIgniter.php(419): CodeIgniter\CodeIgniter->runController(Object(App\Controllers\Api))
#2 /home/rifadaho/osincriveissorteios.com.br/system/CodeIgniter.php(326): CodeIgniter\CodeIgniter->handleRequest(NULL, Object(Config\Cache), false)
#3 /home/rifadaho/osincriveissorteios.com.br/index.php(47): CodeIgniter\CodeIgniter->run()
#4 {main}
