CRITICAL - 2022-09-03 08:52:51 --> Wrong parameter count for number_format()
#0 [internal function]: CodeIgniter\Debug\Exceptions->errorHandler(2, 'Wrong parameter...', 'C:\\xampp\\htdocs...', 59, Array)
#1 C:\xampp\htdocs\rifas\app\Views\backend\raffles.php(59): number_format(7544, 2, '.')
#2 C:\xampp\htdocs\rifas\system\View\View.php(210): include('C:\\xampp\\htdocs...')
#3 C:\xampp\htdocs\rifas\system\View\View.php(213): CodeIgniter\View\View->CodeIgniter\View\{closure}()
#4 C:\xampp\htdocs\rifas\system\Common.php(1089): CodeIgniter\View\View->render('backend/raffles', Array, true)
#5 C:\xampp\htdocs\rifas\app\Controllers\Admin.php(271): view('backend/raffles', Array)
#6 C:\xampp\htdocs\rifas\system\CodeIgniter.php(832): App\Controllers\Admin->raffles()
#7 C:\xampp\htdocs\rifas\system\CodeIgniter.php(419): CodeIgniter\CodeIgniter->runController(Object(App\Controllers\Admin))
#8 C:\xampp\htdocs\rifas\system\CodeIgniter.php(326): CodeIgniter\CodeIgniter->handleRequest(NULL, Object(Config\Cache), false)
#9 C:\xampp\htdocs\rifas\index.php(53): CodeIgniter\CodeIgniter->run()
#10 {main}
CRITICAL - 2022-09-03 08:53:00 --> Wrong parameter count for number_format()
#0 [internal function]: CodeIgniter\Debug\Exceptions->errorHandler(2, 'Wrong parameter...', 'C:\\xampp\\htdocs...', 59, Array)
#1 C:\xampp\htdocs\rifas\app\Views\backend\raffles.php(59): number_format(7544, 1, '.')
#2 C:\xampp\htdocs\rifas\system\View\View.php(210): include('C:\\xampp\\htdocs...')
#3 C:\xampp\htdocs\rifas\system\View\View.php(213): CodeIgniter\View\View->CodeIgniter\View\{closure}()
#4 C:\xampp\htdocs\rifas\system\Common.php(1089): CodeIgniter\View\View->render('backend/raffles', Array, true)
#5 C:\xampp\htdocs\rifas\app\Controllers\Admin.php(271): view('backend/raffles', Array)
#6 C:\xampp\htdocs\rifas\system\CodeIgniter.php(832): App\Controllers\Admin->raffles()
#7 C:\xampp\htdocs\rifas\system\CodeIgniter.php(419): CodeIgniter\CodeIgniter->runController(Object(App\Controllers\Admin))
#8 C:\xampp\htdocs\rifas\system\CodeIgniter.php(326): CodeIgniter\CodeIgniter->handleRequest(NULL, Object(Config\Cache), false)
#9 C:\xampp\htdocs\rifas\index.php(53): CodeIgniter\CodeIgniter->run()
#10 {main}
