CRITICAL - 2022-12-16 18:57:48 --> unlink(C:\xampp\htdocs\rifandos\writable\debugbar/debugbar_1670374075.json): No such file or directory
#0 [internal function]: CodeIgniter\Debug\Exceptions->errorHandler(2, 'unlink(C:\\xampp...', 'C:\\xampp\\htdocs...', 74, Array)
#1 C:\xampp\htdocs\rifandos\system\Debug\Toolbar\Collectors\History.php(74): unlink('C:\\xampp\\htdocs...')
#2 C:\xampp\htdocs\rifandos\system\Debug\Toolbar.php(487): CodeIgniter\Debug\Toolbar\Collectors\History->setFiles(1671227866, 20)
#3 C:\xampp\htdocs\rifandos\system\Debug\Toolbar.php(464): CodeIgniter\Debug\Toolbar->format(Array, 'html')
#4 C:\xampp\htdocs\rifandos\app\Config\Events.php(48): CodeIgniter\Debug\Toolbar->respond()
#5 C:\xampp\htdocs\rifandos\system\Events\Events.php(149): CodeIgniter\Events\Events::Config\{closure}()
#6 C:\xampp\htdocs\rifandos\system\CodeIgniter.php(308): CodeIgniter\Events\Events::trigger('pre_system')
#7 C:\xampp\htdocs\rifandos\index.php(46): CodeIgniter\CodeIgniter->run()
#8 {main}
CRITICAL - 2022-12-16 19:49:08 --> Trying to get property 'title' of non-object
#0 C:\xampp\htdocs\rifandos\app\Views\backend\orders.php(72): CodeIgniter\Debug\Exceptions->errorHandler(8, 'Trying to get p...', 'C:\\xampp\\htdocs...', 72, Array)
#1 C:\xampp\htdocs\rifandos\system\View\View.php(210): include('C:\\xampp\\htdocs...')
#2 C:\xampp\htdocs\rifandos\system\View\View.php(213): CodeIgniter\View\View->CodeIgniter\View\{closure}()
#3 C:\xampp\htdocs\rifandos\system\Common.php(1089): CodeIgniter\View\View->render('backend/orders', Array, true)
#4 C:\xampp\htdocs\rifandos\app\Controllers\Dashboard.php(138): view('backend/orders', Array)
#5 C:\xampp\htdocs\rifandos\system\CodeIgniter.php(832): App\Controllers\Dashboard->orders()
#6 C:\xampp\htdocs\rifandos\system\CodeIgniter.php(419): CodeIgniter\CodeIgniter->runController(Object(App\Controllers\Dashboard))
#7 C:\xampp\htdocs\rifandos\system\CodeIgniter.php(326): CodeIgniter\CodeIgniter->handleRequest(NULL, Object(Config\Cache), false)
#8 C:\xampp\htdocs\rifandos\index.php(46): CodeIgniter\CodeIgniter->run()
#9 {main}
CRITICAL - 2022-12-16 20:02:31 --> Trying to get property 'title' of non-object
#0 C:\xampp\htdocs\rifandos\app\Views\backend\orders.php(72): CodeIgniter\Debug\Exceptions->errorHandler(8, 'Trying to get p...', 'C:\\xampp\\htdocs...', 72, Array)
#1 C:\xampp\htdocs\rifandos\system\View\View.php(210): include('C:\\xampp\\htdocs...')
#2 C:\xampp\htdocs\rifandos\system\View\View.php(213): CodeIgniter\View\View->CodeIgniter\View\{closure}()
#3 C:\xampp\htdocs\rifandos\system\Common.php(1089): CodeIgniter\View\View->render('backend/orders', Array, true)
#4 C:\xampp\htdocs\rifandos\app\Controllers\Dashboard.php(138): view('backend/orders', Array)
#5 C:\xampp\htdocs\rifandos\system\CodeIgniter.php(832): App\Controllers\Dashboard->orders()
#6 C:\xampp\htdocs\rifandos\system\CodeIgniter.php(419): CodeIgniter\CodeIgniter->runController(Object(App\Controllers\Dashboard))
#7 C:\xampp\htdocs\rifandos\system\CodeIgniter.php(326): CodeIgniter\CodeIgniter->handleRequest(NULL, Object(Config\Cache), false)
#8 C:\xampp\htdocs\rifandos\index.php(46): CodeIgniter\CodeIgniter->run()
#9 {main}
