CRITICAL - 2023-05-17 08:15:37 --> Too few arguments to function App\Controllers\Api::confirmPaymentCustomer(), 0 passed in /home/rifadaho/osincriveissorteios.com.br/system/CodeIgniter.php on line 832 and exactly 1 expected
#0 /home/rifadaho/osincriveissorteios.com.br/system/CodeIgniter.php(832): App\Controllers\Api->confirmPaymentCustomer()
#1 /home/rifadaho/osincriveissorteios.com.br/system/CodeIgniter.php(419): CodeIgniter\CodeIgniter->runController(Object(App\Controllers\Api))
#2 /home/rifadaho/osincriveissorteios.com.br/system/CodeIgniter.php(326): CodeIgniter\CodeIgniter->handleRequest(NULL, Object(Config\Cache), false)
#3 /home/rifadaho/osincriveissorteios.com.br/index.php(47): CodeIgniter\CodeIgniter->run()
#4 {main}
CRITICAL - 2023-05-17 08:16:32 --> Too few arguments to function App\Controllers\Api::confirmPaymentCustomer(), 0 passed in /home/rifadaho/osincriveissorteios.com.br/system/CodeIgniter.php on line 832 and exactly 1 expected
#0 /home/rifadaho/osincriveissorteios.com.br/system/CodeIgniter.php(832): App\Controllers\Api->confirmPaymentCustomer()
#1 /home/rifadaho/osincriveissorteios.com.br/system/CodeIgniter.php(419): CodeIgniter\CodeIgniter->runController(Object(App\Controllers\Api))
#2 /home/rifadaho/osincriveissorteios.com.br/system/CodeIgniter.php(326): CodeIgniter\CodeIgniter->handleRequest(NULL, Object(Config\Cache), false)
#3 /home/rifadaho/osincriveissorteios.com.br/index.php(47): CodeIgniter\CodeIgniter->run()
#4 {main}
CRITICAL - 2023-05-17 18:17:35 --> Too few arguments to function App\Controllers\Api::confirmPaymentCustomer(), 0 passed in /home/rifadaho/osincriveissorteios.com.br/system/CodeIgniter.php on line 832 and exactly 1 expected
#0 /home/rifadaho/osincriveissorteios.com.br/system/CodeIgniter.php(832): App\Controllers\Api->confirmPaymentCustomer()
#1 /home/rifadaho/osincriveissorteios.com.br/system/CodeIgniter.php(419): CodeIgniter\CodeIgniter->runController(Object(App\Controllers\Api))
#2 /home/rifadaho/osincriveissorteios.com.br/system/CodeIgniter.php(326): CodeIgniter\CodeIgniter->handleRequest(NULL, Object(Config\Cache), false)
#3 /home/rifadaho/osincriveissorteios.com.br/index.php(47): CodeIgniter\CodeIgniter->run()
#4 {main}
CRITICAL - 2023-05-17 18:17:35 --> Too few arguments to function App\Controllers\Api::confirmPaymentCustomer(), 0 passed in /home/rifadaho/osincriveissorteios.com.br/system/CodeIgniter.php on line 832 and exactly 1 expected
#0 /home/rifadaho/osincriveissorteios.com.br/system/CodeIgniter.php(832): App\Controllers\Api->confirmPaymentCustomer()
#1 /home/rifadaho/osincriveissorteios.com.br/system/CodeIgniter.php(419): CodeIgniter\CodeIgniter->runController(Object(App\Controllers\Api))
#2 /home/rifadaho/osincriveissorteios.com.br/system/CodeIgniter.php(326): CodeIgniter\CodeIgniter->handleRequest(NULL, Object(Config\Cache), false)
#3 /home/rifadaho/osincriveissorteios.com.br/index.php(47): CodeIgniter\CodeIgniter->run()
#4 {main}
CRITICAL - 2023-05-17 18:17:36 --> Too few arguments to function App\Controllers\Api::confirmPaymentCustomer(), 0 passed in /home/rifadaho/osincriveissorteios.com.br/system/CodeIgniter.php on line 832 and exactly 1 expected
#0 /home/rifadaho/osincriveissorteios.com.br/system/CodeIgniter.php(832): App\Controllers\Api->confirmPaymentCustomer()
#1 /home/rifadaho/osincriveissorteios.com.br/system/CodeIgniter.php(419): CodeIgniter\CodeIgniter->runController(Object(App\Controllers\Api))
#2 /home/rifadaho/osincriveissorteios.com.br/system/CodeIgniter.php(326): CodeIgniter\CodeIgniter->handleRequest(NULL, Object(Config\Cache), false)
#3 /home/rifadaho/osincriveissorteios.com.br/index.php(47): CodeIgniter\CodeIgniter->run()
#4 {main}
CRITICAL - 2023-05-17 18:17:37 --> Too few arguments to function App\Controllers\Api::confirmPaymentCustomer(), 0 passed in /home/rifadaho/osincriveissorteios.com.br/system/CodeIgniter.php on line 832 and exactly 1 expected
#0 /home/rifadaho/osincriveissorteios.com.br/system/CodeIgniter.php(832): App\Controllers\Api->confirmPaymentCustomer()
#1 /home/rifadaho/osincriveissorteios.com.br/system/CodeIgniter.php(419): CodeIgniter\CodeIgniter->runController(Object(App\Controllers\Api))
#2 /home/rifadaho/osincriveissorteios.com.br/system/CodeIgniter.php(326): CodeIgniter\CodeIgniter->handleRequest(NULL, Object(Config\Cache), false)
#3 /home/rifadaho/osincriveissorteios.com.br/index.php(47): CodeIgniter\CodeIgniter->run()
#4 {main}
CRITICAL - 2023-05-17 18:18:36 --> Too few arguments to function App\Controllers\Api::confirmPaymentCustomer(), 0 passed in /home/rifadaho/osincriveissorteios.com.br/system/CodeIgniter.php on line 832 and exactly 1 expected
#0 /home/rifadaho/osincriveissorteios.com.br/system/CodeIgniter.php(832): App\Controllers\Api->confirmPaymentCustomer()
#1 /home/rifadaho/osincriveissorteios.com.br/system/CodeIgniter.php(419): CodeIgniter\CodeIgniter->runController(Object(App\Controllers\Api))
#2 /home/rifadaho/osincriveissorteios.com.br/system/CodeIgniter.php(326): CodeIgniter\CodeIgniter->handleRequest(NULL, Object(Config\Cache), false)
#3 /home/rifadaho/osincriveissorteios.com.br/index.php(47): CodeIgniter\CodeIgniter->run()
#4 {main}
CRITICAL - 2023-05-17 18:18:36 --> Too few arguments to function App\Controllers\Api::confirmPaymentCustomer(), 0 passed in /home/rifadaho/osincriveissorteios.com.br/system/CodeIgniter.php on line 832 and exactly 1 expected
#0 /home/rifadaho/osincriveissorteios.com.br/system/CodeIgniter.php(832): App\Controllers\Api->confirmPaymentCustomer()
#1 /home/rifadaho/osincriveissorteios.com.br/system/CodeIgniter.php(419): CodeIgniter\CodeIgniter->runController(Object(App\Controllers\Api))
#2 /home/rifadaho/osincriveissorteios.com.br/system/CodeIgniter.php(326): CodeIgniter\CodeIgniter->handleRequest(NULL, Object(Config\Cache), false)
#3 /home/rifadaho/osincriveissorteios.com.br/index.php(47): CodeIgniter\CodeIgniter->run()
#4 {main}
CRITICAL - 2023-05-17 18:35:25 --> Too few arguments to function App\Controllers\Api::confirmPaymentCustomer(), 0 passed in /home/rifadaho/osincriveissorteios.com.br/system/CodeIgniter.php on line 832 and exactly 1 expected
#0 /home/rifadaho/osincriveissorteios.com.br/system/CodeIgniter.php(832): App\Controllers\Api->confirmPaymentCustomer()
#1 /home/rifadaho/osincriveissorteios.com.br/system/CodeIgniter.php(419): CodeIgniter\CodeIgniter->runController(Object(App\Controllers\Api))
#2 /home/rifadaho/osincriveissorteios.com.br/system/CodeIgniter.php(326): CodeIgniter\CodeIgniter->handleRequest(NULL, Object(Config\Cache), false)
#3 /home/rifadaho/osincriveissorteios.com.br/index.php(47): CodeIgniter\CodeIgniter->run()
#4 {main}
CRITICAL - 2023-05-17 18:35:48 --> Too few arguments to function App\Controllers\Api::confirmPaymentCustomer(), 0 passed in /home/rifadaho/osincriveissorteios.com.br/system/CodeIgniter.php on line 832 and exactly 1 expected
#0 /home/rifadaho/osincriveissorteios.com.br/system/CodeIgniter.php(832): App\Controllers\Api->confirmPaymentCustomer()
#1 /home/rifadaho/osincriveissorteios.com.br/system/CodeIgniter.php(419): CodeIgniter\CodeIgniter->runController(Object(App\Controllers\Api))
#2 /home/rifadaho/osincriveissorteios.com.br/system/CodeIgniter.php(326): CodeIgniter\CodeIgniter->handleRequest(NULL, Object(Config\Cache), false)
#3 /home/rifadaho/osincriveissorteios.com.br/index.php(47): CodeIgniter\CodeIgniter->run()
#4 {main}
CRITICAL - 2023-05-17 19:10:23 --> Too few arguments to function App\Controllers\Api::confirmPaymentCustomer(), 0 passed in /home/rifadaho/osincriveissorteios.com.br/system/CodeIgniter.php on line 832 and exactly 1 expected
#0 /home/rifadaho/osincriveissorteios.com.br/system/CodeIgniter.php(832): App\Controllers\Api->confirmPaymentCustomer()
#1 /home/rifadaho/osincriveissorteios.com.br/system/CodeIgniter.php(419): CodeIgniter\CodeIgniter->runController(Object(App\Controllers\Api))
#2 /home/rifadaho/osincriveissorteios.com.br/system/CodeIgniter.php(326): CodeIgniter\CodeIgniter->handleRequest(NULL, Object(Config\Cache), false)
#3 /home/rifadaho/osincriveissorteios.com.br/index.php(47): CodeIgniter\CodeIgniter->run()
#4 {main}
CRITICAL - 2023-05-17 19:10:50 --> Too few arguments to function App\Controllers\Api::confirmPaymentCustomer(), 0 passed in /home/rifadaho/osincriveissorteios.com.br/system/CodeIgniter.php on line 832 and exactly 1 expected
#0 /home/rifadaho/osincriveissorteios.com.br/system/CodeIgniter.php(832): App\Controllers\Api->confirmPaymentCustomer()
#1 /home/rifadaho/osincriveissorteios.com.br/system/CodeIgniter.php(419): CodeIgniter\CodeIgniter->runController(Object(App\Controllers\Api))
#2 /home/rifadaho/osincriveissorteios.com.br/system/CodeIgniter.php(326): CodeIgniter\CodeIgniter->handleRequest(NULL, Object(Config\Cache), false)
#3 /home/rifadaho/osincriveissorteios.com.br/index.php(47): CodeIgniter\CodeIgniter->run()
#4 {main}
