ERROR - 2023-03-15 03:37:29 --> Column 'description' in where clause is ambiguous
ERROR - 2023-03-15 03:37:29 --> Column 'description' in where clause is ambiguous
CRITICAL - 2023-03-15 03:37:29 --> Call to a member function getResult() on bool
#0 /home2/h7sist27/app.rifandos.com.br/system/BaseModel.php(584): CodeIgniter\Model->doFindAll(10, 0)
#1 /home2/h7sist27/app.rifandos.com.br/system/BaseModel.php(1088): CodeIgniter\BaseModel->findAll(10, 0)
#2 /home2/h7sist27/app.rifandos.com.br/app/Controllers/Dashboard.php(361): CodeIgniter\BaseModel->paginate(10)
#3 /home2/h7sist27/app.rifandos.com.br/system/CodeIgniter.php(832): App\Controllers\Dashboard->raffles()
#4 /home2/h7sist27/app.rifandos.com.br/system/CodeIgniter.php(419): CodeIgniter\CodeIgniter->runController(Object(App\Controllers\Dashboard))
#5 /home2/h7sist27/app.rifandos.com.br/system/CodeIgniter.php(326): CodeIgniter\CodeIgniter->handleRequest(NULL, Object(Config\Cache), false)
#6 /home2/h7sist27/app.rifandos.com.br/index.php(46): CodeIgniter\CodeIgniter->run()
#7 {main}
ERROR - 2023-03-15 03:37:30 --> Column 'description' in where clause is ambiguous
ERROR - 2023-03-15 03:37:30 --> Column 'description' in where clause is ambiguous
CRITICAL - 2023-03-15 03:37:30 --> Call to a member function getResult() on bool
#0 /home2/h7sist27/app.rifandos.com.br/system/BaseModel.php(584): CodeIgniter\Model->doFindAll(10, 0)
#1 /home2/h7sist27/app.rifandos.com.br/system/BaseModel.php(1088): CodeIgniter\BaseModel->findAll(10, 0)
#2 /home2/h7sist27/app.rifandos.com.br/app/Controllers/Dashboard.php(361): CodeIgniter\BaseModel->paginate(10)
#3 /home2/h7sist27/app.rifandos.com.br/system/CodeIgniter.php(832): App\Controllers\Dashboard->raffles()
#4 /home2/h7sist27/app.rifandos.com.br/system/CodeIgniter.php(419): CodeIgniter\CodeIgniter->runController(Object(App\Controllers\Dashboard))
#5 /home2/h7sist27/app.rifandos.com.br/system/CodeIgniter.php(326): CodeIgniter\CodeIgniter->handleRequest(NULL, Object(Config\Cache), false)
#6 /home2/h7sist27/app.rifandos.com.br/index.php(46): CodeIgniter\CodeIgniter->run()
#7 {main}
ERROR - 2023-03-15 14:12:39 --> Column 'description' in where clause is ambiguous
ERROR - 2023-03-15 14:12:39 --> Column 'description' in where clause is ambiguous
CRITICAL - 2023-03-15 14:12:39 --> Call to a member function getResult() on bool
#0 /home2/h7sist27/app.rifandos.com.br/system/BaseModel.php(584): CodeIgniter\Model->doFindAll(10, 0)
#1 /home2/h7sist27/app.rifandos.com.br/system/BaseModel.php(1088): CodeIgniter\BaseModel->findAll(10, 0)
#2 /home2/h7sist27/app.rifandos.com.br/app/Controllers/Dashboard.php(361): CodeIgniter\BaseModel->paginate(10)
#3 /home2/h7sist27/app.rifandos.com.br/system/CodeIgniter.php(832): App\Controllers\Dashboard->raffles()
#4 /home2/h7sist27/app.rifandos.com.br/system/CodeIgniter.php(419): CodeIgniter\CodeIgniter->runController(Object(App\Controllers\Dashboard))
#5 /home2/h7sist27/app.rifandos.com.br/system/CodeIgniter.php(326): CodeIgniter\CodeIgniter->handleRequest(NULL, Object(Config\Cache), false)
#6 /home2/h7sist27/app.rifandos.com.br/index.php(46): CodeIgniter\CodeIgniter->run()
#7 {main}
