CRITICAL - 2022-09-25 16:59:39 --> Call to undefined function CodeIgniter\locale_set_default()
#0 C:\xampp\htdocs\rifas\system\bootstrap.php(146): CodeIgniter\CodeIgniter->initialize()
#1 C:\xampp\htdocs\rifas\index.php(44): require('C:\\xampp\\htdocs...')
#2 {main}
ERROR - 2022-09-25 12:00:17 --> Error connecting to the database: Unknown database 'rifas'
CRITICAL - 2022-09-25 12:00:17 --> Unable to connect to the database.
Main connection [MySQLi]: Unknown database 'rifas'
#0 C:\xampp\htdocs\rifas\system\Database\BaseConnection.php(577): CodeIgniter\Database\BaseConnection->initialize()
#1 C:\xampp\htdocs\rifas\system\Database\BaseBuilder.php(1455): CodeIgniter\Database\BaseConnection->query('SELECT `id`, `s...', Array, false)
#2 C:\xampp\htdocs\rifas\system\Model.php(183): CodeIgniter\Database\BaseBuilder->get()
#3 C:\xampp\htdocs\rifas\system\BaseModel.php(584): CodeIgniter\Model->doFindAll(4, 0)
#4 C:\xampp\htdocs\rifas\app\Controllers\Home.php(47): CodeIgniter\BaseModel->findAll(4)
#5 C:\xampp\htdocs\rifas\system\CodeIgniter.php(832): App\Controllers\Home->index()
#6 C:\xampp\htdocs\rifas\system\CodeIgniter.php(419): CodeIgniter\CodeIgniter->runController(Object(App\Controllers\Home))
#7 C:\xampp\htdocs\rifas\system\CodeIgniter.php(326): CodeIgniter\CodeIgniter->handleRequest(NULL, Object(Config\Cache), false)
#8 C:\xampp\htdocs\rifas\index.php(53): CodeIgniter\CodeIgniter->run()
#9 {main}
ERROR - 2022-09-25 12:01:00 --> Unknown column 'fake_percent_level' in 'field list'
CRITICAL - 2022-09-25 12:01:00 --> Unknown column 'fake_percent_level' in 'field list'
#0 C:\xampp\htdocs\rifas\system\Database\MySQLi\Connection.php(292): mysqli->query('SELECT `id`, `s...', 0)
#1 C:\xampp\htdocs\rifas\system\Database\BaseConnection.php(670): CodeIgniter\Database\MySQLi\Connection->execute('SELECT `id`, `s...')
#2 C:\xampp\htdocs\rifas\system\Database\BaseConnection.php(598): CodeIgniter\Database\BaseConnection->simpleQuery('SELECT `id`, `s...')
#3 C:\xampp\htdocs\rifas\system\Database\BaseBuilder.php(1455): CodeIgniter\Database\BaseConnection->query('SELECT `id`, `s...', Array, false)
#4 C:\xampp\htdocs\rifas\system\Model.php(183): CodeIgniter\Database\BaseBuilder->get()
#5 C:\xampp\htdocs\rifas\system\BaseModel.php(584): CodeIgniter\Model->doFindAll(4, 0)
#6 C:\xampp\htdocs\rifas\app\Controllers\Home.php(47): CodeIgniter\BaseModel->findAll(4)
#7 C:\xampp\htdocs\rifas\system\CodeIgniter.php(832): App\Controllers\Home->index()
#8 C:\xampp\htdocs\rifas\system\CodeIgniter.php(419): CodeIgniter\CodeIgniter->runController(Object(App\Controllers\Home))
#9 C:\xampp\htdocs\rifas\system\CodeIgniter.php(326): CodeIgniter\CodeIgniter->handleRequest(NULL, Object(Config\Cache), false)
#10 C:\xampp\htdocs\rifas\index.php(53): CodeIgniter\CodeIgniter->run()
#11 {main}
CRITICAL - 2022-09-25 12:37:22 --> Undefined variable: raffle
#0 C:\xampp\htdocs\rifas\app\Views\frontend\my_orders.php(40): CodeIgniter\Debug\Exceptions->errorHandler(8, 'Undefined varia...', 'C:\\xampp\\htdocs...', 40, Array)
#1 C:\xampp\htdocs\rifas\system\View\View.php(210): include('C:\\xampp\\htdocs...')
#2 C:\xampp\htdocs\rifas\system\View\View.php(213): CodeIgniter\View\View->CodeIgniter\View\{closure}()
#3 C:\xampp\htdocs\rifas\system\Common.php(1089): CodeIgniter\View\View->render('frontend/my_ord...', Array, true)
#4 C:\xampp\htdocs\rifas\app\Controllers\Home.php(862): view('frontend/my_ord...', Array)
#5 C:\xampp\htdocs\rifas\system\CodeIgniter.php(832): App\Controllers\Home->myOrders()
#6 C:\xampp\htdocs\rifas\system\CodeIgniter.php(419): CodeIgniter\CodeIgniter->runController(Object(App\Controllers\Home))
#7 C:\xampp\htdocs\rifas\system\CodeIgniter.php(326): CodeIgniter\CodeIgniter->handleRequest(NULL, Object(Config\Cache), false)
#8 C:\xampp\htdocs\rifas\index.php(53): CodeIgniter\CodeIgniter->run()
#9 {main}
