CRITICAL - 2023-03-27 11:58:16 --> Maximum execution time of 90 seconds exceeded
#0 [internal function]: CodeIgniter\Debug\Exceptions->shutdownHandler()
#1 {main}
CRITICAL - 2023-03-27 14:41:32 --> Maximum execution time of 90 seconds exceeded
#0 [internal function]: CodeIgniter\Debug\Exceptions->shutdownHandler()
#1 {main}
CRITICAL - 2023-03-27 15:13:51 --> Maximum execution time of 90 seconds exceeded
#0 [internal function]: CodeIgniter\Debug\Exceptions->shutdownHandler()
#1 {main}
CRITICAL - 2023-03-27 15:19:09 --> Maximum execution time of 90 seconds exceeded
#0 [internal function]: CodeIgniter\Debug\Exceptions->shutdownHandler()
#1 {main}
ERROR - 2023-03-27 19:52:22 --> MySQL server has gone away
ERROR - 2023-03-27 19:52:22 --> MySQL server has gone away
CRITICAL - 2023-03-27 19:52:22 --> Call to a member function getFirstRow() on bool
#0 /home/rifadaho/osincriveissorteios.com.br/system/BaseModel.php(622): CodeIgniter\Model->doFirst()
#1 /home/rifadaho/osincriveissorteios.com.br/app/Controllers/Dashboard.php(1367): CodeIgniter\BaseModel->first()
#2 /home/rifadaho/osincriveissorteios.com.br/app/Controllers/Dashboard.php(255): App\Controllers\Dashboard->setRafflePercent('9')
#3 /home/rifadaho/osincriveissorteios.com.br/system/CodeIgniter.php(832): App\Controllers\Dashboard->delete_order('7')
#4 /home/rifadaho/osincriveissorteios.com.br/system/CodeIgniter.php(419): CodeIgniter\CodeIgniter->runController(Object(App\Controllers\Dashboard))
#5 /home/rifadaho/osincriveissorteios.com.br/system/CodeIgniter.php(326): CodeIgniter\CodeIgniter->handleRequest(NULL, Object(Config\Cache), false)
#6 /home/rifadaho/osincriveissorteios.com.br/index.php(46): CodeIgniter\CodeIgniter->run()
#7 {main}
ERROR - 2023-03-27 19:53:33 --> MySQL server has gone away
ERROR - 2023-03-27 19:53:33 --> MySQL server has gone away
CRITICAL - 2023-03-27 19:53:33 --> Call to a member function getFirstRow() on bool
#0 /home/rifadaho/osincriveissorteios.com.br/system/BaseModel.php(622): CodeIgniter\Model->doFirst()
#1 /home/rifadaho/osincriveissorteios.com.br/app/Controllers/Dashboard.php(1367): CodeIgniter\BaseModel->first()
#2 /home/rifadaho/osincriveissorteios.com.br/app/Controllers/Dashboard.php(255): App\Controllers\Dashboard->setRafflePercent('9')
#3 /home/rifadaho/osincriveissorteios.com.br/system/CodeIgniter.php(832): App\Controllers\Dashboard->delete_order('7')
#4 /home/rifadaho/osincriveissorteios.com.br/system/CodeIgniter.php(419): CodeIgniter\CodeIgniter->runController(Object(App\Controllers\Dashboard))
#5 /home/rifadaho/osincriveissorteios.com.br/system/CodeIgniter.php(326): CodeIgniter\CodeIgniter->handleRequest(NULL, Object(Config\Cache), false)
#6 /home/rifadaho/osincriveissorteios.com.br/index.php(46): CodeIgniter\CodeIgniter->run()
#7 {main}
ERROR - 2023-03-27 19:56:59 --> MySQL server has gone away
ERROR - 2023-03-27 19:56:59 --> MySQL server has gone away
CRITICAL - 2023-03-27 19:56:59 --> Call to a member function getFirstRow() on bool
#0 /home/rifadaho/osincriveissorteios.com.br/system/BaseModel.php(622): CodeIgniter\Model->doFirst()
#1 /home/rifadaho/osincriveissorteios.com.br/app/Controllers/Dashboard.php(1367): CodeIgniter\BaseModel->first()
#2 /home/rifadaho/osincriveissorteios.com.br/app/Controllers/Dashboard.php(255): App\Controllers\Dashboard->setRafflePercent('9')
#3 /home/rifadaho/osincriveissorteios.com.br/system/CodeIgniter.php(832): App\Controllers\Dashboard->delete_order('9')
#4 /home/rifadaho/osincriveissorteios.com.br/system/CodeIgniter.php(419): CodeIgniter\CodeIgniter->runController(Object(App\Controllers\Dashboard))
#5 /home/rifadaho/osincriveissorteios.com.br/system/CodeIgniter.php(326): CodeIgniter\CodeIgniter->handleRequest(NULL, Object(Config\Cache), false)
#6 /home/rifadaho/osincriveissorteios.com.br/index.php(46): CodeIgniter\CodeIgniter->run()
#7 {main}
ERROR - 2023-03-27 19:58:15 --> MySQL server has gone away
ERROR - 2023-03-27 19:58:15 --> MySQL server has gone away
ERROR - 2023-03-27 19:58:49 --> MySQL server has gone away
ERROR - 2023-03-27 19:58:49 --> MySQL server has gone away
CRITICAL - 2023-03-27 19:58:49 --> Call to a member function getFirstRow() on bool
#0 /home/rifadaho/osincriveissorteios.com.br/system/BaseModel.php(622): CodeIgniter\Model->doFirst()
#1 /home/rifadaho/osincriveissorteios.com.br/app/Controllers/Dashboard.php(1367): CodeIgniter\BaseModel->first()
#2 /home/rifadaho/osincriveissorteios.com.br/app/Controllers/Dashboard.php(255): App\Controllers\Dashboard->setRafflePercent('9')
#3 /home/rifadaho/osincriveissorteios.com.br/system/CodeIgniter.php(832): App\Controllers\Dashboard->delete_order('10')
#4 /home/rifadaho/osincriveissorteios.com.br/system/CodeIgniter.php(419): CodeIgniter\CodeIgniter->runController(Object(App\Controllers\Dashboard))
#5 /home/rifadaho/osincriveissorteios.com.br/system/CodeIgniter.php(326): CodeIgniter\CodeIgniter->handleRequest(NULL, Object(Config\Cache), false)
#6 /home/rifadaho/osincriveissorteios.com.br/index.php(46): CodeIgniter\CodeIgniter->run()
#7 {main}
ERROR - 2023-03-27 20:01:11 --> MySQL server has gone away
ERROR - 2023-03-27 20:01:11 --> MySQL server has gone away
CRITICAL - 2023-03-27 20:01:11 --> Call to a member function getFirstRow() on bool
#0 /home/rifadaho/osincriveissorteios.com.br/system/BaseModel.php(622): CodeIgniter\Model->doFirst()
#1 /home/rifadaho/osincriveissorteios.com.br/app/Controllers/Dashboard.php(1369): CodeIgniter\BaseModel->first()
#2 /home/rifadaho/osincriveissorteios.com.br/app/Controllers/Dashboard.php(257): App\Controllers\Dashboard->setRafflePercent('9')
#3 /home/rifadaho/osincriveissorteios.com.br/system/CodeIgniter.php(832): App\Controllers\Dashboard->delete_order('10')
#4 /home/rifadaho/osincriveissorteios.com.br/system/CodeIgniter.php(419): CodeIgniter\CodeIgniter->runController(Object(App\Controllers\Dashboard))
#5 /home/rifadaho/osincriveissorteios.com.br/system/CodeIgniter.php(326): CodeIgniter\CodeIgniter->handleRequest(NULL, Object(Config\Cache), false)
#6 /home/rifadaho/osincriveissorteios.com.br/index.php(46): CodeIgniter\CodeIgniter->run()
#7 {main}
