CRITICAL - 2022-10-29 09:03:36 --> Undefined offset: 0
#0 C:\xampp\htdocs\rifas\app\Views\frontend\raffle_auto.php(1): CodeIgniter\Debug\Exceptions->errorHandler(8, 'Undefined offse...', 'C:\\xampp\\htdocs...', 1, Array)
#1 C:\xampp\htdocs\rifas\system\View\View.php(210): include('C:\\xampp\\htdocs...')
#2 C:\xampp\htdocs\rifas\system\View\View.php(213): CodeIgniter\View\View->CodeIgniter\View\{closure}()
#3 C:\xampp\htdocs\rifas\system\Common.php(1089): CodeIgniter\View\View->render('frontend/raffle...', Array, true)
#4 C:\xampp\htdocs\rifas\app\Controllers\Home.php(130): view('frontend/raffle...', Array)
#5 C:\xampp\htdocs\rifas\system\CodeIgniter.php(832): App\Controllers\Home->raffle('rifa-de-teste')
#6 C:\xampp\htdocs\rifas\system\CodeIgniter.php(419): CodeIgniter\CodeIgniter->runController(Object(App\Controllers\Home))
#7 C:\xampp\htdocs\rifas\system\CodeIgniter.php(326): CodeIgniter\CodeIgniter->handleRequest(NULL, Object(Config\Cache), false)
#8 C:\xampp\htdocs\rifas\index.php(53): CodeIgniter\CodeIgniter->run()
#9 {main}
CRITICAL - 2022-10-29 09:04:00 --> Undefined offset: 0
#0 C:\xampp\htdocs\rifas\app\Views\frontend\raffle_auto.php(1): CodeIgniter\Debug\Exceptions->errorHandler(8, 'Undefined offse...', 'C:\\xampp\\htdocs...', 1, Array)
#1 C:\xampp\htdocs\rifas\system\View\View.php(210): include('C:\\xampp\\htdocs...')
#2 C:\xampp\htdocs\rifas\system\View\View.php(213): CodeIgniter\View\View->CodeIgniter\View\{closure}()
#3 C:\xampp\htdocs\rifas\system\Common.php(1089): CodeIgniter\View\View->render('frontend/raffle...', Array, true)
#4 C:\xampp\htdocs\rifas\app\Controllers\Home.php(130): view('frontend/raffle...', Array)
#5 C:\xampp\htdocs\rifas\system\CodeIgniter.php(832): App\Controllers\Home->raffle('rifa-de-teste')
#6 C:\xampp\htdocs\rifas\system\CodeIgniter.php(419): CodeIgniter\CodeIgniter->runController(Object(App\Controllers\Home))
#7 C:\xampp\htdocs\rifas\system\CodeIgniter.php(326): CodeIgniter\CodeIgniter->handleRequest(NULL, Object(Config\Cache), false)
#8 C:\xampp\htdocs\rifas\index.php(53): CodeIgniter\CodeIgniter->run()
#9 {main}
CRITICAL - 2022-10-29 09:04:48 --> Undefined offset: 0
#0 C:\xampp\htdocs\rifas\app\Views\frontend\raffle_auto.php(1): CodeIgniter\Debug\Exceptions->errorHandler(8, 'Undefined offse...', 'C:\\xampp\\htdocs...', 1, Array)
#1 C:\xampp\htdocs\rifas\system\View\View.php(210): include('C:\\xampp\\htdocs...')
#2 C:\xampp\htdocs\rifas\system\View\View.php(213): CodeIgniter\View\View->CodeIgniter\View\{closure}()
#3 C:\xampp\htdocs\rifas\system\Common.php(1089): CodeIgniter\View\View->render('frontend/raffle...', Array, true)
#4 C:\xampp\htdocs\rifas\app\Controllers\Home.php(130): view('frontend/raffle...', Array)
#5 C:\xampp\htdocs\rifas\system\CodeIgniter.php(832): App\Controllers\Home->raffle('rifa-de-teste')
#6 C:\xampp\htdocs\rifas\system\CodeIgniter.php(419): CodeIgniter\CodeIgniter->runController(Object(App\Controllers\Home))
#7 C:\xampp\htdocs\rifas\system\CodeIgniter.php(326): CodeIgniter\CodeIgniter->handleRequest(NULL, Object(Config\Cache), false)
#8 C:\xampp\htdocs\rifas\index.php(53): CodeIgniter\CodeIgniter->run()
#9 {main}
CRITICAL - 2022-10-29 09:04:57 --> Undefined offset: 0
#0 C:\xampp\htdocs\rifas\app\Views\frontend\raffle_auto.php(1): CodeIgniter\Debug\Exceptions->errorHandler(8, 'Undefined offse...', 'C:\\xampp\\htdocs...', 1, Array)
#1 C:\xampp\htdocs\rifas\system\View\View.php(210): include('C:\\xampp\\htdocs...')
#2 C:\xampp\htdocs\rifas\system\View\View.php(213): CodeIgniter\View\View->CodeIgniter\View\{closure}()
#3 C:\xampp\htdocs\rifas\system\Common.php(1089): CodeIgniter\View\View->render('frontend/raffle...', Array, true)
#4 C:\xampp\htdocs\rifas\app\Controllers\Home.php(130): view('frontend/raffle...', Array)
#5 C:\xampp\htdocs\rifas\system\CodeIgniter.php(832): App\Controllers\Home->raffle('rifa-de-teste')
#6 C:\xampp\htdocs\rifas\system\CodeIgniter.php(419): CodeIgniter\CodeIgniter->runController(Object(App\Controllers\Home))
#7 C:\xampp\htdocs\rifas\system\CodeIgniter.php(326): CodeIgniter\CodeIgniter->handleRequest(NULL, Object(Config\Cache), false)
#8 C:\xampp\htdocs\rifas\index.php(53): CodeIgniter\CodeIgniter->run()
#9 {main}
CRITICAL - 2022-10-29 09:05:19 --> Undefined offset: 0
#0 C:\xampp\htdocs\rifas\app\Views\frontend\raffle_auto.php(1): CodeIgniter\Debug\Exceptions->errorHandler(8, 'Undefined offse...', 'C:\\xampp\\htdocs...', 1, Array)
#1 C:\xampp\htdocs\rifas\system\View\View.php(210): include('C:\\xampp\\htdocs...')
#2 C:\xampp\htdocs\rifas\system\View\View.php(213): CodeIgniter\View\View->CodeIgniter\View\{closure}()
#3 C:\xampp\htdocs\rifas\system\Common.php(1089): CodeIgniter\View\View->render('frontend/raffle...', Array, true)
#4 C:\xampp\htdocs\rifas\app\Controllers\Home.php(130): view('frontend/raffle...', Array)
#5 C:\xampp\htdocs\rifas\system\CodeIgniter.php(832): App\Controllers\Home->raffle('rifa-de-teste')
#6 C:\xampp\htdocs\rifas\system\CodeIgniter.php(419): CodeIgniter\CodeIgniter->runController(Object(App\Controllers\Home))
#7 C:\xampp\htdocs\rifas\system\CodeIgniter.php(326): CodeIgniter\CodeIgniter->handleRequest(NULL, Object(Config\Cache), false)
#8 C:\xampp\htdocs\rifas\index.php(53): CodeIgniter\CodeIgniter->run()
#9 {main}
CRITICAL - 2022-10-29 09:05:27 --> Undefined offset: 0
#0 C:\xampp\htdocs\rifas\app\Views\frontend\raffle_auto.php(1): CodeIgniter\Debug\Exceptions->errorHandler(8, 'Undefined offse...', 'C:\\xampp\\htdocs...', 1, Array)
#1 C:\xampp\htdocs\rifas\system\View\View.php(210): include('C:\\xampp\\htdocs...')
#2 C:\xampp\htdocs\rifas\system\View\View.php(213): CodeIgniter\View\View->CodeIgniter\View\{closure}()
#3 C:\xampp\htdocs\rifas\system\Common.php(1089): CodeIgniter\View\View->render('frontend/raffle...', Array, true)
#4 C:\xampp\htdocs\rifas\app\Controllers\Home.php(130): view('frontend/raffle...', Array)
#5 C:\xampp\htdocs\rifas\system\CodeIgniter.php(832): App\Controllers\Home->raffle('rifa-de-teste')
#6 C:\xampp\htdocs\rifas\system\CodeIgniter.php(419): CodeIgniter\CodeIgniter->runController(Object(App\Controllers\Home))
#7 C:\xampp\htdocs\rifas\system\CodeIgniter.php(326): CodeIgniter\CodeIgniter->handleRequest(NULL, Object(Config\Cache), false)
#8 C:\xampp\htdocs\rifas\index.php(53): CodeIgniter\CodeIgniter->run()
#9 {main}
CRITICAL - 2022-10-29 09:05:50 --> Undefined offset: 0
#0 C:\xampp\htdocs\rifas\app\Views\frontend\raffle_auto.php(1): CodeIgniter\Debug\Exceptions->errorHandler(8, 'Undefined offse...', 'C:\\xampp\\htdocs...', 1, Array)
#1 C:\xampp\htdocs\rifas\system\View\View.php(210): include('C:\\xampp\\htdocs...')
#2 C:\xampp\htdocs\rifas\system\View\View.php(213): CodeIgniter\View\View->CodeIgniter\View\{closure}()
#3 C:\xampp\htdocs\rifas\system\Common.php(1089): CodeIgniter\View\View->render('frontend/raffle...', Array, true)
#4 C:\xampp\htdocs\rifas\app\Controllers\Home.php(130): view('frontend/raffle...', Array)
#5 C:\xampp\htdocs\rifas\system\CodeIgniter.php(832): App\Controllers\Home->raffle('rifa-de-teste')
#6 C:\xampp\htdocs\rifas\system\CodeIgniter.php(419): CodeIgniter\CodeIgniter->runController(Object(App\Controllers\Home))
#7 C:\xampp\htdocs\rifas\system\CodeIgniter.php(326): CodeIgniter\CodeIgniter->handleRequest(NULL, Object(Config\Cache), false)
#8 C:\xampp\htdocs\rifas\index.php(53): CodeIgniter\CodeIgniter->run()
#9 {main}
CRITICAL - 2022-10-29 11:05:41 --> Undefined property: stdClass::$payment
#0 C:\xampp\htdocs\rifas\app\Controllers\Home.php(741): CodeIgniter\Debug\Exceptions->errorHandler(8, 'Undefined prope...', 'C:\\xampp\\htdocs...', 741, Array)
#1 C:\xampp\htdocs\rifas\system\CodeIgniter.php(832): App\Controllers\Home->myOrders()
#2 C:\xampp\htdocs\rifas\system\CodeIgniter.php(419): CodeIgniter\CodeIgniter->runController(Object(App\Controllers\Home))
#3 C:\xampp\htdocs\rifas\system\CodeIgniter.php(326): CodeIgniter\CodeIgniter->handleRequest(NULL, Object(Config\Cache), false)
#4 C:\xampp\htdocs\rifas\index.php(53): CodeIgniter\CodeIgniter->run()
#5 {main}
CRITICAL - 2022-10-29 11:11:33 --> Undefined property: stdClass::$payment
#0 C:\xampp\htdocs\rifas\app\Controllers\Home.php(741): CodeIgniter\Debug\Exceptions->errorHandler(8, 'Undefined prope...', 'C:\\xampp\\htdocs...', 741, Array)
#1 C:\xampp\htdocs\rifas\system\CodeIgniter.php(832): App\Controllers\Home->myOrders()
#2 C:\xampp\htdocs\rifas\system\CodeIgniter.php(419): CodeIgniter\CodeIgniter->runController(Object(App\Controllers\Home))
#3 C:\xampp\htdocs\rifas\system\CodeIgniter.php(326): CodeIgniter\CodeIgniter->handleRequest(NULL, Object(Config\Cache), false)
#4 C:\xampp\htdocs\rifas\index.php(53): CodeIgniter\CodeIgniter->run()
#5 {main}
CRITICAL - 2022-10-29 11:17:35 --> Undefined property: stdClass::$payment
#0 C:\xampp\htdocs\rifas\app\Controllers\Home.php(741): CodeIgniter\Debug\Exceptions->errorHandler(8, 'Undefined prope...', 'C:\\xampp\\htdocs...', 741, Array)
#1 C:\xampp\htdocs\rifas\system\CodeIgniter.php(832): App\Controllers\Home->myOrders()
#2 C:\xampp\htdocs\rifas\system\CodeIgniter.php(419): CodeIgniter\CodeIgniter->runController(Object(App\Controllers\Home))
#3 C:\xampp\htdocs\rifas\system\CodeIgniter.php(326): CodeIgniter\CodeIgniter->handleRequest(NULL, Object(Config\Cache), false)
#4 C:\xampp\htdocs\rifas\index.php(53): CodeIgniter\CodeIgniter->run()
#5 {main}
