CRITICAL - 2022-08-22 10:00:30 --> Undefined variable: category
#0 C:\xampp\htdocs\rifas\app\Views\frontend\home.php(34): CodeIgniter\Debug\Exceptions->errorHandler(8, 'Undefined varia...', 'C:\\xampp\\htdocs...', 34, Array)
#1 C:\xampp\htdocs\rifas\system\View\View.php(210): include('C:\\xampp\\htdocs...')
#2 C:\xampp\htdocs\rifas\system\View\View.php(213): CodeIgniter\View\View->CodeIgniter\View\{closure}()
#3 C:\xampp\htdocs\rifas\system\Common.php(1089): CodeIgniter\View\View->render('frontend/home', Array, true)
#4 C:\xampp\htdocs\rifas\app\Controllers\Home.php(44): view('frontend/home', Array)
#5 C:\xampp\htdocs\rifas\system\CodeIgniter.php(832): App\Controllers\Home->index()
#6 C:\xampp\htdocs\rifas\system\CodeIgniter.php(419): CodeIgniter\CodeIgniter->runController(Object(App\Controllers\Home))
#7 C:\xampp\htdocs\rifas\system\CodeIgniter.php(326): CodeIgniter\CodeIgniter->handleRequest(NULL, Object(Config\Cache), false)
#8 C:\xampp\htdocs\rifas\index.php(45): CodeIgniter\CodeIgniter->run()
#9 {main}
CRITICAL - 2022-08-22 10:02:14 --> Undefined variable: category
#0 C:\xampp\htdocs\rifas\app\Views\frontend\home.php(34): CodeIgniter\Debug\Exceptions->errorHandler(8, 'Undefined varia...', 'C:\\xampp\\htdocs...', 34, Array)
#1 C:\xampp\htdocs\rifas\system\View\View.php(210): include('C:\\xampp\\htdocs...')
#2 C:\xampp\htdocs\rifas\system\View\View.php(213): CodeIgniter\View\View->CodeIgniter\View\{closure}()
#3 C:\xampp\htdocs\rifas\system\Common.php(1089): CodeIgniter\View\View->render('frontend/home', Array, true)
#4 C:\xampp\htdocs\rifas\app\Controllers\Home.php(44): view('frontend/home', Array)
#5 C:\xampp\htdocs\rifas\system\CodeIgniter.php(832): App\Controllers\Home->index()
#6 C:\xampp\htdocs\rifas\system\CodeIgniter.php(419): CodeIgniter\CodeIgniter->runController(Object(App\Controllers\Home))
#7 C:\xampp\htdocs\rifas\system\CodeIgniter.php(326): CodeIgniter\CodeIgniter->handleRequest(NULL, Object(Config\Cache), false)
#8 C:\xampp\htdocs\rifas\index.php(45): CodeIgniter\CodeIgniter->run()
#9 {main}
CRITICAL - 2022-08-22 10:02:19 --> Undefined variable: category
#0 C:\xampp\htdocs\rifas\app\Views\frontend\home.php(34): CodeIgniter\Debug\Exceptions->errorHandler(8, 'Undefined varia...', 'C:\\xampp\\htdocs...', 34, Array)
#1 C:\xampp\htdocs\rifas\system\View\View.php(210): include('C:\\xampp\\htdocs...')
#2 C:\xampp\htdocs\rifas\system\View\View.php(213): CodeIgniter\View\View->CodeIgniter\View\{closure}()
#3 C:\xampp\htdocs\rifas\system\Common.php(1089): CodeIgniter\View\View->render('frontend/home', Array, true)
#4 C:\xampp\htdocs\rifas\app\Controllers\Home.php(44): view('frontend/home', Array)
#5 C:\xampp\htdocs\rifas\system\CodeIgniter.php(832): App\Controllers\Home->index()
#6 C:\xampp\htdocs\rifas\system\CodeIgniter.php(419): CodeIgniter\CodeIgniter->runController(Object(App\Controllers\Home))
#7 C:\xampp\htdocs\rifas\system\CodeIgniter.php(326): CodeIgniter\CodeIgniter->handleRequest(NULL, Object(Config\Cache), false)
#8 C:\xampp\htdocs\rifas\index.php(45): CodeIgniter\CodeIgniter->run()
#9 {main}
CRITICAL - 2022-08-22 10:02:41 --> Undefined variable: category
#0 C:\xampp\htdocs\rifas\app\Views\frontend\home.php(34): CodeIgniter\Debug\Exceptions->errorHandler(8, 'Undefined varia...', 'C:\\xampp\\htdocs...', 34, Array)
#1 C:\xampp\htdocs\rifas\system\View\View.php(210): include('C:\\xampp\\htdocs...')
#2 C:\xampp\htdocs\rifas\system\View\View.php(213): CodeIgniter\View\View->CodeIgniter\View\{closure}()
#3 C:\xampp\htdocs\rifas\system\Common.php(1089): CodeIgniter\View\View->render('frontend/home', Array, true)
#4 C:\xampp\htdocs\rifas\app\Controllers\Home.php(44): view('frontend/home', Array)
#5 C:\xampp\htdocs\rifas\system\CodeIgniter.php(832): App\Controllers\Home->index()
#6 C:\xampp\htdocs\rifas\system\CodeIgniter.php(419): CodeIgniter\CodeIgniter->runController(Object(App\Controllers\Home))
#7 C:\xampp\htdocs\rifas\system\CodeIgniter.php(326): CodeIgniter\CodeIgniter->handleRequest(NULL, Object(Config\Cache), false)
#8 C:\xampp\htdocs\rifas\index.php(45): CodeIgniter\CodeIgniter->run()
#9 {main}
CRITICAL - 2022-08-22 10:04:02 --> Undefined variable: category
#0 C:\xampp\htdocs\rifas\app\Views\frontend\home.php(34): CodeIgniter\Debug\Exceptions->errorHandler(8, 'Undefined varia...', 'C:\\xampp\\htdocs...', 34, Array)
#1 C:\xampp\htdocs\rifas\system\View\View.php(210): include('C:\\xampp\\htdocs...')
#2 C:\xampp\htdocs\rifas\system\View\View.php(213): CodeIgniter\View\View->CodeIgniter\View\{closure}()
#3 C:\xampp\htdocs\rifas\system\Common.php(1089): CodeIgniter\View\View->render('frontend/home', Array, true)
#4 C:\xampp\htdocs\rifas\app\Controllers\Home.php(44): view('frontend/home', Array)
#5 C:\xampp\htdocs\rifas\system\CodeIgniter.php(832): App\Controllers\Home->index()
#6 C:\xampp\htdocs\rifas\system\CodeIgniter.php(419): CodeIgniter\CodeIgniter->runController(Object(App\Controllers\Home))
#7 C:\xampp\htdocs\rifas\system\CodeIgniter.php(326): CodeIgniter\CodeIgniter->handleRequest(NULL, Object(Config\Cache), false)
#8 C:\xampp\htdocs\rifas\index.php(45): CodeIgniter\CodeIgniter->run()
#9 {main}
CRITICAL - 2022-08-22 10:04:44 --> Undefined variable: category
#0 C:\xampp\htdocs\rifas\app\Views\frontend\home.php(34): CodeIgniter\Debug\Exceptions->errorHandler(8, 'Undefined varia...', 'C:\\xampp\\htdocs...', 34, Array)
#1 C:\xampp\htdocs\rifas\system\View\View.php(210): include('C:\\xampp\\htdocs...')
#2 C:\xampp\htdocs\rifas\system\View\View.php(213): CodeIgniter\View\View->CodeIgniter\View\{closure}()
#3 C:\xampp\htdocs\rifas\system\Common.php(1089): CodeIgniter\View\View->render('frontend/home', Array, true)
#4 C:\xampp\htdocs\rifas\app\Controllers\Home.php(44): view('frontend/home', Array)
#5 C:\xampp\htdocs\rifas\system\CodeIgniter.php(832): App\Controllers\Home->index()
#6 C:\xampp\htdocs\rifas\system\CodeIgniter.php(419): CodeIgniter\CodeIgniter->runController(Object(App\Controllers\Home))
#7 C:\xampp\htdocs\rifas\system\CodeIgniter.php(326): CodeIgniter\CodeIgniter->handleRequest(NULL, Object(Config\Cache), false)
#8 C:\xampp\htdocs\rifas\index.php(45): CodeIgniter\CodeIgniter->run()
#9 {main}
CRITICAL - 2022-08-22 10:06:04 --> Undefined variable: category
#0 C:\xampp\htdocs\rifas\app\Views\frontend\home.php(39): CodeIgniter\Debug\Exceptions->errorHandler(8, 'Undefined varia...', 'C:\\xampp\\htdocs...', 39, Array)
#1 C:\xampp\htdocs\rifas\system\View\View.php(210): include('C:\\xampp\\htdocs...')
#2 C:\xampp\htdocs\rifas\system\View\View.php(213): CodeIgniter\View\View->CodeIgniter\View\{closure}()
#3 C:\xampp\htdocs\rifas\system\Common.php(1089): CodeIgniter\View\View->render('frontend/home', Array, true)
#4 C:\xampp\htdocs\rifas\app\Controllers\Home.php(44): view('frontend/home', Array)
#5 C:\xampp\htdocs\rifas\system\CodeIgniter.php(832): App\Controllers\Home->index()
#6 C:\xampp\htdocs\rifas\system\CodeIgniter.php(419): CodeIgniter\CodeIgniter->runController(Object(App\Controllers\Home))
#7 C:\xampp\htdocs\rifas\system\CodeIgniter.php(326): CodeIgniter\CodeIgniter->handleRequest(NULL, Object(Config\Cache), false)
#8 C:\xampp\htdocs\rifas\index.php(45): CodeIgniter\CodeIgniter->run()
#9 {main}
CRITICAL - 2022-08-22 10:16:40 --> Call to undefined method App\Models\RaffleModel::getResults
#0 C:\xampp\htdocs\rifas\app\Controllers\Home.php(39): CodeIgniter\Model->__call('getResults', Array)
#1 C:\xampp\htdocs\rifas\system\CodeIgniter.php(832): App\Controllers\Home->index()
#2 C:\xampp\htdocs\rifas\system\CodeIgniter.php(419): CodeIgniter\CodeIgniter->runController(Object(App\Controllers\Home))
#3 C:\xampp\htdocs\rifas\system\CodeIgniter.php(326): CodeIgniter\CodeIgniter->handleRequest(NULL, Object(Config\Cache), false)
#4 C:\xampp\htdocs\rifas\index.php(45): CodeIgniter\CodeIgniter->run()
#5 {main}
CRITICAL - 2022-08-22 10:29:57 --> Trying to get property 'title' of non-object
#0 C:\xampp\htdocs\rifas\app\Views\frontend\home.php(35): CodeIgniter\Debug\Exceptions->errorHandler(8, 'Trying to get p...', 'C:\\xampp\\htdocs...', 35, Array)
#1 C:\xampp\htdocs\rifas\system\View\View.php(210): include('C:\\xampp\\htdocs...')
#2 C:\xampp\htdocs\rifas\system\View\View.php(213): CodeIgniter\View\View->CodeIgniter\View\{closure}()
#3 C:\xampp\htdocs\rifas\system\Common.php(1089): CodeIgniter\View\View->render('frontend/home', Array, true)
#4 C:\xampp\htdocs\rifas\app\Controllers\Home.php(53): view('frontend/home', Array)
#5 C:\xampp\htdocs\rifas\system\CodeIgniter.php(832): App\Controllers\Home->index()
#6 C:\xampp\htdocs\rifas\system\CodeIgniter.php(419): CodeIgniter\CodeIgniter->runController(Object(App\Controllers\Home))
#7 C:\xampp\htdocs\rifas\system\CodeIgniter.php(326): CodeIgniter\CodeIgniter->handleRequest(NULL, Object(Config\Cache), false)
#8 C:\xampp\htdocs\rifas\index.php(45): CodeIgniter\CodeIgniter->run()
#9 {main}
CRITICAL - 2022-08-22 10:30:29 --> syntax error, unexpected '=>' (T_DOUBLE_ARROW), expecting ']'
#0 C:\xampp\htdocs\rifas\system\Autoloader\Autoloader.php(241): CodeIgniter\Autoloader\Autoloader->includeFile('C:\\xampp\\htdocs...')
#1 C:\xampp\htdocs\rifas\system\Autoloader\Autoloader.php(219): CodeIgniter\Autoloader\Autoloader->loadInNamespace('App\\Controllers...')
#2 [internal function]: CodeIgniter\Autoloader\Autoloader->loadClass('App\\Controllers...')
#3 [internal function]: spl_autoload_call('App\\Controllers...')
#4 C:\xampp\htdocs\rifas\system\CodeIgniter.php(797): class_exists('\\App\\Controller...', true)
#5 C:\xampp\htdocs\rifas\system\CodeIgniter.php(406): CodeIgniter\CodeIgniter->startController()
#6 C:\xampp\htdocs\rifas\system\CodeIgniter.php(326): CodeIgniter\CodeIgniter->handleRequest(NULL, Object(Config\Cache), false)
#7 C:\xampp\htdocs\rifas\index.php(45): CodeIgniter\CodeIgniter->run()
#8 {main}
CRITICAL - 2022-08-22 10:30:39 --> Call to undefined function App\Controllers\object()
#0 C:\xampp\htdocs\rifas\system\CodeIgniter.php(832): App\Controllers\Home->index()
#1 C:\xampp\htdocs\rifas\system\CodeIgniter.php(419): CodeIgniter\CodeIgniter->runController(Object(App\Controllers\Home))
#2 C:\xampp\htdocs\rifas\system\CodeIgniter.php(326): CodeIgniter\CodeIgniter->handleRequest(NULL, Object(Config\Cache), false)
#3 C:\xampp\htdocs\rifas\index.php(45): CodeIgniter\CodeIgniter->run()
#4 {main}
CRITICAL - 2022-08-22 10:38:38 --> Trying to get property 'transaction_data' of non-object
#0 C:\xampp\htdocs\rifas\app\Controllers\Home.php(658): CodeIgniter\Debug\Exceptions->errorHandler(8, 'Trying to get p...', 'C:\\xampp\\htdocs...', 658, Array)
#1 C:\xampp\htdocs\rifas\system\CodeIgniter.php(832): App\Controllers\Home->myOrders()
#2 C:\xampp\htdocs\rifas\system\CodeIgniter.php(419): CodeIgniter\CodeIgniter->runController(Object(App\Controllers\Home))
#3 C:\xampp\htdocs\rifas\system\CodeIgniter.php(326): CodeIgniter\CodeIgniter->handleRequest(NULL, Object(Config\Cache), false)
#4 C:\xampp\htdocs\rifas\index.php(45): CodeIgniter\CodeIgniter->run()
#5 {main}
CRITICAL - 2022-08-22 12:24:47 --> Trying to get property 'transaction_data' of non-object
#0 C:\xampp\htdocs\rifas\app\Controllers\Home.php(692): CodeIgniter\Debug\Exceptions->errorHandler(8, 'Trying to get p...', 'C:\\xampp\\htdocs...', 692, Array)
#1 C:\xampp\htdocs\rifas\system\CodeIgniter.php(832): App\Controllers\Home->myOrders()
#2 C:\xampp\htdocs\rifas\system\CodeIgniter.php(419): CodeIgniter\CodeIgniter->runController(Object(App\Controllers\Home))
#3 C:\xampp\htdocs\rifas\system\CodeIgniter.php(326): CodeIgniter\CodeIgniter->handleRequest(NULL, Object(Config\Cache), false)
#4 C:\xampp\htdocs\rifas\index.php(45): CodeIgniter\CodeIgniter->run()
#5 {main}
CRITICAL - 2022-08-22 12:26:57 --> Undefined property: stdClass::$wp_group
#0 C:\xampp\htdocs\rifas\app\Views\frontend\my_orders.php(51): CodeIgniter\Debug\Exceptions->errorHandler(8, 'Undefined prope...', 'C:\\xampp\\htdocs...', 51, Array)
#1 C:\xampp\htdocs\rifas\system\View\View.php(210): include('C:\\xampp\\htdocs...')
#2 C:\xampp\htdocs\rifas\system\View\View.php(213): CodeIgniter\View\View->CodeIgniter\View\{closure}()
#3 C:\xampp\htdocs\rifas\system\Common.php(1089): CodeIgniter\View\View->render('frontend/my_ord...', Array, true)
#4 C:\xampp\htdocs\rifas\app\Controllers\Home.php(707): view('frontend/my_ord...', Array)
#5 C:\xampp\htdocs\rifas\system\CodeIgniter.php(832): App\Controllers\Home->myOrders()
#6 C:\xampp\htdocs\rifas\system\CodeIgniter.php(419): CodeIgniter\CodeIgniter->runController(Object(App\Controllers\Home))
#7 C:\xampp\htdocs\rifas\system\CodeIgniter.php(326): CodeIgniter\CodeIgniter->handleRequest(NULL, Object(Config\Cache), false)
#8 C:\xampp\htdocs\rifas\index.php(45): CodeIgniter\CodeIgniter->run()
#9 {main}
CRITICAL - 2022-08-22 12:27:02 --> Undefined property: stdClass::$wp_group
#0 C:\xampp\htdocs\rifas\app\Views\frontend\my_orders.php(51): CodeIgniter\Debug\Exceptions->errorHandler(8, 'Undefined prope...', 'C:\\xampp\\htdocs...', 51, Array)
#1 C:\xampp\htdocs\rifas\system\View\View.php(210): include('C:\\xampp\\htdocs...')
#2 C:\xampp\htdocs\rifas\system\View\View.php(213): CodeIgniter\View\View->CodeIgniter\View\{closure}()
#3 C:\xampp\htdocs\rifas\system\Common.php(1089): CodeIgniter\View\View->render('frontend/my_ord...', Array, true)
#4 C:\xampp\htdocs\rifas\app\Controllers\Home.php(707): view('frontend/my_ord...', Array)
#5 C:\xampp\htdocs\rifas\system\CodeIgniter.php(832): App\Controllers\Home->myOrders()
#6 C:\xampp\htdocs\rifas\system\CodeIgniter.php(419): CodeIgniter\CodeIgniter->runController(Object(App\Controllers\Home))
#7 C:\xampp\htdocs\rifas\system\CodeIgniter.php(326): CodeIgniter\CodeIgniter->handleRequest(NULL, Object(Config\Cache), false)
#8 C:\xampp\htdocs\rifas\index.php(45): CodeIgniter\CodeIgniter->run()
#9 {main}
CRITICAL - 2022-08-22 13:28:22 --> Trying to get property 'transaction_data' of non-object
#0 C:\xampp\htdocs\rifas\app\Controllers\Home.php(694): CodeIgniter\Debug\Exceptions->errorHandler(8, 'Trying to get p...', 'C:\\xampp\\htdocs...', 694, Array)
#1 C:\xampp\htdocs\rifas\system\CodeIgniter.php(832): App\Controllers\Home->myOrders()
#2 C:\xampp\htdocs\rifas\system\CodeIgniter.php(419): CodeIgniter\CodeIgniter->runController(Object(App\Controllers\Home))
#3 C:\xampp\htdocs\rifas\system\CodeIgniter.php(326): CodeIgniter\CodeIgniter->handleRequest(NULL, Object(Config\Cache), false)
#4 C:\xampp\htdocs\rifas\index.php(45): CodeIgniter\CodeIgniter->run()
#5 {main}
CRITICAL - 2022-08-22 16:38:47 --> Trying to get property 'transaction_data' of non-object
#0 C:\xampp\htdocs\rifas\app\Controllers\Home.php(696): CodeIgniter\Debug\Exceptions->errorHandler(8, 'Trying to get p...', 'C:\\xampp\\htdocs...', 696, Array)
#1 C:\xampp\htdocs\rifas\system\CodeIgniter.php(832): App\Controllers\Home->myOrders()
#2 C:\xampp\htdocs\rifas\system\CodeIgniter.php(419): CodeIgniter\CodeIgniter->runController(Object(App\Controllers\Home))
#3 C:\xampp\htdocs\rifas\system\CodeIgniter.php(326): CodeIgniter\CodeIgniter->handleRequest(NULL, Object(Config\Cache), false)
#4 C:\xampp\htdocs\rifas\index.php(45): CodeIgniter\CodeIgniter->run()
#5 {main}
CRITICAL - 2022-08-22 16:39:19 --> Trying to get property 'transaction_data' of non-object
#0 C:\xampp\htdocs\rifas\app\Controllers\Home.php(696): CodeIgniter\Debug\Exceptions->errorHandler(8, 'Trying to get p...', 'C:\\xampp\\htdocs...', 696, Array)
#1 C:\xampp\htdocs\rifas\system\CodeIgniter.php(832): App\Controllers\Home->myOrders()
#2 C:\xampp\htdocs\rifas\system\CodeIgniter.php(419): CodeIgniter\CodeIgniter->runController(Object(App\Controllers\Home))
#3 C:\xampp\htdocs\rifas\system\CodeIgniter.php(326): CodeIgniter\CodeIgniter->handleRequest(NULL, Object(Config\Cache), false)
#4 C:\xampp\htdocs\rifas\index.php(45): CodeIgniter\CodeIgniter->run()
#5 {main}
CRITICAL - 2022-08-22 16:48:50 --> Undefined variable: raffle
#0 C:\xampp\htdocs\rifas\app\Views\frontend\my_orders.php(27): CodeIgniter\Debug\Exceptions->errorHandler(8, 'Undefined varia...', 'C:\\xampp\\htdocs...', 27, Array)
#1 C:\xampp\htdocs\rifas\system\View\View.php(210): include('C:\\xampp\\htdocs...')
#2 C:\xampp\htdocs\rifas\system\View\View.php(213): CodeIgniter\View\View->CodeIgniter\View\{closure}()
#3 C:\xampp\htdocs\rifas\system\Common.php(1089): CodeIgniter\View\View->render('frontend/my_ord...', Array, true)
#4 C:\xampp\htdocs\rifas\app\Controllers\Home.php(708): view('frontend/my_ord...', Array)
#5 C:\xampp\htdocs\rifas\system\CodeIgniter.php(832): App\Controllers\Home->myOrders()
#6 C:\xampp\htdocs\rifas\system\CodeIgniter.php(419): CodeIgniter\CodeIgniter->runController(Object(App\Controllers\Home))
#7 C:\xampp\htdocs\rifas\system\CodeIgniter.php(326): CodeIgniter\CodeIgniter->handleRequest(NULL, Object(Config\Cache), false)
#8 C:\xampp\htdocs\rifas\index.php(45): CodeIgniter\CodeIgniter->run()
#9 {main}
