CRITICAL - 2023-05-12 10:40:42 --> Too few arguments to function App\Controllers\Api::confirmPaymentCustomer(), 0 passed in /home/rifadaho/osincriveissorteios.com.br/system/CodeIgniter.php on line 832 and exactly 1 expected
#0 /home/rifadaho/osincriveissorteios.com.br/system/CodeIgniter.php(832): App\Controllers\Api->confirmPaymentCustomer()
#1 /home/rifadaho/osincriveissorteios.com.br/system/CodeIgniter.php(419): CodeIgniter\CodeIgniter->runController(Object(App\Controllers\Api))
#2 /home/rifadaho/osincriveissorteios.com.br/system/CodeIgniter.php(326): CodeIgniter\CodeIgniter->handleRequest(NULL, Object(Config\Cache), false)
#3 /home/rifadaho/osincriveissorteios.com.br/index.php(47): CodeIgniter\CodeIgniter->run()
#4 {main}
CRITICAL - 2023-05-12 10:40:50 --> Too few arguments to function App\Controllers\Api::confirmPaymentCustomer(), 0 passed in /home/rifadaho/osincriveissorteios.com.br/system/CodeIgniter.php on line 832 and exactly 1 expected
#0 /home/rifadaho/osincriveissorteios.com.br/system/CodeIgniter.php(832): App\Controllers\Api->confirmPaymentCustomer()
#1 /home/rifadaho/osincriveissorteios.com.br/system/CodeIgniter.php(419): CodeIgniter\CodeIgniter->runController(Object(App\Controllers\Api))
#2 /home/rifadaho/osincriveissorteios.com.br/system/CodeIgniter.php(326): CodeIgniter\CodeIgniter->handleRequest(NULL, Object(Config\Cache), false)
#3 /home/rifadaho/osincriveissorteios.com.br/index.php(47): CodeIgniter\CodeIgniter->run()
#4 {main}
CRITICAL - 2023-05-12 22:32:02 --> Too few arguments to function App\Controllers\Api::confirmPaymentCustomer(), 0 passed in /home/rifadaho/osincriveissorteios.com.br/system/CodeIgniter.php on line 832 and exactly 1 expected
#0 /home/rifadaho/osincriveissorteios.com.br/system/CodeIgniter.php(832): App\Controllers\Api->confirmPaymentCustomer()
#1 /home/rifadaho/osincriveissorteios.com.br/system/CodeIgniter.php(419): CodeIgniter\CodeIgniter->runController(Object(App\Controllers\Api))
#2 /home/rifadaho/osincriveissorteios.com.br/system/CodeIgniter.php(326): CodeIgniter\CodeIgniter->handleRequest(NULL, Object(Config\Cache), false)
#3 /home/rifadaho/osincriveissorteios.com.br/index.php(47): CodeIgniter\CodeIgniter->run()
#4 {main}
CRITICAL - 2023-05-12 22:32:04 --> Too few arguments to function App\Controllers\Api::confirmPaymentCustomer(), 0 passed in /home/rifadaho/osincriveissorteios.com.br/system/CodeIgniter.php on line 832 and exactly 1 expected
#0 /home/rifadaho/osincriveissorteios.com.br/system/CodeIgniter.php(832): App\Controllers\Api->confirmPaymentCustomer()
#1 /home/rifadaho/osincriveissorteios.com.br/system/CodeIgniter.php(419): CodeIgniter\CodeIgniter->runController(Object(App\Controllers\Api))
#2 /home/rifadaho/osincriveissorteios.com.br/system/CodeIgniter.php(326): CodeIgniter\CodeIgniter->handleRequest(NULL, Object(Config\Cache), false)
#3 /home/rifadaho/osincriveissorteios.com.br/index.php(47): CodeIgniter\CodeIgniter->run()
#4 {main}
CRITICAL - 2023-05-12 22:41:14 --> Too few arguments to function App\Controllers\Api::confirmPaymentCustomer(), 0 passed in /home/rifadaho/osincriveissorteios.com.br/system/CodeIgniter.php on line 832 and exactly 1 expected
#0 /home/rifadaho/osincriveissorteios.com.br/system/CodeIgniter.php(832): App\Controllers\Api->confirmPaymentCustomer()
#1 /home/rifadaho/osincriveissorteios.com.br/system/CodeIgniter.php(419): CodeIgniter\CodeIgniter->runController(Object(App\Controllers\Api))
#2 /home/rifadaho/osincriveissorteios.com.br/system/CodeIgniter.php(326): CodeIgniter\CodeIgniter->handleRequest(NULL, Object(Config\Cache), false)
#3 /home/rifadaho/osincriveissorteios.com.br/index.php(47): CodeIgniter\CodeIgniter->run()
#4 {main}
CRITICAL - 2023-05-12 22:42:23 --> Too few arguments to function App\Controllers\Api::confirmPaymentCustomer(), 0 passed in /home/rifadaho/osincriveissorteios.com.br/system/CodeIgniter.php on line 832 and exactly 1 expected
#0 /home/rifadaho/osincriveissorteios.com.br/system/CodeIgniter.php(832): App\Controllers\Api->confirmPaymentCustomer()
#1 /home/rifadaho/osincriveissorteios.com.br/system/CodeIgniter.php(419): CodeIgniter\CodeIgniter->runController(Object(App\Controllers\Api))
#2 /home/rifadaho/osincriveissorteios.com.br/system/CodeIgniter.php(326): CodeIgniter\CodeIgniter->handleRequest(NULL, Object(Config\Cache), false)
#3 /home/rifadaho/osincriveissorteios.com.br/index.php(47): CodeIgniter\CodeIgniter->run()
#4 {main}
CRITICAL - 2023-05-12 22:47:40 --> Too few arguments to function App\Controllers\Api::confirmPaymentCustomer(), 0 passed in /home/rifadaho/osincriveissorteios.com.br/system/CodeIgniter.php on line 832 and exactly 1 expected
#0 /home/rifadaho/osincriveissorteios.com.br/system/CodeIgniter.php(832): App\Controllers\Api->confirmPaymentCustomer()
#1 /home/rifadaho/osincriveissorteios.com.br/system/CodeIgniter.php(419): CodeIgniter\CodeIgniter->runController(Object(App\Controllers\Api))
#2 /home/rifadaho/osincriveissorteios.com.br/system/CodeIgniter.php(326): CodeIgniter\CodeIgniter->handleRequest(NULL, Object(Config\Cache), false)
#3 /home/rifadaho/osincriveissorteios.com.br/index.php(47): CodeIgniter\CodeIgniter->run()
#4 {main}
CRITICAL - 2023-05-12 22:49:10 --> Too few arguments to function App\Controllers\Api::confirmPaymentCustomer(), 0 passed in /home/rifadaho/osincriveissorteios.com.br/system/CodeIgniter.php on line 832 and exactly 1 expected
#0 /home/rifadaho/osincriveissorteios.com.br/system/CodeIgniter.php(832): App\Controllers\Api->confirmPaymentCustomer()
#1 /home/rifadaho/osincriveissorteios.com.br/system/CodeIgniter.php(419): CodeIgniter\CodeIgniter->runController(Object(App\Controllers\Api))
#2 /home/rifadaho/osincriveissorteios.com.br/system/CodeIgniter.php(326): CodeIgniter\CodeIgniter->handleRequest(NULL, Object(Config\Cache), false)
#3 /home/rifadaho/osincriveissorteios.com.br/index.php(47): CodeIgniter\CodeIgniter->run()
#4 {main}
