CRITICAL - 2023-05-31 10:56:14 --> Too few arguments to function App\Controllers\Api::confirmPaymentCustomer(), 0 passed in /home/u214797316/domains/sortenavida.online/public_html/system/CodeIgniter.php on line 832 and exactly 1 expected
#0 /home/u214797316/domains/sortenavida.online/public_html/system/CodeIgniter.php(832): App\Controllers\Api->confirmPaymentCustomer()
#1 /home/u214797316/domains/sortenavida.online/public_html/system/CodeIgniter.php(419): CodeIgniter\CodeIgniter->runController(Object(App\Controllers\Api))
#2 /home/u214797316/domains/sortenavida.online/public_html/system/CodeIgniter.php(326): CodeIgniter\CodeIgniter->handleRequest(NULL, Object(Config\Cache), false)
#3 /home/u214797316/domains/sortenavida.online/public_html/index.php(47): CodeIgniter\CodeIgniter->run()
#4 {main}
CRITICAL - 2023-05-31 10:56:21 --> Too few arguments to function App\Controllers\Api::confirmPaymentCustomer(), 0 passed in /home/u214797316/domains/sortenavida.online/public_html/system/CodeIgniter.php on line 832 and exactly 1 expected
#0 /home/u214797316/domains/sortenavida.online/public_html/system/CodeIgniter.php(832): App\Controllers\Api->confirmPaymentCustomer()
#1 /home/u214797316/domains/sortenavida.online/public_html/system/CodeIgniter.php(419): CodeIgniter\CodeIgniter->runController(Object(App\Controllers\Api))
#2 /home/u214797316/domains/sortenavida.online/public_html/system/CodeIgniter.php(326): CodeIgniter\CodeIgniter->handleRequest(NULL, Object(Config\Cache), false)
#3 /home/u214797316/domains/sortenavida.online/public_html/index.php(47): CodeIgniter\CodeIgniter->run()
#4 {main}
CRITICAL - 2023-05-31 10:57:15 --> Too few arguments to function App\Controllers\Api::confirmPaymentCustomer(), 0 passed in /home/u214797316/domains/sortenavida.online/public_html/system/CodeIgniter.php on line 832 and exactly 1 expected
#0 /home/u214797316/domains/sortenavida.online/public_html/system/CodeIgniter.php(832): App\Controllers\Api->confirmPaymentCustomer()
#1 /home/u214797316/domains/sortenavida.online/public_html/system/CodeIgniter.php(419): CodeIgniter\CodeIgniter->runController(Object(App\Controllers\Api))
#2 /home/u214797316/domains/sortenavida.online/public_html/system/CodeIgniter.php(326): CodeIgniter\CodeIgniter->handleRequest(NULL, Object(Config\Cache), false)
#3 /home/u214797316/domains/sortenavida.online/public_html/index.php(47): CodeIgniter\CodeIgniter->run()
#4 {main}
CRITICAL - 2023-05-31 10:57:15 --> Too few arguments to function App\Controllers\Api::confirmPaymentCustomer(), 0 passed in /home/u214797316/domains/sortenavida.online/public_html/system/CodeIgniter.php on line 832 and exactly 1 expected
#0 /home/u214797316/domains/sortenavida.online/public_html/system/CodeIgniter.php(832): App\Controllers\Api->confirmPaymentCustomer()
#1 /home/u214797316/domains/sortenavida.online/public_html/system/CodeIgniter.php(419): CodeIgniter\CodeIgniter->runController(Object(App\Controllers\Api))
#2 /home/u214797316/domains/sortenavida.online/public_html/system/CodeIgniter.php(326): CodeIgniter\CodeIgniter->handleRequest(NULL, Object(Config\Cache), false)
#3 /home/u214797316/domains/sortenavida.online/public_html/index.php(47): CodeIgniter\CodeIgniter->run()
#4 {main}
CRITICAL - 2023-05-31 11:16:04 --> Too few arguments to function App\Controllers\Api::confirmPaymentCustomer(), 0 passed in /home/u214797316/domains/sortenavida.online/public_html/system/CodeIgniter.php on line 832 and exactly 1 expected
#0 /home/u214797316/domains/sortenavida.online/public_html/system/CodeIgniter.php(832): App\Controllers\Api->confirmPaymentCustomer()
#1 /home/u214797316/domains/sortenavida.online/public_html/system/CodeIgniter.php(419): CodeIgniter\CodeIgniter->runController(Object(App\Controllers\Api))
#2 /home/u214797316/domains/sortenavida.online/public_html/system/CodeIgniter.php(326): CodeIgniter\CodeIgniter->handleRequest(NULL, Object(Config\Cache), false)
#3 /home/u214797316/domains/sortenavida.online/public_html/index.php(47): CodeIgniter\CodeIgniter->run()
#4 {main}
CRITICAL - 2023-05-31 11:16:16 --> Too few arguments to function App\Controllers\Api::confirmPaymentCustomer(), 0 passed in /home/u214797316/domains/sortenavida.online/public_html/system/CodeIgniter.php on line 832 and exactly 1 expected
#0 /home/u214797316/domains/sortenavida.online/public_html/system/CodeIgniter.php(832): App\Controllers\Api->confirmPaymentCustomer()
#1 /home/u214797316/domains/sortenavida.online/public_html/system/CodeIgniter.php(419): CodeIgniter\CodeIgniter->runController(Object(App\Controllers\Api))
#2 /home/u214797316/domains/sortenavida.online/public_html/system/CodeIgniter.php(326): CodeIgniter\CodeIgniter->handleRequest(NULL, Object(Config\Cache), false)
#3 /home/u214797316/domains/sortenavida.online/public_html/index.php(47): CodeIgniter\CodeIgniter->run()
#4 {main}
CRITICAL - 2023-05-31 12:21:48 --> Must provide your access_token to proceed
#0 /home/u214797316/domains/sortenavida.online/public_html/vendor/mercadopago/dx-php/src/MercadoPago/Entity.php(75): MercadoPago\Entity::read(Array)
#1 /home/u214797316/domains/sortenavida.online/public_html/app/Controllers/Dashboard.php(496): MercadoPago\Entity::find_by_id('58698064211')
#2 /home/u214797316/domains/sortenavida.online/public_html/system/CodeIgniter.php(832): App\Controllers\Dashboard->raffles()
#3 /home/u214797316/domains/sortenavida.online/public_html/system/CodeIgniter.php(419): CodeIgniter\CodeIgniter->runController(Object(App\Controllers\Dashboard))
#4 /home/u214797316/domains/sortenavida.online/public_html/system/CodeIgniter.php(326): CodeIgniter\CodeIgniter->handleRequest(NULL, Object(Config\Cache), false)
#5 /home/u214797316/domains/sortenavida.online/public_html/index.php(47): CodeIgniter\CodeIgniter->run()
#6 {main}
CRITICAL - 2023-05-31 12:21:51 --> Must provide your access_token to proceed
#0 /home/u214797316/domains/sortenavida.online/public_html/vendor/mercadopago/dx-php/src/MercadoPago/Entity.php(75): MercadoPago\Entity::read(Array)
#1 /home/u214797316/domains/sortenavida.online/public_html/app/Controllers/Dashboard.php(496): MercadoPago\Entity::find_by_id('58698064211')
#2 /home/u214797316/domains/sortenavida.online/public_html/system/CodeIgniter.php(832): App\Controllers\Dashboard->raffles()
#3 /home/u214797316/domains/sortenavida.online/public_html/system/CodeIgniter.php(419): CodeIgniter\CodeIgniter->runController(Object(App\Controllers\Dashboard))
#4 /home/u214797316/domains/sortenavida.online/public_html/system/CodeIgniter.php(326): CodeIgniter\CodeIgniter->handleRequest(NULL, Object(Config\Cache), false)
#5 /home/u214797316/domains/sortenavida.online/public_html/index.php(47): CodeIgniter\CodeIgniter->run()
#6 {main}
CRITICAL - 2023-05-31 12:21:59 --> Must provide your access_token to proceed
#0 /home/u214797316/domains/sortenavida.online/public_html/vendor/mercadopago/dx-php/src/MercadoPago/Entity.php(75): MercadoPago\Entity::read(Array)
#1 /home/u214797316/domains/sortenavida.online/public_html/app/Controllers/Dashboard.php(496): MercadoPago\Entity::find_by_id('58698064211')
#2 /home/u214797316/domains/sortenavida.online/public_html/system/CodeIgniter.php(832): App\Controllers\Dashboard->raffles()
#3 /home/u214797316/domains/sortenavida.online/public_html/system/CodeIgniter.php(419): CodeIgniter\CodeIgniter->runController(Object(App\Controllers\Dashboard))
#4 /home/u214797316/domains/sortenavida.online/public_html/system/CodeIgniter.php(326): CodeIgniter\CodeIgniter->handleRequest(NULL, Object(Config\Cache), false)
#5 /home/u214797316/domains/sortenavida.online/public_html/index.php(47): CodeIgniter\CodeIgniter->run()
#6 {main}
CRITICAL - 2023-05-31 12:22:36 --> Must provide your access_token to proceed
#0 /home/u214797316/domains/sortenavida.online/public_html/vendor/mercadopago/dx-php/src/MercadoPago/Entity.php(75): MercadoPago\Entity::read(Array)
#1 /home/u214797316/domains/sortenavida.online/public_html/app/Controllers/Dashboard.php(496): MercadoPago\Entity::find_by_id('58698064211')
#2 /home/u214797316/domains/sortenavida.online/public_html/system/CodeIgniter.php(832): App\Controllers\Dashboard->raffles()
#3 /home/u214797316/domains/sortenavida.online/public_html/system/CodeIgniter.php(419): CodeIgniter\CodeIgniter->runController(Object(App\Controllers\Dashboard))
#4 /home/u214797316/domains/sortenavida.online/public_html/system/CodeIgniter.php(326): CodeIgniter\CodeIgniter->handleRequest(NULL, Object(Config\Cache), false)
#5 /home/u214797316/domains/sortenavida.online/public_html/index.php(47): CodeIgniter\CodeIgniter->run()
#6 {main}
CRITICAL - 2023-05-31 12:22:52 --> Must provide your access_token to proceed
#0 /home/u214797316/domains/sortenavida.online/public_html/vendor/mercadopago/dx-php/src/MercadoPago/Entity.php(75): MercadoPago\Entity::read(Array)
#1 /home/u214797316/domains/sortenavida.online/public_html/app/Controllers/Dashboard.php(496): MercadoPago\Entity::find_by_id('58698064211')
#2 /home/u214797316/domains/sortenavida.online/public_html/system/CodeIgniter.php(832): App\Controllers\Dashboard->raffles()
#3 /home/u214797316/domains/sortenavida.online/public_html/system/CodeIgniter.php(419): CodeIgniter\CodeIgniter->runController(Object(App\Controllers\Dashboard))
#4 /home/u214797316/domains/sortenavida.online/public_html/system/CodeIgniter.php(326): CodeIgniter\CodeIgniter->handleRequest(NULL, Object(Config\Cache), false)
#5 /home/u214797316/domains/sortenavida.online/public_html/index.php(47): CodeIgniter\CodeIgniter->run()
#6 {main}
CRITICAL - 2023-05-31 13:25:14 --> Too few arguments to function App\Controllers\Api::confirmPaymentCustomer(), 0 passed in /home/u214797316/domains/sortenavida.online/public_html/system/CodeIgniter.php on line 832 and exactly 1 expected
#0 /home/u214797316/domains/sortenavida.online/public_html/system/CodeIgniter.php(832): App\Controllers\Api->confirmPaymentCustomer()
#1 /home/u214797316/domains/sortenavida.online/public_html/system/CodeIgniter.php(419): CodeIgniter\CodeIgniter->runController(Object(App\Controllers\Api))
#2 /home/u214797316/domains/sortenavida.online/public_html/system/CodeIgniter.php(326): CodeIgniter\CodeIgniter->handleRequest(NULL, Object(Config\Cache), false)
#3 /home/u214797316/domains/sortenavida.online/public_html/index.php(47): CodeIgniter\CodeIgniter->run()
#4 {main}
CRITICAL - 2023-05-31 13:25:14 --> Too few arguments to function App\Controllers\Api::confirmPaymentCustomer(), 0 passed in /home/u214797316/domains/sortenavida.online/public_html/system/CodeIgniter.php on line 832 and exactly 1 expected
#0 /home/u214797316/domains/sortenavida.online/public_html/system/CodeIgniter.php(832): App\Controllers\Api->confirmPaymentCustomer()
#1 /home/u214797316/domains/sortenavida.online/public_html/system/CodeIgniter.php(419): CodeIgniter\CodeIgniter->runController(Object(App\Controllers\Api))
#2 /home/u214797316/domains/sortenavida.online/public_html/system/CodeIgniter.php(326): CodeIgniter\CodeIgniter->handleRequest(NULL, Object(Config\Cache), false)
#3 /home/u214797316/domains/sortenavida.online/public_html/index.php(47): CodeIgniter\CodeIgniter->run()
#4 {main}
CRITICAL - 2023-05-31 13:25:14 --> Too few arguments to function App\Controllers\Api::confirmPaymentCustomer(), 0 passed in /home/u214797316/domains/sortenavida.online/public_html/system/CodeIgniter.php on line 832 and exactly 1 expected
#0 /home/u214797316/domains/sortenavida.online/public_html/system/CodeIgniter.php(832): App\Controllers\Api->confirmPaymentCustomer()
#1 /home/u214797316/domains/sortenavida.online/public_html/system/CodeIgniter.php(419): CodeIgniter\CodeIgniter->runController(Object(App\Controllers\Api))
#2 /home/u214797316/domains/sortenavida.online/public_html/system/CodeIgniter.php(326): CodeIgniter\CodeIgniter->handleRequest(NULL, Object(Config\Cache), false)
#3 /home/u214797316/domains/sortenavida.online/public_html/index.php(47): CodeIgniter\CodeIgniter->run()
#4 {main}
CRITICAL - 2023-05-31 13:26:15 --> Too few arguments to function App\Controllers\Api::confirmPaymentCustomer(), 0 passed in /home/u214797316/domains/sortenavida.online/public_html/system/CodeIgniter.php on line 832 and exactly 1 expected
#0 /home/u214797316/domains/sortenavida.online/public_html/system/CodeIgniter.php(832): App\Controllers\Api->confirmPaymentCustomer()
#1 /home/u214797316/domains/sortenavida.online/public_html/system/CodeIgniter.php(419): CodeIgniter\CodeIgniter->runController(Object(App\Controllers\Api))
#2 /home/u214797316/domains/sortenavida.online/public_html/system/CodeIgniter.php(326): CodeIgniter\CodeIgniter->handleRequest(NULL, Object(Config\Cache), false)
#3 /home/u214797316/domains/sortenavida.online/public_html/index.php(47): CodeIgniter\CodeIgniter->run()
#4 {main}
