CRITICAL - 2023-03-25 00:31:51 --> Maximum execution time of 90 seconds exceeded
#0 [internal function]: CodeIgniter\Debug\Exceptions->shutdownHandler()
#1 {main}
ERROR - 2023-03-25 12:03:09 --> Error connecting to the database: Access denied for user '****'@'localhost' (using password: YES)
CRITICAL - 2023-03-25 12:03:09 --> Unable to connect to the database.
Main connection [MySQLi]: Access denied for user '****'@'localhost' (using password: YES)
#0 /home/am5qanbf/public_html/system/Database/BaseConnection.php(577): CodeIgniter\Database\BaseConnection->initialize()
#1 /home/am5qanbf/public_html/system/Database/BaseBuilder.php(1455): CodeIgniter\Database\BaseConnection->query('SELECT `id`, `s...', Array, false)
#2 /home/am5qanbf/public_html/system/Model.php(183): CodeIgniter\Database\BaseBuilder->get()
#3 /home/am5qanbf/public_html/system/BaseModel.php(584): CodeIgniter\Model->doFindAll(4, 0)
#4 /home/am5qanbf/public_html/app/Controllers/Home.php(51): CodeIgniter\BaseModel->findAll(4)
#5 /home/am5qanbf/public_html/system/CodeIgniter.php(832): App\Controllers\Home->index()
#6 /home/am5qanbf/public_html/system/CodeIgniter.php(419): CodeIgniter\CodeIgniter->runController(Object(App\Controllers\Home))
#7 /home/am5qanbf/public_html/system/CodeIgniter.php(326): CodeIgniter\CodeIgniter->handleRequest(NULL, Object(Config\Cache), false)
#8 /home/am5qanbf/public_html/index.php(46): CodeIgniter\CodeIgniter->run()
#9 {main}
ERROR - 2023-03-25 12:08:24 --> Error connecting to the database: Access denied for user '****'@'localhost' (using password: YES)
CRITICAL - 2023-03-25 12:08:24 --> Unable to connect to the database.
Main connection [MySQLi]: Access denied for user '****'@'localhost' (using password: YES)
#0 /home/am5qanbf/public_html/system/Database/BaseConnection.php(577): CodeIgniter\Database\BaseConnection->initialize()
#1 /home/am5qanbf/public_html/system/Database/BaseBuilder.php(1455): CodeIgniter\Database\BaseConnection->query('SELECT `id`, `s...', Array, false)
#2 /home/am5qanbf/public_html/system/Model.php(183): CodeIgniter\Database\BaseBuilder->get()
#3 /home/am5qanbf/public_html/system/BaseModel.php(584): CodeIgniter\Model->doFindAll(4, 0)
#4 /home/am5qanbf/public_html/app/Controllers/Home.php(51): CodeIgniter\BaseModel->findAll(4)
#5 /home/am5qanbf/public_html/system/CodeIgniter.php(832): App\Controllers\Home->index()
#6 /home/am5qanbf/public_html/system/CodeIgniter.php(419): CodeIgniter\CodeIgniter->runController(Object(App\Controllers\Home))
#7 /home/am5qanbf/public_html/system/CodeIgniter.php(326): CodeIgniter\CodeIgniter->handleRequest(NULL, Object(Config\Cache), false)
#8 /home/am5qanbf/public_html/index.php(46): CodeIgniter\CodeIgniter->run()
#9 {main}
