CRITICAL - 2023-05-01 00:20:49 --> Too few arguments to function App\Controllers\Api::confirmPaymentCustomer(), 0 passed in /home/rifadaho/osincriveissorteios.com.br/system/CodeIgniter.php on line 832 and exactly 1 expected
#0 /home/rifadaho/osincriveissorteios.com.br/system/CodeIgniter.php(832): App\Controllers\Api->confirmPaymentCustomer()
#1 /home/rifadaho/osincriveissorteios.com.br/system/CodeIgniter.php(419): CodeIgniter\CodeIgniter->runController(Object(App\Controllers\Api))
#2 /home/rifadaho/osincriveissorteios.com.br/system/CodeIgniter.php(326): CodeIgniter\CodeIgniter->handleRequest(NULL, Object(Config\Cache), false)
#3 /home/rifadaho/osincriveissorteios.com.br/index.php(47): CodeIgniter\CodeIgniter->run()
#4 {main}
CRITICAL - 2023-05-01 00:21:02 --> Too few arguments to function App\Controllers\Api::confirmPaymentCustomer(), 0 passed in /home/rifadaho/osincriveissorteios.com.br/system/CodeIgniter.php on line 832 and exactly 1 expected
#0 /home/rifadaho/osincriveissorteios.com.br/system/CodeIgniter.php(832): App\Controllers\Api->confirmPaymentCustomer()
#1 /home/rifadaho/osincriveissorteios.com.br/system/CodeIgniter.php(419): CodeIgniter\CodeIgniter->runController(Object(App\Controllers\Api))
#2 /home/rifadaho/osincriveissorteios.com.br/system/CodeIgniter.php(326): CodeIgniter\CodeIgniter->handleRequest(NULL, Object(Config\Cache), false)
#3 /home/rifadaho/osincriveissorteios.com.br/index.php(47): CodeIgniter\CodeIgniter->run()
#4 {main}
CRITICAL - 2023-05-01 03:00:37 --> Too few arguments to function App\Controllers\Api::confirmPaymentCustomer(), 0 passed in /home/rifadaho/osincriveissorteios.com.br/system/CodeIgniter.php on line 832 and exactly 1 expected
#0 /home/rifadaho/osincriveissorteios.com.br/system/CodeIgniter.php(832): App\Controllers\Api->confirmPaymentCustomer()
#1 /home/rifadaho/osincriveissorteios.com.br/system/CodeIgniter.php(419): CodeIgniter\CodeIgniter->runController(Object(App\Controllers\Api))
#2 /home/rifadaho/osincriveissorteios.com.br/system/CodeIgniter.php(326): CodeIgniter\CodeIgniter->handleRequest(NULL, Object(Config\Cache), false)
#3 /home/rifadaho/osincriveissorteios.com.br/index.php(47): CodeIgniter\CodeIgniter->run()
#4 {main}
CRITICAL - 2023-05-01 03:00:55 --> Too few arguments to function App\Controllers\Api::confirmPaymentCustomer(), 0 passed in /home/rifadaho/osincriveissorteios.com.br/system/CodeIgniter.php on line 832 and exactly 1 expected
#0 /home/rifadaho/osincriveissorteios.com.br/system/CodeIgniter.php(832): App\Controllers\Api->confirmPaymentCustomer()
#1 /home/rifadaho/osincriveissorteios.com.br/system/CodeIgniter.php(419): CodeIgniter\CodeIgniter->runController(Object(App\Controllers\Api))
#2 /home/rifadaho/osincriveissorteios.com.br/system/CodeIgniter.php(326): CodeIgniter\CodeIgniter->handleRequest(NULL, Object(Config\Cache), false)
#3 /home/rifadaho/osincriveissorteios.com.br/index.php(47): CodeIgniter\CodeIgniter->run()
#4 {main}
CRITICAL - 2023-05-01 03:21:59 --> Too few arguments to function App\Controllers\Api::confirmPaymentCustomer(), 0 passed in /home/rifadaho/osincriveissorteios.com.br/system/CodeIgniter.php on line 832 and exactly 1 expected
#0 /home/rifadaho/osincriveissorteios.com.br/system/CodeIgniter.php(832): App\Controllers\Api->confirmPaymentCustomer()
#1 /home/rifadaho/osincriveissorteios.com.br/system/CodeIgniter.php(419): CodeIgniter\CodeIgniter->runController(Object(App\Controllers\Api))
#2 /home/rifadaho/osincriveissorteios.com.br/system/CodeIgniter.php(326): CodeIgniter\CodeIgniter->handleRequest(NULL, Object(Config\Cache), false)
#3 /home/rifadaho/osincriveissorteios.com.br/index.php(47): CodeIgniter\CodeIgniter->run()
#4 {main}
CRITICAL - 2023-05-01 03:21:59 --> Too few arguments to function App\Controllers\Api::confirmPaymentCustomer(), 0 passed in /home/rifadaho/osincriveissorteios.com.br/system/CodeIgniter.php on line 832 and exactly 1 expected
#0 /home/rifadaho/osincriveissorteios.com.br/system/CodeIgniter.php(832): App\Controllers\Api->confirmPaymentCustomer()
#1 /home/rifadaho/osincriveissorteios.com.br/system/CodeIgniter.php(419): CodeIgniter\CodeIgniter->runController(Object(App\Controllers\Api))
#2 /home/rifadaho/osincriveissorteios.com.br/system/CodeIgniter.php(326): CodeIgniter\CodeIgniter->handleRequest(NULL, Object(Config\Cache), false)
#3 /home/rifadaho/osincriveissorteios.com.br/index.php(47): CodeIgniter\CodeIgniter->run()
#4 {main}
CRITICAL - 2023-05-01 03:22:02 --> Too few arguments to function App\Controllers\Api::confirmPaymentCustomer(), 0 passed in /home/rifadaho/osincriveissorteios.com.br/system/CodeIgniter.php on line 832 and exactly 1 expected
#0 /home/rifadaho/osincriveissorteios.com.br/system/CodeIgniter.php(832): App\Controllers\Api->confirmPaymentCustomer()
#1 /home/rifadaho/osincriveissorteios.com.br/system/CodeIgniter.php(419): CodeIgniter\CodeIgniter->runController(Object(App\Controllers\Api))
#2 /home/rifadaho/osincriveissorteios.com.br/system/CodeIgniter.php(326): CodeIgniter\CodeIgniter->handleRequest(NULL, Object(Config\Cache), false)
#3 /home/rifadaho/osincriveissorteios.com.br/index.php(47): CodeIgniter\CodeIgniter->run()
#4 {main}
CRITICAL - 2023-05-01 03:22:03 --> Too few arguments to function App\Controllers\Api::confirmPaymentCustomer(), 0 passed in /home/rifadaho/osincriveissorteios.com.br/system/CodeIgniter.php on line 832 and exactly 1 expected
#0 /home/rifadaho/osincriveissorteios.com.br/system/CodeIgniter.php(832): App\Controllers\Api->confirmPaymentCustomer()
#1 /home/rifadaho/osincriveissorteios.com.br/system/CodeIgniter.php(419): CodeIgniter\CodeIgniter->runController(Object(App\Controllers\Api))
#2 /home/rifadaho/osincriveissorteios.com.br/system/CodeIgniter.php(326): CodeIgniter\CodeIgniter->handleRequest(NULL, Object(Config\Cache), false)
#3 /home/rifadaho/osincriveissorteios.com.br/index.php(47): CodeIgniter\CodeIgniter->run()
#4 {main}
CRITICAL - 2023-05-01 03:22:59 --> Too few arguments to function App\Controllers\Api::confirmPaymentCustomer(), 0 passed in /home/rifadaho/osincriveissorteios.com.br/system/CodeIgniter.php on line 832 and exactly 1 expected
#0 /home/rifadaho/osincriveissorteios.com.br/system/CodeIgniter.php(832): App\Controllers\Api->confirmPaymentCustomer()
#1 /home/rifadaho/osincriveissorteios.com.br/system/CodeIgniter.php(419): CodeIgniter\CodeIgniter->runController(Object(App\Controllers\Api))
#2 /home/rifadaho/osincriveissorteios.com.br/system/CodeIgniter.php(326): CodeIgniter\CodeIgniter->handleRequest(NULL, Object(Config\Cache), false)
#3 /home/rifadaho/osincriveissorteios.com.br/index.php(47): CodeIgniter\CodeIgniter->run()
#4 {main}
CRITICAL - 2023-05-01 03:23:00 --> Too few arguments to function App\Controllers\Api::confirmPaymentCustomer(), 0 passed in /home/rifadaho/osincriveissorteios.com.br/system/CodeIgniter.php on line 832 and exactly 1 expected
#0 /home/rifadaho/osincriveissorteios.com.br/system/CodeIgniter.php(832): App\Controllers\Api->confirmPaymentCustomer()
#1 /home/rifadaho/osincriveissorteios.com.br/system/CodeIgniter.php(419): CodeIgniter\CodeIgniter->runController(Object(App\Controllers\Api))
#2 /home/rifadaho/osincriveissorteios.com.br/system/CodeIgniter.php(326): CodeIgniter\CodeIgniter->handleRequest(NULL, Object(Config\Cache), false)
#3 /home/rifadaho/osincriveissorteios.com.br/index.php(47): CodeIgniter\CodeIgniter->run()
#4 {main}
CRITICAL - 2023-05-01 03:40:15 --> Too few arguments to function App\Controllers\Api::confirmPaymentCustomer(), 0 passed in /home/rifadaho/osincriveissorteios.com.br/system/CodeIgniter.php on line 832 and exactly 1 expected
#0 /home/rifadaho/osincriveissorteios.com.br/system/CodeIgniter.php(832): App\Controllers\Api->confirmPaymentCustomer()
#1 /home/rifadaho/osincriveissorteios.com.br/system/CodeIgniter.php(419): CodeIgniter\CodeIgniter->runController(Object(App\Controllers\Api))
#2 /home/rifadaho/osincriveissorteios.com.br/system/CodeIgniter.php(326): CodeIgniter\CodeIgniter->handleRequest(NULL, Object(Config\Cache), false)
#3 /home/rifadaho/osincriveissorteios.com.br/index.php(47): CodeIgniter\CodeIgniter->run()
#4 {main}
CRITICAL - 2023-05-01 03:40:16 --> Too few arguments to function App\Controllers\Api::confirmPaymentCustomer(), 0 passed in /home/rifadaho/osincriveissorteios.com.br/system/CodeIgniter.php on line 832 and exactly 1 expected
#0 /home/rifadaho/osincriveissorteios.com.br/system/CodeIgniter.php(832): App\Controllers\Api->confirmPaymentCustomer()
#1 /home/rifadaho/osincriveissorteios.com.br/system/CodeIgniter.php(419): CodeIgniter\CodeIgniter->runController(Object(App\Controllers\Api))
#2 /home/rifadaho/osincriveissorteios.com.br/system/CodeIgniter.php(326): CodeIgniter\CodeIgniter->handleRequest(NULL, Object(Config\Cache), false)
#3 /home/rifadaho/osincriveissorteios.com.br/index.php(47): CodeIgniter\CodeIgniter->run()
#4 {main}
CRITICAL - 2023-05-01 04:15:24 --> Too few arguments to function App\Controllers\Api::confirmPaymentCustomer(), 0 passed in /home/rifadaho/osincriveissorteios.com.br/system/CodeIgniter.php on line 832 and exactly 1 expected
#0 /home/rifadaho/osincriveissorteios.com.br/system/CodeIgniter.php(832): App\Controllers\Api->confirmPaymentCustomer()
#1 /home/rifadaho/osincriveissorteios.com.br/system/CodeIgniter.php(419): CodeIgniter\CodeIgniter->runController(Object(App\Controllers\Api))
#2 /home/rifadaho/osincriveissorteios.com.br/system/CodeIgniter.php(326): CodeIgniter\CodeIgniter->handleRequest(NULL, Object(Config\Cache), false)
#3 /home/rifadaho/osincriveissorteios.com.br/index.php(47): CodeIgniter\CodeIgniter->run()
#4 {main}
CRITICAL - 2023-05-01 04:15:32 --> Too few arguments to function App\Controllers\Api::confirmPaymentCustomer(), 0 passed in /home/rifadaho/osincriveissorteios.com.br/system/CodeIgniter.php on line 832 and exactly 1 expected
#0 /home/rifadaho/osincriveissorteios.com.br/system/CodeIgniter.php(832): App\Controllers\Api->confirmPaymentCustomer()
#1 /home/rifadaho/osincriveissorteios.com.br/system/CodeIgniter.php(419): CodeIgniter\CodeIgniter->runController(Object(App\Controllers\Api))
#2 /home/rifadaho/osincriveissorteios.com.br/system/CodeIgniter.php(326): CodeIgniter\CodeIgniter->handleRequest(NULL, Object(Config\Cache), false)
#3 /home/rifadaho/osincriveissorteios.com.br/index.php(47): CodeIgniter\CodeIgniter->run()
#4 {main}
CRITICAL - 2023-05-01 10:20:32 --> Too few arguments to function App\Controllers\Api::confirmPaymentCustomer(), 0 passed in /home/rifadaho/osincriveissorteios.com.br/system/CodeIgniter.php on line 832 and exactly 1 expected
#0 /home/rifadaho/osincriveissorteios.com.br/system/CodeIgniter.php(832): App\Controllers\Api->confirmPaymentCustomer()
#1 /home/rifadaho/osincriveissorteios.com.br/system/CodeIgniter.php(419): CodeIgniter\CodeIgniter->runController(Object(App\Controllers\Api))
#2 /home/rifadaho/osincriveissorteios.com.br/system/CodeIgniter.php(326): CodeIgniter\CodeIgniter->handleRequest(NULL, Object(Config\Cache), false)
#3 /home/rifadaho/osincriveissorteios.com.br/index.php(47): CodeIgniter\CodeIgniter->run()
#4 {main}
CRITICAL - 2023-05-01 10:20:38 --> Too few arguments to function App\Controllers\Api::confirmPaymentCustomer(), 0 passed in /home/rifadaho/osincriveissorteios.com.br/system/CodeIgniter.php on line 832 and exactly 1 expected
#0 /home/rifadaho/osincriveissorteios.com.br/system/CodeIgniter.php(832): App\Controllers\Api->confirmPaymentCustomer()
#1 /home/rifadaho/osincriveissorteios.com.br/system/CodeIgniter.php(419): CodeIgniter\CodeIgniter->runController(Object(App\Controllers\Api))
#2 /home/rifadaho/osincriveissorteios.com.br/system/CodeIgniter.php(326): CodeIgniter\CodeIgniter->handleRequest(NULL, Object(Config\Cache), false)
#3 /home/rifadaho/osincriveissorteios.com.br/index.php(47): CodeIgniter\CodeIgniter->run()
#4 {main}
CRITICAL - 2023-05-01 19:35:42 --> Too few arguments to function App\Controllers\Api::confirmPaymentCustomer(), 0 passed in /home/rifadaho/osincriveissorteios.com.br/system/CodeIgniter.php on line 832 and exactly 1 expected
#0 /home/rifadaho/osincriveissorteios.com.br/system/CodeIgniter.php(832): App\Controllers\Api->confirmPaymentCustomer()
#1 /home/rifadaho/osincriveissorteios.com.br/system/CodeIgniter.php(419): CodeIgniter\CodeIgniter->runController(Object(App\Controllers\Api))
#2 /home/rifadaho/osincriveissorteios.com.br/system/CodeIgniter.php(326): CodeIgniter\CodeIgniter->handleRequest(NULL, Object(Config\Cache), false)
#3 /home/rifadaho/osincriveissorteios.com.br/index.php(47): CodeIgniter\CodeIgniter->run()
#4 {main}
CRITICAL - 2023-05-01 19:35:51 --> Too few arguments to function App\Controllers\Api::confirmPaymentCustomer(), 0 passed in /home/rifadaho/osincriveissorteios.com.br/system/CodeIgniter.php on line 832 and exactly 1 expected
#0 /home/rifadaho/osincriveissorteios.com.br/system/CodeIgniter.php(832): App\Controllers\Api->confirmPaymentCustomer()
#1 /home/rifadaho/osincriveissorteios.com.br/system/CodeIgniter.php(419): CodeIgniter\CodeIgniter->runController(Object(App\Controllers\Api))
#2 /home/rifadaho/osincriveissorteios.com.br/system/CodeIgniter.php(326): CodeIgniter\CodeIgniter->handleRequest(NULL, Object(Config\Cache), false)
#3 /home/rifadaho/osincriveissorteios.com.br/index.php(47): CodeIgniter\CodeIgniter->run()
#4 {main}
CRITICAL - 2023-05-01 19:36:13 --> Too few arguments to function App\Controllers\Api::confirmPaymentCustomer(), 0 passed in /home/rifadaho/osincriveissorteios.com.br/system/CodeIgniter.php on line 832 and exactly 1 expected
#0 /home/rifadaho/osincriveissorteios.com.br/system/CodeIgniter.php(832): App\Controllers\Api->confirmPaymentCustomer()
#1 /home/rifadaho/osincriveissorteios.com.br/system/CodeIgniter.php(419): CodeIgniter\CodeIgniter->runController(Object(App\Controllers\Api))
#2 /home/rifadaho/osincriveissorteios.com.br/system/CodeIgniter.php(326): CodeIgniter\CodeIgniter->handleRequest(NULL, Object(Config\Cache), false)
#3 /home/rifadaho/osincriveissorteios.com.br/index.php(47): CodeIgniter\CodeIgniter->run()
#4 {main}
CRITICAL - 2023-05-01 19:55:30 --> Too few arguments to function App\Controllers\Api::confirmPaymentCustomer(), 0 passed in /home/rifadaho/osincriveissorteios.com.br/system/CodeIgniter.php on line 832 and exactly 1 expected
#0 /home/rifadaho/osincriveissorteios.com.br/system/CodeIgniter.php(832): App\Controllers\Api->confirmPaymentCustomer()
#1 /home/rifadaho/osincriveissorteios.com.br/system/CodeIgniter.php(419): CodeIgniter\CodeIgniter->runController(Object(App\Controllers\Api))
#2 /home/rifadaho/osincriveissorteios.com.br/system/CodeIgniter.php(326): CodeIgniter\CodeIgniter->handleRequest(NULL, Object(Config\Cache), false)
#3 /home/rifadaho/osincriveissorteios.com.br/index.php(47): CodeIgniter\CodeIgniter->run()
#4 {main}
CRITICAL - 2023-05-01 19:55:51 --> Too few arguments to function App\Controllers\Api::confirmPaymentCustomer(), 0 passed in /home/rifadaho/osincriveissorteios.com.br/system/CodeIgniter.php on line 832 and exactly 1 expected
#0 /home/rifadaho/osincriveissorteios.com.br/system/CodeIgniter.php(832): App\Controllers\Api->confirmPaymentCustomer()
#1 /home/rifadaho/osincriveissorteios.com.br/system/CodeIgniter.php(419): CodeIgniter\CodeIgniter->runController(Object(App\Controllers\Api))
#2 /home/rifadaho/osincriveissorteios.com.br/system/CodeIgniter.php(326): CodeIgniter\CodeIgniter->handleRequest(NULL, Object(Config\Cache), false)
#3 /home/rifadaho/osincriveissorteios.com.br/index.php(47): CodeIgniter\CodeIgniter->run()
#4 {main}
CRITICAL - 2023-05-01 22:05:13 --> Too few arguments to function App\Controllers\Api::confirmPaymentCustomer(), 0 passed in /home/rifadaho/osincriveissorteios.com.br/system/CodeIgniter.php on line 832 and exactly 1 expected
#0 /home/rifadaho/osincriveissorteios.com.br/system/CodeIgniter.php(832): App\Controllers\Api->confirmPaymentCustomer()
#1 /home/rifadaho/osincriveissorteios.com.br/system/CodeIgniter.php(419): CodeIgniter\CodeIgniter->runController(Object(App\Controllers\Api))
#2 /home/rifadaho/osincriveissorteios.com.br/system/CodeIgniter.php(326): CodeIgniter\CodeIgniter->handleRequest(NULL, Object(Config\Cache), false)
#3 /home/rifadaho/osincriveissorteios.com.br/index.php(47): CodeIgniter\CodeIgniter->run()
#4 {main}
CRITICAL - 2023-05-01 22:05:23 --> Too few arguments to function App\Controllers\Api::confirmPaymentCustomer(), 0 passed in /home/rifadaho/osincriveissorteios.com.br/system/CodeIgniter.php on line 832 and exactly 1 expected
#0 /home/rifadaho/osincriveissorteios.com.br/system/CodeIgniter.php(832): App\Controllers\Api->confirmPaymentCustomer()
#1 /home/rifadaho/osincriveissorteios.com.br/system/CodeIgniter.php(419): CodeIgniter\CodeIgniter->runController(Object(App\Controllers\Api))
#2 /home/rifadaho/osincriveissorteios.com.br/system/CodeIgniter.php(326): CodeIgniter\CodeIgniter->handleRequest(NULL, Object(Config\Cache), false)
#3 /home/rifadaho/osincriveissorteios.com.br/index.php(47): CodeIgniter\CodeIgniter->run()
#4 {main}
CRITICAL - 2023-05-01 22:05:33 --> Too few arguments to function App\Controllers\Api::confirmPaymentCustomer(), 0 passed in /home/rifadaho/osincriveissorteios.com.br/system/CodeIgniter.php on line 832 and exactly 1 expected
#0 /home/rifadaho/osincriveissorteios.com.br/system/CodeIgniter.php(832): App\Controllers\Api->confirmPaymentCustomer()
#1 /home/rifadaho/osincriveissorteios.com.br/system/CodeIgniter.php(419): CodeIgniter\CodeIgniter->runController(Object(App\Controllers\Api))
#2 /home/rifadaho/osincriveissorteios.com.br/system/CodeIgniter.php(326): CodeIgniter\CodeIgniter->handleRequest(NULL, Object(Config\Cache), false)
#3 /home/rifadaho/osincriveissorteios.com.br/index.php(47): CodeIgniter\CodeIgniter->run()
#4 {main}
CRITICAL - 2023-05-01 22:06:19 --> Too few arguments to function App\Controllers\Api::confirmPaymentCustomer(), 0 passed in /home/rifadaho/osincriveissorteios.com.br/system/CodeIgniter.php on line 832 and exactly 1 expected
#0 /home/rifadaho/osincriveissorteios.com.br/system/CodeIgniter.php(832): App\Controllers\Api->confirmPaymentCustomer()
#1 /home/rifadaho/osincriveissorteios.com.br/system/CodeIgniter.php(419): CodeIgniter\CodeIgniter->runController(Object(App\Controllers\Api))
#2 /home/rifadaho/osincriveissorteios.com.br/system/CodeIgniter.php(326): CodeIgniter\CodeIgniter->handleRequest(NULL, Object(Config\Cache), false)
#3 /home/rifadaho/osincriveissorteios.com.br/index.php(47): CodeIgniter\CodeIgniter->run()
#4 {main}
CRITICAL - 2023-05-01 22:10:14 --> Too few arguments to function App\Controllers\Api::confirmPaymentCustomer(), 0 passed in /home/rifadaho/osincriveissorteios.com.br/system/CodeIgniter.php on line 832 and exactly 1 expected
#0 /home/rifadaho/osincriveissorteios.com.br/system/CodeIgniter.php(832): App\Controllers\Api->confirmPaymentCustomer()
#1 /home/rifadaho/osincriveissorteios.com.br/system/CodeIgniter.php(419): CodeIgniter\CodeIgniter->runController(Object(App\Controllers\Api))
#2 /home/rifadaho/osincriveissorteios.com.br/system/CodeIgniter.php(326): CodeIgniter\CodeIgniter->handleRequest(NULL, Object(Config\Cache), false)
#3 /home/rifadaho/osincriveissorteios.com.br/index.php(47): CodeIgniter\CodeIgniter->run()
#4 {main}
CRITICAL - 2023-05-01 22:10:39 --> Too few arguments to function App\Controllers\Api::confirmPaymentCustomer(), 0 passed in /home/rifadaho/osincriveissorteios.com.br/system/CodeIgniter.php on line 832 and exactly 1 expected
#0 /home/rifadaho/osincriveissorteios.com.br/system/CodeIgniter.php(832): App\Controllers\Api->confirmPaymentCustomer()
#1 /home/rifadaho/osincriveissorteios.com.br/system/CodeIgniter.php(419): CodeIgniter\CodeIgniter->runController(Object(App\Controllers\Api))
#2 /home/rifadaho/osincriveissorteios.com.br/system/CodeIgniter.php(326): CodeIgniter\CodeIgniter->handleRequest(NULL, Object(Config\Cache), false)
#3 /home/rifadaho/osincriveissorteios.com.br/index.php(47): CodeIgniter\CodeIgniter->run()
#4 {main}
CRITICAL - 2023-05-01 22:20:17 --> Too few arguments to function App\Controllers\Api::confirmPaymentCustomer(), 0 passed in /home/rifadaho/osincriveissorteios.com.br/system/CodeIgniter.php on line 832 and exactly 1 expected
#0 /home/rifadaho/osincriveissorteios.com.br/system/CodeIgniter.php(832): App\Controllers\Api->confirmPaymentCustomer()
#1 /home/rifadaho/osincriveissorteios.com.br/system/CodeIgniter.php(419): CodeIgniter\CodeIgniter->runController(Object(App\Controllers\Api))
#2 /home/rifadaho/osincriveissorteios.com.br/system/CodeIgniter.php(326): CodeIgniter\CodeIgniter->handleRequest(NULL, Object(Config\Cache), false)
#3 /home/rifadaho/osincriveissorteios.com.br/index.php(47): CodeIgniter\CodeIgniter->run()
#4 {main}
CRITICAL - 2023-05-01 22:20:41 --> Too few arguments to function App\Controllers\Api::confirmPaymentCustomer(), 0 passed in /home/rifadaho/osincriveissorteios.com.br/system/CodeIgniter.php on line 832 and exactly 1 expected
#0 /home/rifadaho/osincriveissorteios.com.br/system/CodeIgniter.php(832): App\Controllers\Api->confirmPaymentCustomer()
#1 /home/rifadaho/osincriveissorteios.com.br/system/CodeIgniter.php(419): CodeIgniter\CodeIgniter->runController(Object(App\Controllers\Api))
#2 /home/rifadaho/osincriveissorteios.com.br/system/CodeIgniter.php(326): CodeIgniter\CodeIgniter->handleRequest(NULL, Object(Config\Cache), false)
#3 /home/rifadaho/osincriveissorteios.com.br/index.php(47): CodeIgniter\CodeIgniter->run()
#4 {main}
CRITICAL - 2023-05-01 22:20:52 --> Too few arguments to function App\Controllers\Api::confirmPaymentCustomer(), 0 passed in /home/rifadaho/osincriveissorteios.com.br/system/CodeIgniter.php on line 832 and exactly 1 expected
#0 /home/rifadaho/osincriveissorteios.com.br/system/CodeIgniter.php(832): App\Controllers\Api->confirmPaymentCustomer()
#1 /home/rifadaho/osincriveissorteios.com.br/system/CodeIgniter.php(419): CodeIgniter\CodeIgniter->runController(Object(App\Controllers\Api))
#2 /home/rifadaho/osincriveissorteios.com.br/system/CodeIgniter.php(326): CodeIgniter\CodeIgniter->handleRequest(NULL, Object(Config\Cache), false)
#3 /home/rifadaho/osincriveissorteios.com.br/index.php(47): CodeIgniter\CodeIgniter->run()
#4 {main}
CRITICAL - 2023-05-01 22:20:53 --> Too few arguments to function App\Controllers\Api::confirmPaymentCustomer(), 0 passed in /home/rifadaho/osincriveissorteios.com.br/system/CodeIgniter.php on line 832 and exactly 1 expected
#0 /home/rifadaho/osincriveissorteios.com.br/system/CodeIgniter.php(832): App\Controllers\Api->confirmPaymentCustomer()
#1 /home/rifadaho/osincriveissorteios.com.br/system/CodeIgniter.php(419): CodeIgniter\CodeIgniter->runController(Object(App\Controllers\Api))
#2 /home/rifadaho/osincriveissorteios.com.br/system/CodeIgniter.php(326): CodeIgniter\CodeIgniter->handleRequest(NULL, Object(Config\Cache), false)
#3 /home/rifadaho/osincriveissorteios.com.br/index.php(47): CodeIgniter\CodeIgniter->run()
#4 {main}
CRITICAL - 2023-05-01 22:20:53 --> Too few arguments to function App\Controllers\Api::confirmPaymentCustomer(), 0 passed in /home/rifadaho/osincriveissorteios.com.br/system/CodeIgniter.php on line 832 and exactly 1 expected
#0 /home/rifadaho/osincriveissorteios.com.br/system/CodeIgniter.php(832): App\Controllers\Api->confirmPaymentCustomer()
#1 /home/rifadaho/osincriveissorteios.com.br/system/CodeIgniter.php(419): CodeIgniter\CodeIgniter->runController(Object(App\Controllers\Api))
#2 /home/rifadaho/osincriveissorteios.com.br/system/CodeIgniter.php(326): CodeIgniter\CodeIgniter->handleRequest(NULL, Object(Config\Cache), false)
#3 /home/rifadaho/osincriveissorteios.com.br/index.php(47): CodeIgniter\CodeIgniter->run()
#4 {main}
CRITICAL - 2023-05-01 22:21:02 --> Too few arguments to function App\Controllers\Api::confirmPaymentCustomer(), 0 passed in /home/rifadaho/osincriveissorteios.com.br/system/CodeIgniter.php on line 832 and exactly 1 expected
#0 /home/rifadaho/osincriveissorteios.com.br/system/CodeIgniter.php(832): App\Controllers\Api->confirmPaymentCustomer()
#1 /home/rifadaho/osincriveissorteios.com.br/system/CodeIgniter.php(419): CodeIgniter\CodeIgniter->runController(Object(App\Controllers\Api))
#2 /home/rifadaho/osincriveissorteios.com.br/system/CodeIgniter.php(326): CodeIgniter\CodeIgniter->handleRequest(NULL, Object(Config\Cache), false)
#3 /home/rifadaho/osincriveissorteios.com.br/index.php(47): CodeIgniter\CodeIgniter->run()
#4 {main}
CRITICAL - 2023-05-01 22:25:06 --> Too few arguments to function App\Controllers\Api::confirmPaymentCustomer(), 0 passed in /home/rifadaho/osincriveissorteios.com.br/system/CodeIgniter.php on line 832 and exactly 1 expected
#0 /home/rifadaho/osincriveissorteios.com.br/system/CodeIgniter.php(832): App\Controllers\Api->confirmPaymentCustomer()
#1 /home/rifadaho/osincriveissorteios.com.br/system/CodeIgniter.php(419): CodeIgniter\CodeIgniter->runController(Object(App\Controllers\Api))
#2 /home/rifadaho/osincriveissorteios.com.br/system/CodeIgniter.php(326): CodeIgniter\CodeIgniter->handleRequest(NULL, Object(Config\Cache), false)
#3 /home/rifadaho/osincriveissorteios.com.br/index.php(47): CodeIgniter\CodeIgniter->run()
#4 {main}
CRITICAL - 2023-05-01 22:25:09 --> Too few arguments to function App\Controllers\Api::confirmPaymentCustomer(), 0 passed in /home/rifadaho/osincriveissorteios.com.br/system/CodeIgniter.php on line 832 and exactly 1 expected
#0 /home/rifadaho/osincriveissorteios.com.br/system/CodeIgniter.php(832): App\Controllers\Api->confirmPaymentCustomer()
#1 /home/rifadaho/osincriveissorteios.com.br/system/CodeIgniter.php(419): CodeIgniter\CodeIgniter->runController(Object(App\Controllers\Api))
#2 /home/rifadaho/osincriveissorteios.com.br/system/CodeIgniter.php(326): CodeIgniter\CodeIgniter->handleRequest(NULL, Object(Config\Cache), false)
#3 /home/rifadaho/osincriveissorteios.com.br/index.php(47): CodeIgniter\CodeIgniter->run()
#4 {main}
CRITICAL - 2023-05-01 22:26:08 --> Too few arguments to function App\Controllers\Api::confirmPaymentCustomer(), 0 passed in /home/rifadaho/osincriveissorteios.com.br/system/CodeIgniter.php on line 832 and exactly 1 expected
#0 /home/rifadaho/osincriveissorteios.com.br/system/CodeIgniter.php(832): App\Controllers\Api->confirmPaymentCustomer()
#1 /home/rifadaho/osincriveissorteios.com.br/system/CodeIgniter.php(419): CodeIgniter\CodeIgniter->runController(Object(App\Controllers\Api))
#2 /home/rifadaho/osincriveissorteios.com.br/system/CodeIgniter.php(326): CodeIgniter\CodeIgniter->handleRequest(NULL, Object(Config\Cache), false)
#3 /home/rifadaho/osincriveissorteios.com.br/index.php(47): CodeIgniter\CodeIgniter->run()
#4 {main}
CRITICAL - 2023-05-01 22:26:10 --> Too few arguments to function App\Controllers\Api::confirmPaymentCustomer(), 0 passed in /home/rifadaho/osincriveissorteios.com.br/system/CodeIgniter.php on line 832 and exactly 1 expected
#0 /home/rifadaho/osincriveissorteios.com.br/system/CodeIgniter.php(832): App\Controllers\Api->confirmPaymentCustomer()
#1 /home/rifadaho/osincriveissorteios.com.br/system/CodeIgniter.php(419): CodeIgniter\CodeIgniter->runController(Object(App\Controllers\Api))
#2 /home/rifadaho/osincriveissorteios.com.br/system/CodeIgniter.php(326): CodeIgniter\CodeIgniter->handleRequest(NULL, Object(Config\Cache), false)
#3 /home/rifadaho/osincriveissorteios.com.br/index.php(47): CodeIgniter\CodeIgniter->run()
#4 {main}
CRITICAL - 2023-05-01 23:15:07 --> Too few arguments to function App\Controllers\Api::confirmPaymentCustomer(), 0 passed in /home/rifadaho/osincriveissorteios.com.br/system/CodeIgniter.php on line 832 and exactly 1 expected
#0 /home/rifadaho/osincriveissorteios.com.br/system/CodeIgniter.php(832): App\Controllers\Api->confirmPaymentCustomer()
#1 /home/rifadaho/osincriveissorteios.com.br/system/CodeIgniter.php(419): CodeIgniter\CodeIgniter->runController(Object(App\Controllers\Api))
#2 /home/rifadaho/osincriveissorteios.com.br/system/CodeIgniter.php(326): CodeIgniter\CodeIgniter->handleRequest(NULL, Object(Config\Cache), false)
#3 /home/rifadaho/osincriveissorteios.com.br/index.php(47): CodeIgniter\CodeIgniter->run()
#4 {main}
CRITICAL - 2023-05-01 23:16:00 --> Too few arguments to function App\Controllers\Api::confirmPaymentCustomer(), 0 passed in /home/rifadaho/osincriveissorteios.com.br/system/CodeIgniter.php on line 832 and exactly 1 expected
#0 /home/rifadaho/osincriveissorteios.com.br/system/CodeIgniter.php(832): App\Controllers\Api->confirmPaymentCustomer()
#1 /home/rifadaho/osincriveissorteios.com.br/system/CodeIgniter.php(419): CodeIgniter\CodeIgniter->runController(Object(App\Controllers\Api))
#2 /home/rifadaho/osincriveissorteios.com.br/system/CodeIgniter.php(326): CodeIgniter\CodeIgniter->handleRequest(NULL, Object(Config\Cache), false)
#3 /home/rifadaho/osincriveissorteios.com.br/index.php(47): CodeIgniter\CodeIgniter->run()
#4 {main}
CRITICAL - 2023-05-01 23:45:18 --> Too few arguments to function App\Controllers\Api::confirmPaymentCustomer(), 0 passed in /home/rifadaho/osincriveissorteios.com.br/system/CodeIgniter.php on line 832 and exactly 1 expected
#0 /home/rifadaho/osincriveissorteios.com.br/system/CodeIgniter.php(832): App\Controllers\Api->confirmPaymentCustomer()
#1 /home/rifadaho/osincriveissorteios.com.br/system/CodeIgniter.php(419): CodeIgniter\CodeIgniter->runController(Object(App\Controllers\Api))
#2 /home/rifadaho/osincriveissorteios.com.br/system/CodeIgniter.php(326): CodeIgniter\CodeIgniter->handleRequest(NULL, Object(Config\Cache), false)
#3 /home/rifadaho/osincriveissorteios.com.br/index.php(47): CodeIgniter\CodeIgniter->run()
#4 {main}
CRITICAL - 2023-05-01 23:45:44 --> Too few arguments to function App\Controllers\Api::confirmPaymentCustomer(), 0 passed in /home/rifadaho/osincriveissorteios.com.br/system/CodeIgniter.php on line 832 and exactly 1 expected
#0 /home/rifadaho/osincriveissorteios.com.br/system/CodeIgniter.php(832): App\Controllers\Api->confirmPaymentCustomer()
#1 /home/rifadaho/osincriveissorteios.com.br/system/CodeIgniter.php(419): CodeIgniter\CodeIgniter->runController(Object(App\Controllers\Api))
#2 /home/rifadaho/osincriveissorteios.com.br/system/CodeIgniter.php(326): CodeIgniter\CodeIgniter->handleRequest(NULL, Object(Config\Cache), false)
#3 /home/rifadaho/osincriveissorteios.com.br/index.php(47): CodeIgniter\CodeIgniter->run()
#4 {main}
CRITICAL - 2023-05-01 23:50:33 --> Too few arguments to function App\Controllers\Api::confirmPaymentCustomer(), 0 passed in /home/rifadaho/osincriveissorteios.com.br/system/CodeIgniter.php on line 832 and exactly 1 expected
#0 /home/rifadaho/osincriveissorteios.com.br/system/CodeIgniter.php(832): App\Controllers\Api->confirmPaymentCustomer()
#1 /home/rifadaho/osincriveissorteios.com.br/system/CodeIgniter.php(419): CodeIgniter\CodeIgniter->runController(Object(App\Controllers\Api))
#2 /home/rifadaho/osincriveissorteios.com.br/system/CodeIgniter.php(326): CodeIgniter\CodeIgniter->handleRequest(NULL, Object(Config\Cache), false)
#3 /home/rifadaho/osincriveissorteios.com.br/index.php(47): CodeIgniter\CodeIgniter->run()
#4 {main}
CRITICAL - 2023-05-01 23:50:36 --> Too few arguments to function App\Controllers\Api::confirmPaymentCustomer(), 0 passed in /home/rifadaho/osincriveissorteios.com.br/system/CodeIgniter.php on line 832 and exactly 1 expected
#0 /home/rifadaho/osincriveissorteios.com.br/system/CodeIgniter.php(832): App\Controllers\Api->confirmPaymentCustomer()
#1 /home/rifadaho/osincriveissorteios.com.br/system/CodeIgniter.php(419): CodeIgniter\CodeIgniter->runController(Object(App\Controllers\Api))
#2 /home/rifadaho/osincriveissorteios.com.br/system/CodeIgniter.php(326): CodeIgniter\CodeIgniter->handleRequest(NULL, Object(Config\Cache), false)
#3 /home/rifadaho/osincriveissorteios.com.br/index.php(47): CodeIgniter\CodeIgniter->run()
#4 {main}
