CRITICAL - 2023-05-15 03:21:58 --> Too few arguments to function App\Controllers\Api::confirmPaymentCustomer(), 0 passed in /home/rifadaho/osincriveissorteios.com.br/system/CodeIgniter.php on line 832 and exactly 1 expected
#0 /home/rifadaho/osincriveissorteios.com.br/system/CodeIgniter.php(832): App\Controllers\Api->confirmPaymentCustomer()
#1 /home/rifadaho/osincriveissorteios.com.br/system/CodeIgniter.php(419): CodeIgniter\CodeIgniter->runController(Object(App\Controllers\Api))
#2 /home/rifadaho/osincriveissorteios.com.br/system/CodeIgniter.php(326): CodeIgniter\CodeIgniter->handleRequest(NULL, Object(Config\Cache), false)
#3 /home/rifadaho/osincriveissorteios.com.br/index.php(47): CodeIgniter\CodeIgniter->run()
#4 {main}
CRITICAL - 2023-05-15 03:22:34 --> Too few arguments to function App\Controllers\Api::confirmPaymentCustomer(), 0 passed in /home/rifadaho/osincriveissorteios.com.br/system/CodeIgniter.php on line 832 and exactly 1 expected
#0 /home/rifadaho/osincriveissorteios.com.br/system/CodeIgniter.php(832): App\Controllers\Api->confirmPaymentCustomer()
#1 /home/rifadaho/osincriveissorteios.com.br/system/CodeIgniter.php(419): CodeIgniter\CodeIgniter->runController(Object(App\Controllers\Api))
#2 /home/rifadaho/osincriveissorteios.com.br/system/CodeIgniter.php(326): CodeIgniter\CodeIgniter->handleRequest(NULL, Object(Config\Cache), false)
#3 /home/rifadaho/osincriveissorteios.com.br/index.php(47): CodeIgniter\CodeIgniter->run()
#4 {main}
CRITICAL - 2023-05-15 18:15:30 --> Too few arguments to function App\Controllers\Api::confirmPaymentCustomer(), 0 passed in /home/rifadaho/osincriveissorteios.com.br/system/CodeIgniter.php on line 832 and exactly 1 expected
#0 /home/rifadaho/osincriveissorteios.com.br/system/CodeIgniter.php(832): App\Controllers\Api->confirmPaymentCustomer()
#1 /home/rifadaho/osincriveissorteios.com.br/system/CodeIgniter.php(419): CodeIgniter\CodeIgniter->runController(Object(App\Controllers\Api))
#2 /home/rifadaho/osincriveissorteios.com.br/system/CodeIgniter.php(326): CodeIgniter\CodeIgniter->handleRequest(NULL, Object(Config\Cache), false)
#3 /home/rifadaho/osincriveissorteios.com.br/index.php(47): CodeIgniter\CodeIgniter->run()
#4 {main}
CRITICAL - 2023-05-15 18:17:14 --> Too few arguments to function App\Controllers\Api::confirmPaymentCustomer(), 0 passed in /home/rifadaho/osincriveissorteios.com.br/system/CodeIgniter.php on line 832 and exactly 1 expected
#0 /home/rifadaho/osincriveissorteios.com.br/system/CodeIgniter.php(832): App\Controllers\Api->confirmPaymentCustomer()
#1 /home/rifadaho/osincriveissorteios.com.br/system/CodeIgniter.php(419): CodeIgniter\CodeIgniter->runController(Object(App\Controllers\Api))
#2 /home/rifadaho/osincriveissorteios.com.br/system/CodeIgniter.php(326): CodeIgniter\CodeIgniter->handleRequest(NULL, Object(Config\Cache), false)
#3 /home/rifadaho/osincriveissorteios.com.br/index.php(47): CodeIgniter\CodeIgniter->run()
#4 {main}
CRITICAL - 2023-05-15 18:26:49 --> Too few arguments to function App\Controllers\Api::confirmPaymentCustomer(), 0 passed in /home/rifadaho/osincriveissorteios.com.br/system/CodeIgniter.php on line 832 and exactly 1 expected
#0 /home/rifadaho/osincriveissorteios.com.br/system/CodeIgniter.php(832): App\Controllers\Api->confirmPaymentCustomer()
#1 /home/rifadaho/osincriveissorteios.com.br/system/CodeIgniter.php(419): CodeIgniter\CodeIgniter->runController(Object(App\Controllers\Api))
#2 /home/rifadaho/osincriveissorteios.com.br/system/CodeIgniter.php(326): CodeIgniter\CodeIgniter->handleRequest(NULL, Object(Config\Cache), false)
#3 /home/rifadaho/osincriveissorteios.com.br/index.php(47): CodeIgniter\CodeIgniter->run()
#4 {main}
CRITICAL - 2023-05-15 18:27:13 --> Too few arguments to function App\Controllers\Api::confirmPaymentCustomer(), 0 passed in /home/rifadaho/osincriveissorteios.com.br/system/CodeIgniter.php on line 832 and exactly 1 expected
#0 /home/rifadaho/osincriveissorteios.com.br/system/CodeIgniter.php(832): App\Controllers\Api->confirmPaymentCustomer()
#1 /home/rifadaho/osincriveissorteios.com.br/system/CodeIgniter.php(419): CodeIgniter\CodeIgniter->runController(Object(App\Controllers\Api))
#2 /home/rifadaho/osincriveissorteios.com.br/system/CodeIgniter.php(326): CodeIgniter\CodeIgniter->handleRequest(NULL, Object(Config\Cache), false)
#3 /home/rifadaho/osincriveissorteios.com.br/index.php(47): CodeIgniter\CodeIgniter->run()
#4 {main}
