ERROR - 2022-12-03 11:06:19 --> You have an error in your SQL syntax; check the manual that corresponds to your MariaDB server version for the right syntax to use near ':0:
AND 1 = :1:
AND `id_user` = :id_user:
AND `raffles`.`deleted_at` IS NULL
...' at line 3
CRITICAL - 2022-12-03 11:06:19 --> You have an error in your SQL syntax; check the manual that corresponds to your MariaDB server version for the right syntax to use near ':0:
AND 1 = :1:
AND `id_user` = :id_user:
AND `raffles`.`deleted_at` IS NULL
...' at line 3
#0 C:\xampp\htdocs\rifandos\system\Database\MySQLi\Connection.php(292): mysqli->query('SELECT `id`, `w...', 0)
#1 C:\xampp\htdocs\rifandos\system\Database\BaseConnection.php(670): CodeIgniter\Database\MySQLi\Connection->execute('SELECT `id`, `w...')
#2 C:\xampp\htdocs\rifandos\system\Database\BaseConnection.php(598): CodeIgniter\Database\BaseConnection->simpleQuery('SELECT `id`, `w...')
#3 C:\xampp\htdocs\rifandos\system\Database\BaseBuilder.php(1455): CodeIgniter\Database\BaseConnection->query('SELECT `id`, `w...', Array, false)
#4 C:\xampp\htdocs\rifandos\system\Model.php(210): CodeIgniter\Database\BaseBuilder->get()
#5 C:\xampp\htdocs\rifandos\system\BaseModel.php(622): CodeIgniter\Model->doFirst()
#6 C:\xampp\htdocs\rifandos\app\Controllers\Dashboard.php(62): CodeIgniter\BaseModel->first()
#7 C:\xampp\htdocs\rifandos\system\CodeIgniter.php(832): App\Controllers\Dashboard->orders()
#8 C:\xampp\htdocs\rifandos\system\CodeIgniter.php(419): CodeIgniter\CodeIgniter->runController(Object(App\Controllers\Dashboard))
#9 C:\xampp\htdocs\rifandos\system\CodeIgniter.php(326): CodeIgniter\CodeIgniter->handleRequest(NULL, Object(Config\Cache), false)
#10 C:\xampp\htdocs\rifandos\index.php(53): CodeIgniter\CodeIgniter->run()
#11 {main}
ERROR - 2022-12-03 11:29:56 --> You have an error in your SQL syntax; check the manual that corresponds to your MariaDB server version for the right syntax to use near ':0:
AND 1 = :1:
AND `id_user` = :id_user:
AND `raffles`.`deleted_at` IS NULL
...' at line 3
CRITICAL - 2022-12-03 11:29:56 --> You have an error in your SQL syntax; check the manual that corresponds to your MariaDB server version for the right syntax to use near ':0:
AND 1 = :1:
AND `id_user` = :id_user:
AND `raffles`.`deleted_at` IS NULL
...' at line 3
#0 C:\xampp\htdocs\rifandos\system\Database\MySQLi\Connection.php(292): mysqli->query('SELECT `id`, `w...', 0)
#1 C:\xampp\htdocs\rifandos\system\Database\BaseConnection.php(670): CodeIgniter\Database\MySQLi\Connection->execute('SELECT `id`, `w...')
#2 C:\xampp\htdocs\rifandos\system\Database\BaseConnection.php(598): CodeIgniter\Database\BaseConnection->simpleQuery('SELECT `id`, `w...')
#3 C:\xampp\htdocs\rifandos\system\Database\BaseBuilder.php(1455): CodeIgniter\Database\BaseConnection->query('SELECT `id`, `w...', Array, false)
#4 C:\xampp\htdocs\rifandos\system\Model.php(210): CodeIgniter\Database\BaseBuilder->get()
#5 C:\xampp\htdocs\rifandos\system\BaseModel.php(622): CodeIgniter\Model->doFirst()
#6 C:\xampp\htdocs\rifandos\app\Controllers\Dashboard.php(62): CodeIgniter\BaseModel->first()
#7 C:\xampp\htdocs\rifandos\system\CodeIgniter.php(832): App\Controllers\Dashboard->orders()
#8 C:\xampp\htdocs\rifandos\system\CodeIgniter.php(419): CodeIgniter\CodeIgniter->runController(Object(App\Controllers\Dashboard))
#9 C:\xampp\htdocs\rifandos\system\CodeIgniter.php(326): CodeIgniter\CodeIgniter->handleRequest(NULL, Object(Config\Cache), false)
#10 C:\xampp\htdocs\rifandos\index.php(53): CodeIgniter\CodeIgniter->run()
#11 {main}
ERROR - 2022-12-03 11:30:50 --> You have an error in your SQL syntax; check the manual that corresponds to your MariaDB server version for the right syntax to use near ':0:
AND 1 = :1:
AND `id_user` = :id_user:
AND `raffles`.`deleted_at` IS NULL
...' at line 3
CRITICAL - 2022-12-03 11:30:50 --> You have an error in your SQL syntax; check the manual that corresponds to your MariaDB server version for the right syntax to use near ':0:
AND 1 = :1:
AND `id_user` = :id_user:
AND `raffles`.`deleted_at` IS NULL
...' at line 3
#0 C:\xampp\htdocs\rifandos\system\Database\MySQLi\Connection.php(292): mysqli->query('SELECT `id`, `w...', 0)
#1 C:\xampp\htdocs\rifandos\system\Database\BaseConnection.php(670): CodeIgniter\Database\MySQLi\Connection->execute('SELECT `id`, `w...')
#2 C:\xampp\htdocs\rifandos\system\Database\BaseConnection.php(598): CodeIgniter\Database\BaseConnection->simpleQuery('SELECT `id`, `w...')
#3 C:\xampp\htdocs\rifandos\system\Database\BaseBuilder.php(1455): CodeIgniter\Database\BaseConnection->query('SELECT `id`, `w...', Array, false)
#4 C:\xampp\htdocs\rifandos\system\Model.php(210): CodeIgniter\Database\BaseBuilder->get()
#5 C:\xampp\htdocs\rifandos\system\BaseModel.php(622): CodeIgniter\Model->doFirst()
#6 C:\xampp\htdocs\rifandos\app\Controllers\Dashboard.php(62): CodeIgniter\BaseModel->first()
#7 C:\xampp\htdocs\rifandos\system\CodeIgniter.php(832): App\Controllers\Dashboard->orders()
#8 C:\xampp\htdocs\rifandos\system\CodeIgniter.php(419): CodeIgniter\CodeIgniter->runController(Object(App\Controllers\Dashboard))
#9 C:\xampp\htdocs\rifandos\system\CodeIgniter.php(326): CodeIgniter\CodeIgniter->handleRequest(NULL, Object(Config\Cache), false)
#10 C:\xampp\htdocs\rifandos\index.php(53): CodeIgniter\CodeIgniter->run()
#11 {main}
CRITICAL - 2022-12-03 11:31:29 --> json_decode() expects parameter 1 to be string, object given
#0 [internal function]: CodeIgniter\Debug\Exceptions->errorHandler(2, 'json_decode() e...', 'C:\\xampp\\htdocs...', 66, Array)
#1 C:\xampp\htdocs\rifandos\app\Controllers\Dashboard.php(66): json_decode(Object(stdClass))
#2 C:\xampp\htdocs\rifandos\system\CodeIgniter.php(832): App\Controllers\Dashboard->orders()
#3 C:\xampp\htdocs\rifandos\system\CodeIgniter.php(419): CodeIgniter\CodeIgniter->runController(Object(App\Controllers\Dashboard))
#4 C:\xampp\htdocs\rifandos\system\CodeIgniter.php(326): CodeIgniter\CodeIgniter->handleRequest(NULL, Object(Config\Cache), false)
#5 C:\xampp\htdocs\rifandos\index.php(53): CodeIgniter\CodeIgniter->run()
#6 {main}
CRITICAL - 2022-12-03 11:34:31 --> Cannot use object of type stdClass as array
#0 C:\xampp\htdocs\rifandos\system\CodeIgniter.php(832): App\Controllers\Dashboard->orders()
#1 C:\xampp\htdocs\rifandos\system\CodeIgniter.php(419): CodeIgniter\CodeIgniter->runController(Object(App\Controllers\Dashboard))
#2 C:\xampp\htdocs\rifandos\system\CodeIgniter.php(326): CodeIgniter\CodeIgniter->handleRequest(NULL, Object(Config\Cache), false)
#3 C:\xampp\htdocs\rifandos\index.php(53): CodeIgniter\CodeIgniter->run()
#4 {main}
ERROR - 2022-12-03 12:37:59 --> Unknown column 'id_user' in 'field list'
CRITICAL - 2022-12-03 12:37:59 --> Unknown column 'id_user' in 'field list'
#0 C:\xampp\htdocs\rifandos\system\Database\MySQLi\Connection.php(292): mysqli->query(' SELECT id_user...', 0)
#1 C:\xampp\htdocs\rifandos\system\Database\BaseConnection.php(670): CodeIgniter\Database\MySQLi\Connection->execute(' SELECT id_user...')
#2 C:\xampp\htdocs\rifandos\system\Database\BaseConnection.php(598): CodeIgniter\Database\BaseConnection->simpleQuery(' SELECT id_user...')
#3 C:\xampp\htdocs\rifandos\system\Model.php(726): CodeIgniter\Database\BaseConnection->query(' SELECT id_user...')
#4 C:\xampp\htdocs\rifandos\app\Controllers\Dashboard.php(336): CodeIgniter\Model->__call('query', Array)
#5 C:\xampp\htdocs\rifandos\system\CodeIgniter.php(832): App\Controllers\Dashboard->raffles()
#6 C:\xampp\htdocs\rifandos\system\CodeIgniter.php(419): CodeIgniter\CodeIgniter->runController(Object(App\Controllers\Dashboard))
#7 C:\xampp\htdocs\rifandos\system\CodeIgniter.php(326): CodeIgniter\CodeIgniter->handleRequest(NULL, Object(Config\Cache), false)
#8 C:\xampp\htdocs\rifandos\index.php(53): CodeIgniter\CodeIgniter->run()
#9 {main}
CRITICAL - 2022-12-03 12:46:31 --> Trying to get property 'title' of non-object
#0 C:\xampp\htdocs\rifandos\app\Views\backend\settings.php(12): CodeIgniter\Debug\Exceptions->errorHandler(8, 'Trying to get p...', 'C:\\xampp\\htdocs...', 12, Array)
#1 C:\xampp\htdocs\rifandos\system\View\View.php(210): include('C:\\xampp\\htdocs...')
#2 C:\xampp\htdocs\rifandos\system\View\View.php(213): CodeIgniter\View\View->CodeIgniter\View\{closure}()
#3 C:\xampp\htdocs\rifandos\system\Common.php(1089): CodeIgniter\View\View->render('backend/setting...', Array, true)
#4 C:\xampp\htdocs\rifandos\app\Controllers\Dashboard.php(1131): view('backend/setting...', Array)
#5 C:\xampp\htdocs\rifandos\system\CodeIgniter.php(832): App\Controllers\Dashboard->settings()
#6 C:\xampp\htdocs\rifandos\system\CodeIgniter.php(419): CodeIgniter\CodeIgniter->runController(Object(App\Controllers\Dashboard))
#7 C:\xampp\htdocs\rifandos\system\CodeIgniter.php(326): CodeIgniter\CodeIgniter->handleRequest(NULL, Object(Config\Cache), false)
#8 C:\xampp\htdocs\rifandos\index.php(53): CodeIgniter\CodeIgniter->run()
#9 {main}
CRITICAL - 2022-12-03 12:52:58 --> Trying to get property 'title' of non-object
#0 C:\xampp\htdocs\rifandos\app\Views\backend\settings.php(12): CodeIgniter\Debug\Exceptions->errorHandler(8, 'Trying to get p...', 'C:\\xampp\\htdocs...', 12, Array)
#1 C:\xampp\htdocs\rifandos\system\View\View.php(210): include('C:\\xampp\\htdocs...')
#2 C:\xampp\htdocs\rifandos\system\View\View.php(213): CodeIgniter\View\View->CodeIgniter\View\{closure}()
#3 C:\xampp\htdocs\rifandos\system\Common.php(1089): CodeIgniter\View\View->render('backend/setting...', Array, true)
#4 C:\xampp\htdocs\rifandos\app\Controllers\Dashboard.php(1132): view('backend/setting...', Array)
#5 C:\xampp\htdocs\rifandos\system\CodeIgniter.php(832): App\Controllers\Dashboard->settings()
#6 C:\xampp\htdocs\rifandos\system\CodeIgniter.php(419): CodeIgniter\CodeIgniter->runController(Object(App\Controllers\Dashboard))
#7 C:\xampp\htdocs\rifandos\system\CodeIgniter.php(326): CodeIgniter\CodeIgniter->handleRequest(NULL, Object(Config\Cache), false)
#8 C:\xampp\htdocs\rifandos\index.php(53): CodeIgniter\CodeIgniter->run()
#9 {main}
CRITICAL - 2022-12-03 13:00:24 --> Undefined variable: settings
#0 C:\xampp\htdocs\rifandos\app\Views\backend\settings.php(25): CodeIgniter\Debug\Exceptions->errorHandler(8, 'Undefined varia...', 'C:\\xampp\\htdocs...', 25, Array)
#1 C:\xampp\htdocs\rifandos\system\View\View.php(210): include('C:\\xampp\\htdocs...')
#2 C:\xampp\htdocs\rifandos\system\View\View.php(213): CodeIgniter\View\View->CodeIgniter\View\{closure}()
#3 C:\xampp\htdocs\rifandos\system\Common.php(1089): CodeIgniter\View\View->render('backend/setting...', Array, true)
#4 C:\xampp\htdocs\rifandos\app\Controllers\Dashboard.php(1117): view('backend/setting...', Array)
#5 C:\xampp\htdocs\rifandos\system\CodeIgniter.php(832): App\Controllers\Dashboard->settings()
#6 C:\xampp\htdocs\rifandos\system\CodeIgniter.php(419): CodeIgniter\CodeIgniter->runController(Object(App\Controllers\Dashboard))
#7 C:\xampp\htdocs\rifandos\system\CodeIgniter.php(326): CodeIgniter\CodeIgniter->handleRequest(NULL, Object(Config\Cache), false)
#8 C:\xampp\htdocs\rifandos\index.php(53): CodeIgniter\CodeIgniter->run()
#9 {main}
CRITICAL - 2022-12-03 13:24:38 --> Undefined variable: user
#0 C:\xampp\htdocs\rifandos\app\Views\frontend\my_orders.php(6): CodeIgniter\Debug\Exceptions->errorHandler(8, 'Undefined varia...', 'C:\\xampp\\htdocs...', 6, Array)
#1 C:\xampp\htdocs\rifandos\system\View\View.php(210): include('C:\\xampp\\htdocs...')
#2 C:\xampp\htdocs\rifandos\system\View\View.php(213): CodeIgniter\View\View->CodeIgniter\View\{closure}()
#3 C:\xampp\htdocs\rifandos\system\Common.php(1089): CodeIgniter\View\View->render('frontend/my_ord...', Array, true)
#4 C:\xampp\htdocs\rifandos\app\Controllers\Home.php(857): view('frontend/my_ord...', Array)
#5 C:\xampp\htdocs\rifandos\system\CodeIgniter.php(832): App\Controllers\Home->myOrders()
#6 C:\xampp\htdocs\rifandos\system\CodeIgniter.php(419): CodeIgniter\CodeIgniter->runController(Object(App\Controllers\Home))
#7 C:\xampp\htdocs\rifandos\system\CodeIgniter.php(326): CodeIgniter\CodeIgniter->handleRequest(NULL, Object(Config\Cache), false)
#8 C:\xampp\htdocs\rifandos\index.php(46): CodeIgniter\CodeIgniter->run()
#9 {main}
CRITICAL - 2022-12-03 13:26:28 --> Undefined variable: user
#0 C:\xampp\htdocs\rifandos\app\Views\frontend\my_orders.php(6): CodeIgniter\Debug\Exceptions->errorHandler(8, 'Undefined varia...', 'C:\\xampp\\htdocs...', 6, Array)
#1 C:\xampp\htdocs\rifandos\system\View\View.php(210): include('C:\\xampp\\htdocs...')
#2 C:\xampp\htdocs\rifandos\system\View\View.php(213): CodeIgniter\View\View->CodeIgniter\View\{closure}()
#3 C:\xampp\htdocs\rifandos\system\Common.php(1089): CodeIgniter\View\View->render('frontend/my_ord...', Array, true)
#4 C:\xampp\htdocs\rifandos\app\Controllers\Home.php(857): view('frontend/my_ord...', Array)
#5 C:\xampp\htdocs\rifandos\system\CodeIgniter.php(832): App\Controllers\Home->myOrders()
#6 C:\xampp\htdocs\rifandos\system\CodeIgniter.php(419): CodeIgniter\CodeIgniter->runController(Object(App\Controllers\Home))
#7 C:\xampp\htdocs\rifandos\system\CodeIgniter.php(326): CodeIgniter\CodeIgniter->handleRequest(NULL, Object(Config\Cache), false)
#8 C:\xampp\htdocs\rifandos\index.php(46): CodeIgniter\CodeIgniter->run()
#9 {main}
CRITICAL - 2022-12-03 13:57:46 --> unlink(C:\xampp\htdocs\rifandos\writable\debugbar/debugbar_1670085075.json): No such file or directory
#0 [internal function]: CodeIgniter\Debug\Exceptions->errorHandler(2, 'unlink(C:\\xampp...', 'C:\\xampp\\htdocs...', 74, Array)
#1 C:\xampp\htdocs\rifandos\system\Debug\Toolbar\Collectors\History.php(74): unlink('C:\\xampp\\htdocs...')
#2 C:\xampp\htdocs\rifandos\system\Debug\Toolbar.php(487): CodeIgniter\Debug\Toolbar\Collectors\History->setFiles(1670086664, 20)
#3 C:\xampp\htdocs\rifandos\system\Debug\Toolbar.php(464): CodeIgniter\Debug\Toolbar->format(Array, 'html')
#4 C:\xampp\htdocs\rifandos\app\Config\Events.php(48): CodeIgniter\Debug\Toolbar->respond()
#5 C:\xampp\htdocs\rifandos\system\Events\Events.php(149): CodeIgniter\Events\Events::Config\{closure}()
#6 C:\xampp\htdocs\rifandos\system\CodeIgniter.php(308): CodeIgniter\Events\Events::trigger('pre_system')
#7 C:\xampp\htdocs\rifandos\index.php(46): CodeIgniter\CodeIgniter->run()
#8 {main}
CRITICAL - 2022-12-03 13:57:46 --> unlink(C:\xampp\htdocs\rifandos\writable\debugbar/debugbar_1670085075.json): No such file or directory
#0 [internal function]: CodeIgniter\Debug\Exceptions->errorHandler(2, 'unlink(C:\\xampp...', 'C:\\xampp\\htdocs...', 74, Array)
#1 C:\xampp\htdocs\rifandos\system\Debug\Toolbar\Collectors\History.php(74): unlink('C:\\xampp\\htdocs...')
#2 C:\xampp\htdocs\rifandos\system\Debug\Toolbar.php(487): CodeIgniter\Debug\Toolbar\Collectors\History->setFiles(1670086664, 20)
#3 C:\xampp\htdocs\rifandos\system\Debug\Toolbar.php(464): CodeIgniter\Debug\Toolbar->format(Array, 'html')
#4 C:\xampp\htdocs\rifandos\app\Config\Events.php(48): CodeIgniter\Debug\Toolbar->respond()
#5 C:\xampp\htdocs\rifandos\system\Events\Events.php(149): CodeIgniter\Events\Events::Config\{closure}()
#6 C:\xampp\htdocs\rifandos\system\CodeIgniter.php(308): CodeIgniter\Events\Events::trigger('pre_system')
#7 C:\xampp\htdocs\rifandos\index.php(46): CodeIgniter\CodeIgniter->run()
#8 {main}
CRITICAL - 2022-12-03 14:05:55 --> Undefined variable: raffles
#0 C:\xampp\htdocs\rifandos\app\Views\backend\ranking.php(10): CodeIgniter\Debug\Exceptions->errorHandler(8, 'Undefined varia...', 'C:\\xampp\\htdocs...', 10, Array)
#1 C:\xampp\htdocs\rifandos\system\View\View.php(210): include('C:\\xampp\\htdocs...')
#2 C:\xampp\htdocs\rifandos\system\View\View.php(213): CodeIgniter\View\View->CodeIgniter\View\{closure}()
#3 C:\xampp\htdocs\rifandos\system\Common.php(1089): CodeIgniter\View\View->render('backend/ranking', Array, true)
#4 C:\xampp\htdocs\rifandos\app\Controllers\Dashboard.php(195): view('backend/ranking', Array)
#5 C:\xampp\htdocs\rifandos\system\CodeIgniter.php(832): App\Controllers\Dashboard->ranking()
#6 C:\xampp\htdocs\rifandos\system\CodeIgniter.php(419): CodeIgniter\CodeIgniter->runController(Object(App\Controllers\Dashboard))
#7 C:\xampp\htdocs\rifandos\system\CodeIgniter.php(326): CodeIgniter\CodeIgniter->handleRequest(NULL, Object(Config\Cache), false)
#8 C:\xampp\htdocs\rifandos\index.php(46): CodeIgniter\CodeIgniter->run()
#9 {main}
CRITICAL - 2022-12-03 14:15:50 --> Undefined index: orders
#0 C:\xampp\htdocs\rifandos\app\Controllers\Dashboard.php(174): CodeIgniter\Debug\Exceptions->errorHandler(8, 'Undefined index...', 'C:\\xampp\\htdocs...', 174, Array)
#1 C:\xampp\htdocs\rifandos\system\CodeIgniter.php(832): App\Controllers\Dashboard->ranking()
#2 C:\xampp\htdocs\rifandos\system\CodeIgniter.php(419): CodeIgniter\CodeIgniter->runController(Object(App\Controllers\Dashboard))
#3 C:\xampp\htdocs\rifandos\system\CodeIgniter.php(326): CodeIgniter\CodeIgniter->handleRequest(NULL, Object(Config\Cache), false)
#4 C:\xampp\htdocs\rifandos\index.php(46): CodeIgniter\CodeIgniter->run()
#5 {main}
CRITICAL - 2022-12-03 14:16:08 --> Undefined variable: orders
#0 C:\xampp\htdocs\rifandos\app\Views\backend\ranking.php(41): CodeIgniter\Debug\Exceptions->errorHandler(8, 'Undefined varia...', 'C:\\xampp\\htdocs...', 41, Array)
#1 C:\xampp\htdocs\rifandos\system\View\View.php(210): include('C:\\xampp\\htdocs...')
#2 C:\xampp\htdocs\rifandos\system\View\View.php(213): CodeIgniter\View\View->CodeIgniter\View\{closure}()
#3 C:\xampp\htdocs\rifandos\system\Common.php(1089): CodeIgniter\View\View->render('backend/ranking', Array, true)
#4 C:\xampp\htdocs\rifandos\app\Controllers\Dashboard.php(186): view('backend/ranking', Array)
#5 C:\xampp\htdocs\rifandos\system\CodeIgniter.php(832): App\Controllers\Dashboard->ranking()
#6 C:\xampp\htdocs\rifandos\system\CodeIgniter.php(419): CodeIgniter\CodeIgniter->runController(Object(App\Controllers\Dashboard))
#7 C:\xampp\htdocs\rifandos\system\CodeIgniter.php(326): CodeIgniter\CodeIgniter->handleRequest(NULL, Object(Config\Cache), false)
#8 C:\xampp\htdocs\rifandos\index.php(46): CodeIgniter\CodeIgniter->run()
#9 {main}
