CRITICAL - 2023-03-31 06:14:59 --> syntax error, unexpected 'endforeach' (T_ENDFOREACH), expecting elseif (T_ELSEIF) or else (T_ELSE) or endif (T_ENDIF)
#0 /home/rifadaho/osincriveissorteios.com.br/system/View/View.php(213): CodeIgniter\View\View->CodeIgniter\View\{closure}()
#1 /home/rifadaho/osincriveissorteios.com.br/system/Common.php(1089): CodeIgniter\View\View->render('frontend/home', Array, true)
#2 /home/rifadaho/osincriveissorteios.com.br/app/Controllers/Home.php(102): view('frontend/home', Array)
#3 /home/rifadaho/osincriveissorteios.com.br/system/CodeIgniter.php(832): App\Controllers\Home->index()
#4 /home/rifadaho/osincriveissorteios.com.br/system/CodeIgniter.php(419): CodeIgniter\CodeIgniter->runController(Object(App\Controllers\Home))
#5 /home/rifadaho/osincriveissorteios.com.br/system/CodeIgniter.php(326): CodeIgniter\CodeIgniter->handleRequest(NULL, Object(Config\Cache), false)
#6 /home/rifadaho/osincriveissorteios.com.br/index.php(46): CodeIgniter\CodeIgniter->run()
#7 {main}
CRITICAL - 2023-03-31 08:50:07 --> Call to a member function enable_profiler() on null
#0 /home/rifadaho/osincriveissorteios.com.br/system/CodeIgniter.php(832): App\Controllers\Home->index()
#1 /home/rifadaho/osincriveissorteios.com.br/system/CodeIgniter.php(419): CodeIgniter\CodeIgniter->runController(Object(App\Controllers\Home))
#2 /home/rifadaho/osincriveissorteios.com.br/system/CodeIgniter.php(326): CodeIgniter\CodeIgniter->handleRequest(NULL, Object(Config\Cache), false)
#3 /home/rifadaho/osincriveissorteios.com.br/index.php(46): CodeIgniter\CodeIgniter->run()
#4 {main}
CRITICAL - 2023-03-31 15:28:41 --> syntax error, unexpected 'echo' (T_ECHO)
#0 /home/rifadaho/osincriveissorteios.com.br/system/Autoloader/Autoloader.php(241): CodeIgniter\Autoloader\Autoloader->includeFile('/home/rifadaho/...')
#1 /home/rifadaho/osincriveissorteios.com.br/system/Autoloader/Autoloader.php(219): CodeIgniter\Autoloader\Autoloader->loadInNamespace('App\\Controllers...')
#2 [internal function]: CodeIgniter\Autoloader\Autoloader->loadClass('App\\Controllers...')
#3 [internal function]: spl_autoload_call('App\\Controllers...')
#4 /home/rifadaho/osincriveissorteios.com.br/system/CodeIgniter.php(797): class_exists('\\App\\Controller...', true)
#5 /home/rifadaho/osincriveissorteios.com.br/system/CodeIgniter.php(406): CodeIgniter\CodeIgniter->startController()
#6 /home/rifadaho/osincriveissorteios.com.br/system/CodeIgniter.php(326): CodeIgniter\CodeIgniter->handleRequest(NULL, Object(Config\Cache), false)
#7 /home/rifadaho/osincriveissorteios.com.br/index.php(46): CodeIgniter\CodeIgniter->run()
#8 {main}
CRITICAL - 2023-03-31 15:29:09 --> syntax error, unexpected 'echo' (T_ECHO)
#0 /home/rifadaho/osincriveissorteios.com.br/system/Autoloader/Autoloader.php(241): CodeIgniter\Autoloader\Autoloader->includeFile('/home/rifadaho/...')
#1 /home/rifadaho/osincriveissorteios.com.br/system/Autoloader/Autoloader.php(219): CodeIgniter\Autoloader\Autoloader->loadInNamespace('App\\Controllers...')
#2 [internal function]: CodeIgniter\Autoloader\Autoloader->loadClass('App\\Controllers...')
#3 [internal function]: spl_autoload_call('App\\Controllers...')
#4 /home/rifadaho/osincriveissorteios.com.br/system/CodeIgniter.php(797): class_exists('\\App\\Controller...', true)
#5 /home/rifadaho/osincriveissorteios.com.br/system/CodeIgniter.php(406): CodeIgniter\CodeIgniter->startController()
#6 /home/rifadaho/osincriveissorteios.com.br/system/CodeIgniter.php(326): CodeIgniter\CodeIgniter->handleRequest(NULL, Object(Config\Cache), false)
#7 /home/rifadaho/osincriveissorteios.com.br/index.php(46): CodeIgniter\CodeIgniter->run()
#8 {main}
CRITICAL - 2023-03-31 15:29:13 --> syntax error, unexpected '<'
#0 /home/rifadaho/osincriveissorteios.com.br/system/Autoloader/Autoloader.php(241): CodeIgniter\Autoloader\Autoloader->includeFile('/home/rifadaho/...')
#1 /home/rifadaho/osincriveissorteios.com.br/system/Autoloader/Autoloader.php(219): CodeIgniter\Autoloader\Autoloader->loadInNamespace('App\\Controllers...')
#2 [internal function]: CodeIgniter\Autoloader\Autoloader->loadClass('App\\Controllers...')
#3 [internal function]: spl_autoload_call('App\\Controllers...')
#4 /home/rifadaho/osincriveissorteios.com.br/system/CodeIgniter.php(797): class_exists('\\App\\Controller...', true)
#5 /home/rifadaho/osincriveissorteios.com.br/system/CodeIgniter.php(406): CodeIgniter\CodeIgniter->startController()
#6 /home/rifadaho/osincriveissorteios.com.br/system/CodeIgniter.php(326): CodeIgniter\CodeIgniter->handleRequest(NULL, Object(Config\Cache), false)
#7 /home/rifadaho/osincriveissorteios.com.br/index.php(46): CodeIgniter\CodeIgniter->run()
#8 {main}
CRITICAL - 2023-03-31 15:29:41 --> syntax error, unexpected 'echo' (T_ECHO)
#0 /home/rifadaho/osincriveissorteios.com.br/system/Autoloader/Autoloader.php(241): CodeIgniter\Autoloader\Autoloader->includeFile('/home/rifadaho/...')
#1 /home/rifadaho/osincriveissorteios.com.br/system/Autoloader/Autoloader.php(219): CodeIgniter\Autoloader\Autoloader->loadInNamespace('App\\Controllers...')
#2 [internal function]: CodeIgniter\Autoloader\Autoloader->loadClass('App\\Controllers...')
#3 [internal function]: spl_autoload_call('App\\Controllers...')
#4 /home/rifadaho/osincriveissorteios.com.br/system/CodeIgniter.php(797): class_exists('\\App\\Controller...', true)
#5 /home/rifadaho/osincriveissorteios.com.br/system/CodeIgniter.php(406): CodeIgniter\CodeIgniter->startController()
#6 /home/rifadaho/osincriveissorteios.com.br/system/CodeIgniter.php(326): CodeIgniter\CodeIgniter->handleRequest(NULL, Object(Config\Cache), false)
#7 /home/rifadaho/osincriveissorteios.com.br/index.php(46): CodeIgniter\CodeIgniter->run()
#8 {main}
CRITICAL - 2023-03-31 15:30:22 --> syntax error, unexpected '<'
#0 /home/rifadaho/osincriveissorteios.com.br/system/Autoloader/Autoloader.php(241): CodeIgniter\Autoloader\Autoloader->includeFile('/home/rifadaho/...')
#1 /home/rifadaho/osincriveissorteios.com.br/system/Autoloader/Autoloader.php(219): CodeIgniter\Autoloader\Autoloader->loadInNamespace('App\\Controllers...')
#2 [internal function]: CodeIgniter\Autoloader\Autoloader->loadClass('App\\Controllers...')
#3 [internal function]: spl_autoload_call('App\\Controllers...')
#4 /home/rifadaho/osincriveissorteios.com.br/system/CodeIgniter.php(797): class_exists('\\App\\Controller...', true)
#5 /home/rifadaho/osincriveissorteios.com.br/system/CodeIgniter.php(406): CodeIgniter\CodeIgniter->startController()
#6 /home/rifadaho/osincriveissorteios.com.br/system/CodeIgniter.php(326): CodeIgniter\CodeIgniter->handleRequest(NULL, Object(Config\Cache), false)
#7 /home/rifadaho/osincriveissorteios.com.br/index.php(46): CodeIgniter\CodeIgniter->run()
#8 {main}
CRITICAL - 2023-03-31 15:30:49 --> syntax error, unexpected '<'
#0 /home/rifadaho/osincriveissorteios.com.br/system/Autoloader/Autoloader.php(241): CodeIgniter\Autoloader\Autoloader->includeFile('/home/rifadaho/...')
#1 /home/rifadaho/osincriveissorteios.com.br/system/Autoloader/Autoloader.php(219): CodeIgniter\Autoloader\Autoloader->loadInNamespace('App\\Controllers...')
#2 [internal function]: CodeIgniter\Autoloader\Autoloader->loadClass('App\\Controllers...')
#3 [internal function]: spl_autoload_call('App\\Controllers...')
#4 /home/rifadaho/osincriveissorteios.com.br/system/CodeIgniter.php(797): class_exists('\\App\\Controller...', true)
#5 /home/rifadaho/osincriveissorteios.com.br/system/CodeIgniter.php(406): CodeIgniter\CodeIgniter->startController()
#6 /home/rifadaho/osincriveissorteios.com.br/system/CodeIgniter.php(326): CodeIgniter\CodeIgniter->handleRequest(NULL, Object(Config\Cache), false)
#7 /home/rifadaho/osincriveissorteios.com.br/index.php(46): CodeIgniter\CodeIgniter->run()
#8 {main}
CRITICAL - 2023-03-31 15:31:57 --> syntax error, unexpected '<'
#0 /home/rifadaho/osincriveissorteios.com.br/system/Autoloader/Autoloader.php(241): CodeIgniter\Autoloader\Autoloader->includeFile('/home/rifadaho/...')
#1 /home/rifadaho/osincriveissorteios.com.br/system/Autoloader/Autoloader.php(219): CodeIgniter\Autoloader\Autoloader->loadInNamespace('App\\Controllers...')
#2 [internal function]: CodeIgniter\Autoloader\Autoloader->loadClass('App\\Controllers...')
#3 [internal function]: spl_autoload_call('App\\Controllers...')
#4 /home/rifadaho/osincriveissorteios.com.br/system/CodeIgniter.php(797): class_exists('\\App\\Controller...', true)
#5 /home/rifadaho/osincriveissorteios.com.br/system/CodeIgniter.php(406): CodeIgniter\CodeIgniter->startController()
#6 /home/rifadaho/osincriveissorteios.com.br/system/CodeIgniter.php(326): CodeIgniter\CodeIgniter->handleRequest(NULL, Object(Config\Cache), false)
#7 /home/rifadaho/osincriveissorteios.com.br/index.php(46): CodeIgniter\CodeIgniter->run()
#8 {main}
CRITICAL - 2023-03-31 15:32:30 --> syntax error, unexpected '");' (T_CONSTANT_ENCAPSED_STRING), expecting ')'
#0 /home/rifadaho/osincriveissorteios.com.br/system/Autoloader/Autoloader.php(241): CodeIgniter\Autoloader\Autoloader->includeFile('/home/rifadaho/...')
#1 /home/rifadaho/osincriveissorteios.com.br/system/Autoloader/Autoloader.php(219): CodeIgniter\Autoloader\Autoloader->loadInNamespace('App\\Controllers...')
#2 [internal function]: CodeIgniter\Autoloader\Autoloader->loadClass('App\\Controllers...')
#3 [internal function]: spl_autoload_call('App\\Controllers...')
#4 /home/rifadaho/osincriveissorteios.com.br/system/CodeIgniter.php(797): class_exists('\\App\\Controller...', true)
#5 /home/rifadaho/osincriveissorteios.com.br/system/CodeIgniter.php(406): CodeIgniter\CodeIgniter->startController()
#6 /home/rifadaho/osincriveissorteios.com.br/system/CodeIgniter.php(326): CodeIgniter\CodeIgniter->handleRequest(NULL, Object(Config\Cache), false)
#7 /home/rifadaho/osincriveissorteios.com.br/index.php(46): CodeIgniter\CodeIgniter->run()
#8 {main}
CRITICAL - 2023-03-31 15:32:58 --> syntax error, unexpected '<'
#0 /home/rifadaho/osincriveissorteios.com.br/system/Autoloader/Autoloader.php(241): CodeIgniter\Autoloader\Autoloader->includeFile('/home/rifadaho/...')
#1 /home/rifadaho/osincriveissorteios.com.br/system/Autoloader/Autoloader.php(219): CodeIgniter\Autoloader\Autoloader->loadInNamespace('App\\Controllers...')
#2 [internal function]: CodeIgniter\Autoloader\Autoloader->loadClass('App\\Controllers...')
#3 [internal function]: spl_autoload_call('App\\Controllers...')
#4 /home/rifadaho/osincriveissorteios.com.br/system/CodeIgniter.php(797): class_exists('\\App\\Controller...', true)
#5 /home/rifadaho/osincriveissorteios.com.br/system/CodeIgniter.php(406): CodeIgniter\CodeIgniter->startController()
#6 /home/rifadaho/osincriveissorteios.com.br/system/CodeIgniter.php(326): CodeIgniter\CodeIgniter->handleRequest(NULL, Object(Config\Cache), false)
#7 /home/rifadaho/osincriveissorteios.com.br/index.php(46): CodeIgniter\CodeIgniter->run()
#8 {main}
CRITICAL - 2023-03-31 15:39:39 --> syntax error, unexpected 'var_dump' (T_STRING), expecting ';' or ','
#0 /home/rifadaho/osincriveissorteios.com.br/system/View/View.php(213): CodeIgniter\View\View->CodeIgniter\View\{closure}()
#1 /home/rifadaho/osincriveissorteios.com.br/system/Common.php(1089): CodeIgniter\View\View->render('frontend/home', Array, true)
#2 /home/rifadaho/osincriveissorteios.com.br/app/Controllers/Home.php(104): view('frontend/home', Array)
#3 /home/rifadaho/osincriveissorteios.com.br/system/CodeIgniter.php(832): App\Controllers\Home->index()
#4 /home/rifadaho/osincriveissorteios.com.br/system/CodeIgniter.php(419): CodeIgniter\CodeIgniter->runController(Object(App\Controllers\Home))
#5 /home/rifadaho/osincriveissorteios.com.br/system/CodeIgniter.php(326): CodeIgniter\CodeIgniter->handleRequest(NULL, Object(Config\Cache), false)
#6 /home/rifadaho/osincriveissorteios.com.br/index.php(46): CodeIgniter\CodeIgniter->run()
#7 {main}
CRITICAL - 2023-03-31 15:40:08 --> syntax error, unexpected '?'
#0 /home/rifadaho/osincriveissorteios.com.br/system/View/View.php(213): CodeIgniter\View\View->CodeIgniter\View\{closure}()
#1 /home/rifadaho/osincriveissorteios.com.br/system/Common.php(1089): CodeIgniter\View\View->render('frontend/home', Array, true)
#2 /home/rifadaho/osincriveissorteios.com.br/app/Controllers/Home.php(104): view('frontend/home', Array)
#3 /home/rifadaho/osincriveissorteios.com.br/system/CodeIgniter.php(832): App\Controllers\Home->index()
#4 /home/rifadaho/osincriveissorteios.com.br/system/CodeIgniter.php(419): CodeIgniter\CodeIgniter->runController(Object(App\Controllers\Home))
#5 /home/rifadaho/osincriveissorteios.com.br/system/CodeIgniter.php(326): CodeIgniter\CodeIgniter->handleRequest(NULL, Object(Config\Cache), false)
#6 /home/rifadaho/osincriveissorteios.com.br/index.php(46): CodeIgniter\CodeIgniter->run()
#7 {main}
CRITICAL - 2023-03-31 15:40:45 --> syntax error, unexpected '<'
#0 /home/rifadaho/osincriveissorteios.com.br/system/View/View.php(213): CodeIgniter\View\View->CodeIgniter\View\{closure}()
#1 /home/rifadaho/osincriveissorteios.com.br/system/Common.php(1089): CodeIgniter\View\View->render('frontend/home', Array, true)
#2 /home/rifadaho/osincriveissorteios.com.br/app/Controllers/Home.php(104): view('frontend/home', Array)
#3 /home/rifadaho/osincriveissorteios.com.br/system/CodeIgniter.php(832): App\Controllers\Home->index()
#4 /home/rifadaho/osincriveissorteios.com.br/system/CodeIgniter.php(419): CodeIgniter\CodeIgniter->runController(Object(App\Controllers\Home))
#5 /home/rifadaho/osincriveissorteios.com.br/system/CodeIgniter.php(326): CodeIgniter\CodeIgniter->handleRequest(NULL, Object(Config\Cache), false)
#6 /home/rifadaho/osincriveissorteios.com.br/index.php(46): CodeIgniter\CodeIgniter->run()
#7 {main}
CRITICAL - 2023-03-31 15:41:07 --> syntax error, unexpected '?'
#0 /home/rifadaho/osincriveissorteios.com.br/system/View/View.php(213): CodeIgniter\View\View->CodeIgniter\View\{closure}()
#1 /home/rifadaho/osincriveissorteios.com.br/system/Common.php(1089): CodeIgniter\View\View->render('frontend/home', Array, true)
#2 /home/rifadaho/osincriveissorteios.com.br/app/Controllers/Home.php(104): view('frontend/home', Array)
#3 /home/rifadaho/osincriveissorteios.com.br/system/CodeIgniter.php(832): App\Controllers\Home->index()
#4 /home/rifadaho/osincriveissorteios.com.br/system/CodeIgniter.php(419): CodeIgniter\CodeIgniter->runController(Object(App\Controllers\Home))
#5 /home/rifadaho/osincriveissorteios.com.br/system/CodeIgniter.php(326): CodeIgniter\CodeIgniter->handleRequest(NULL, Object(Config\Cache), false)
#6 /home/rifadaho/osincriveissorteios.com.br/index.php(46): CodeIgniter\CodeIgniter->run()
#7 {main}
CRITICAL - 2023-03-31 15:41:09 --> syntax error, unexpected '?'
#0 /home/rifadaho/osincriveissorteios.com.br/system/View/View.php(213): CodeIgniter\View\View->CodeIgniter\View\{closure}()
#1 /home/rifadaho/osincriveissorteios.com.br/system/Common.php(1089): CodeIgniter\View\View->render('frontend/home', Array, true)
#2 /home/rifadaho/osincriveissorteios.com.br/app/Controllers/Home.php(104): view('frontend/home', Array)
#3 /home/rifadaho/osincriveissorteios.com.br/system/CodeIgniter.php(832): App\Controllers\Home->index()
#4 /home/rifadaho/osincriveissorteios.com.br/system/CodeIgniter.php(419): CodeIgniter\CodeIgniter->runController(Object(App\Controllers\Home))
#5 /home/rifadaho/osincriveissorteios.com.br/system/CodeIgniter.php(326): CodeIgniter\CodeIgniter->handleRequest(NULL, Object(Config\Cache), false)
#6 /home/rifadaho/osincriveissorteios.com.br/index.php(46): CodeIgniter\CodeIgniter->run()
#7 {main}
CRITICAL - 2023-03-31 15:41:32 --> syntax error, unexpected '<'
#0 /home/rifadaho/osincriveissorteios.com.br/system/View/View.php(213): CodeIgniter\View\View->CodeIgniter\View\{closure}()
#1 /home/rifadaho/osincriveissorteios.com.br/system/Common.php(1089): CodeIgniter\View\View->render('frontend/home', Array, true)
#2 /home/rifadaho/osincriveissorteios.com.br/app/Controllers/Home.php(104): view('frontend/home', Array)
#3 /home/rifadaho/osincriveissorteios.com.br/system/CodeIgniter.php(832): App\Controllers\Home->index()
#4 /home/rifadaho/osincriveissorteios.com.br/system/CodeIgniter.php(419): CodeIgniter\CodeIgniter->runController(Object(App\Controllers\Home))
#5 /home/rifadaho/osincriveissorteios.com.br/system/CodeIgniter.php(326): CodeIgniter\CodeIgniter->handleRequest(NULL, Object(Config\Cache), false)
#6 /home/rifadaho/osincriveissorteios.com.br/index.php(46): CodeIgniter\CodeIgniter->run()
#7 {main}
CRITICAL - 2023-03-31 16:03:49 --> syntax error, unexpected '<'
#0 /home/rifadaho/osincriveissorteios.com.br/system/View/View.php(213): CodeIgniter\View\View->CodeIgniter\View\{closure}()
#1 /home/rifadaho/osincriveissorteios.com.br/system/Common.php(1089): CodeIgniter\View\View->render('frontend/home', Array, true)
#2 /home/rifadaho/osincriveissorteios.com.br/app/Controllers/Home.php(104): view('frontend/home', Array)
#3 /home/rifadaho/osincriveissorteios.com.br/system/CodeIgniter.php(832): App\Controllers\Home->index()
#4 /home/rifadaho/osincriveissorteios.com.br/system/CodeIgniter.php(419): CodeIgniter\CodeIgniter->runController(Object(App\Controllers\Home))
#5 /home/rifadaho/osincriveissorteios.com.br/system/CodeIgniter.php(326): CodeIgniter\CodeIgniter->handleRequest(NULL, Object(Config\Cache), false)
#6 /home/rifadaho/osincriveissorteios.com.br/index.php(46): CodeIgniter\CodeIgniter->run()
#7 {main}
CRITICAL - 2023-03-31 16:05:13 --> syntax error, unexpected '<'
#0 /home/rifadaho/osincriveissorteios.com.br/system/View/View.php(213): CodeIgniter\View\View->CodeIgniter\View\{closure}()
#1 /home/rifadaho/osincriveissorteios.com.br/system/Common.php(1089): CodeIgniter\View\View->render('frontend/home', Array, true)
#2 /home/rifadaho/osincriveissorteios.com.br/app/Controllers/Home.php(104): view('frontend/home', Array)
#3 /home/rifadaho/osincriveissorteios.com.br/system/CodeIgniter.php(832): App\Controllers\Home->index()
#4 /home/rifadaho/osincriveissorteios.com.br/system/CodeIgniter.php(419): CodeIgniter\CodeIgniter->runController(Object(App\Controllers\Home))
#5 /home/rifadaho/osincriveissorteios.com.br/system/CodeIgniter.php(326): CodeIgniter\CodeIgniter->handleRequest(NULL, Object(Config\Cache), false)
#6 /home/rifadaho/osincriveissorteios.com.br/index.php(46): CodeIgniter\CodeIgniter->run()
#7 {main}
CRITICAL - 2023-03-31 16:10:00 --> syntax error, unexpected '<'
#0 /home/rifadaho/osincriveissorteios.com.br/system/View/View.php(213): CodeIgniter\View\View->CodeIgniter\View\{closure}()
#1 /home/rifadaho/osincriveissorteios.com.br/system/Common.php(1089): CodeIgniter\View\View->render('frontend/home', Array, true)
#2 /home/rifadaho/osincriveissorteios.com.br/app/Controllers/Home.php(104): view('frontend/home', Array)
#3 /home/rifadaho/osincriveissorteios.com.br/system/CodeIgniter.php(832): App\Controllers\Home->index()
#4 /home/rifadaho/osincriveissorteios.com.br/system/CodeIgniter.php(419): CodeIgniter\CodeIgniter->runController(Object(App\Controllers\Home))
#5 /home/rifadaho/osincriveissorteios.com.br/system/CodeIgniter.php(326): CodeIgniter\CodeIgniter->handleRequest(NULL, Object(Config\Cache), false)
#6 /home/rifadaho/osincriveissorteios.com.br/index.php(46): CodeIgniter\CodeIgniter->run()
#7 {main}
CRITICAL - 2023-03-31 16:12:00 --> syntax error, unexpected end of file
#0 /home/rifadaho/osincriveissorteios.com.br/system/View/View.php(213): CodeIgniter\View\View->CodeIgniter\View\{closure}()
#1 /home/rifadaho/osincriveissorteios.com.br/system/Common.php(1089): CodeIgniter\View\View->render('frontend/home', Array, true)
#2 /home/rifadaho/osincriveissorteios.com.br/app/Controllers/Home.php(104): view('frontend/home', Array)
#3 /home/rifadaho/osincriveissorteios.com.br/system/CodeIgniter.php(832): App\Controllers\Home->index()
#4 /home/rifadaho/osincriveissorteios.com.br/system/CodeIgniter.php(419): CodeIgniter\CodeIgniter->runController(Object(App\Controllers\Home))
#5 /home/rifadaho/osincriveissorteios.com.br/system/CodeIgniter.php(326): CodeIgniter\CodeIgniter->handleRequest(NULL, Object(Config\Cache), false)
#6 /home/rifadaho/osincriveissorteios.com.br/index.php(46): CodeIgniter\CodeIgniter->run()
#7 {main}
CRITICAL - 2023-03-31 16:12:38 --> syntax error, unexpected ':'
#0 /home/rifadaho/osincriveissorteios.com.br/system/View/View.php(213): CodeIgniter\View\View->CodeIgniter\View\{closure}()
#1 /home/rifadaho/osincriveissorteios.com.br/system/Common.php(1089): CodeIgniter\View\View->render('frontend/home', Array, true)
#2 /home/rifadaho/osincriveissorteios.com.br/app/Controllers/Home.php(104): view('frontend/home', Array)
#3 /home/rifadaho/osincriveissorteios.com.br/system/CodeIgniter.php(832): App\Controllers\Home->index()
#4 /home/rifadaho/osincriveissorteios.com.br/system/CodeIgniter.php(419): CodeIgniter\CodeIgniter->runController(Object(App\Controllers\Home))
#5 /home/rifadaho/osincriveissorteios.com.br/system/CodeIgniter.php(326): CodeIgniter\CodeIgniter->handleRequest(NULL, Object(Config\Cache), false)
#6 /home/rifadaho/osincriveissorteios.com.br/index.php(46): CodeIgniter\CodeIgniter->run()
#7 {main}
CRITICAL - 2023-03-31 16:13:17 --> syntax error, unexpected end of file
#0 /home/rifadaho/osincriveissorteios.com.br/system/View/View.php(213): CodeIgniter\View\View->CodeIgniter\View\{closure}()
#1 /home/rifadaho/osincriveissorteios.com.br/system/Common.php(1089): CodeIgniter\View\View->render('frontend/home', Array, true)
#2 /home/rifadaho/osincriveissorteios.com.br/app/Controllers/Home.php(104): view('frontend/home', Array)
#3 /home/rifadaho/osincriveissorteios.com.br/system/CodeIgniter.php(832): App\Controllers\Home->index()
#4 /home/rifadaho/osincriveissorteios.com.br/system/CodeIgniter.php(419): CodeIgniter\CodeIgniter->runController(Object(App\Controllers\Home))
#5 /home/rifadaho/osincriveissorteios.com.br/system/CodeIgniter.php(326): CodeIgniter\CodeIgniter->handleRequest(NULL, Object(Config\Cache), false)
#6 /home/rifadaho/osincriveissorteios.com.br/index.php(46): CodeIgniter\CodeIgniter->run()
#7 {main}
CRITICAL - 2023-03-31 16:13:37 --> syntax error, unexpected end of file
#0 /home/rifadaho/osincriveissorteios.com.br/system/View/View.php(213): CodeIgniter\View\View->CodeIgniter\View\{closure}()
#1 /home/rifadaho/osincriveissorteios.com.br/system/Common.php(1089): CodeIgniter\View\View->render('frontend/home', Array, true)
#2 /home/rifadaho/osincriveissorteios.com.br/app/Controllers/Home.php(104): view('frontend/home', Array)
#3 /home/rifadaho/osincriveissorteios.com.br/system/CodeIgniter.php(832): App\Controllers\Home->index()
#4 /home/rifadaho/osincriveissorteios.com.br/system/CodeIgniter.php(419): CodeIgniter\CodeIgniter->runController(Object(App\Controllers\Home))
#5 /home/rifadaho/osincriveissorteios.com.br/system/CodeIgniter.php(326): CodeIgniter\CodeIgniter->handleRequest(NULL, Object(Config\Cache), false)
#6 /home/rifadaho/osincriveissorteios.com.br/index.php(46): CodeIgniter\CodeIgniter->run()
#7 {main}
CRITICAL - 2023-03-31 16:14:14 --> syntax error, unexpected end of file
#0 /home/rifadaho/osincriveissorteios.com.br/system/View/View.php(213): CodeIgniter\View\View->CodeIgniter\View\{closure}()
#1 /home/rifadaho/osincriveissorteios.com.br/system/Common.php(1089): CodeIgniter\View\View->render('frontend/home', Array, true)
#2 /home/rifadaho/osincriveissorteios.com.br/app/Controllers/Home.php(104): view('frontend/home', Array)
#3 /home/rifadaho/osincriveissorteios.com.br/system/CodeIgniter.php(832): App\Controllers\Home->index()
#4 /home/rifadaho/osincriveissorteios.com.br/system/CodeIgniter.php(419): CodeIgniter\CodeIgniter->runController(Object(App\Controllers\Home))
#5 /home/rifadaho/osincriveissorteios.com.br/system/CodeIgniter.php(326): CodeIgniter\CodeIgniter->handleRequest(NULL, Object(Config\Cache), false)
#6 /home/rifadaho/osincriveissorteios.com.br/index.php(46): CodeIgniter\CodeIgniter->run()
#7 {main}
CRITICAL - 2023-03-31 16:16:31 --> syntax error, unexpected '<'
#0 /home/rifadaho/osincriveissorteios.com.br/system/View/View.php(213): CodeIgniter\View\View->CodeIgniter\View\{closure}()
#1 /home/rifadaho/osincriveissorteios.com.br/system/Common.php(1089): CodeIgniter\View\View->render('frontend/home', Array, true)
#2 /home/rifadaho/osincriveissorteios.com.br/app/Controllers/Home.php(104): view('frontend/home', Array)
#3 /home/rifadaho/osincriveissorteios.com.br/system/CodeIgniter.php(832): App\Controllers\Home->index()
#4 /home/rifadaho/osincriveissorteios.com.br/system/CodeIgniter.php(419): CodeIgniter\CodeIgniter->runController(Object(App\Controllers\Home))
#5 /home/rifadaho/osincriveissorteios.com.br/system/CodeIgniter.php(326): CodeIgniter\CodeIgniter->handleRequest(NULL, Object(Config\Cache), false)
#6 /home/rifadaho/osincriveissorteios.com.br/index.php(46): CodeIgniter\CodeIgniter->run()
#7 {main}
CRITICAL - 2023-03-31 16:17:09 --> syntax error, unexpected '<'
#0 /home/rifadaho/osincriveissorteios.com.br/system/View/View.php(213): CodeIgniter\View\View->CodeIgniter\View\{closure}()
#1 /home/rifadaho/osincriveissorteios.com.br/system/Common.php(1089): CodeIgniter\View\View->render('frontend/home', Array, true)
#2 /home/rifadaho/osincriveissorteios.com.br/app/Controllers/Home.php(104): view('frontend/home', Array)
#3 /home/rifadaho/osincriveissorteios.com.br/system/CodeIgniter.php(832): App\Controllers\Home->index()
#4 /home/rifadaho/osincriveissorteios.com.br/system/CodeIgniter.php(419): CodeIgniter\CodeIgniter->runController(Object(App\Controllers\Home))
#5 /home/rifadaho/osincriveissorteios.com.br/system/CodeIgniter.php(326): CodeIgniter\CodeIgniter->handleRequest(NULL, Object(Config\Cache), false)
#6 /home/rifadaho/osincriveissorteios.com.br/index.php(46): CodeIgniter\CodeIgniter->run()
#7 {main}
CRITICAL - 2023-03-31 16:17:31 --> syntax error, unexpected '<'
#0 /home/rifadaho/osincriveissorteios.com.br/system/View/View.php(213): CodeIgniter\View\View->CodeIgniter\View\{closure}()
#1 /home/rifadaho/osincriveissorteios.com.br/system/Common.php(1089): CodeIgniter\View\View->render('frontend/home', Array, true)
#2 /home/rifadaho/osincriveissorteios.com.br/app/Controllers/Home.php(104): view('frontend/home', Array)
#3 /home/rifadaho/osincriveissorteios.com.br/system/CodeIgniter.php(832): App\Controllers\Home->index()
#4 /home/rifadaho/osincriveissorteios.com.br/system/CodeIgniter.php(419): CodeIgniter\CodeIgniter->runController(Object(App\Controllers\Home))
#5 /home/rifadaho/osincriveissorteios.com.br/system/CodeIgniter.php(326): CodeIgniter\CodeIgniter->handleRequest(NULL, Object(Config\Cache), false)
#6 /home/rifadaho/osincriveissorteios.com.br/index.php(46): CodeIgniter\CodeIgniter->run()
#7 {main}
CRITICAL - 2023-03-31 16:19:15 --> syntax error, unexpected 'endforeach' (T_ENDFOREACH)
#0 /home/rifadaho/osincriveissorteios.com.br/system/View/View.php(213): CodeIgniter\View\View->CodeIgniter\View\{closure}()
#1 /home/rifadaho/osincriveissorteios.com.br/system/Common.php(1089): CodeIgniter\View\View->render('frontend/home', Array, true)
#2 /home/rifadaho/osincriveissorteios.com.br/app/Controllers/Home.php(104): view('frontend/home', Array)
#3 /home/rifadaho/osincriveissorteios.com.br/system/CodeIgniter.php(832): App\Controllers\Home->index()
#4 /home/rifadaho/osincriveissorteios.com.br/system/CodeIgniter.php(419): CodeIgniter\CodeIgniter->runController(Object(App\Controllers\Home))
#5 /home/rifadaho/osincriveissorteios.com.br/system/CodeIgniter.php(326): CodeIgniter\CodeIgniter->handleRequest(NULL, Object(Config\Cache), false)
#6 /home/rifadaho/osincriveissorteios.com.br/index.php(46): CodeIgniter\CodeIgniter->run()
#7 {main}
CRITICAL - 2023-03-31 16:21:12 --> syntax error, unexpected '<'
#0 /home/rifadaho/osincriveissorteios.com.br/system/View/View.php(213): CodeIgniter\View\View->CodeIgniter\View\{closure}()
#1 /home/rifadaho/osincriveissorteios.com.br/system/Common.php(1089): CodeIgniter\View\View->render('frontend/home', Array, true)
#2 /home/rifadaho/osincriveissorteios.com.br/app/Controllers/Home.php(104): view('frontend/home', Array)
#3 /home/rifadaho/osincriveissorteios.com.br/system/CodeIgniter.php(832): App\Controllers\Home->index()
#4 /home/rifadaho/osincriveissorteios.com.br/system/CodeIgniter.php(419): CodeIgniter\CodeIgniter->runController(Object(App\Controllers\Home))
#5 /home/rifadaho/osincriveissorteios.com.br/system/CodeIgniter.php(326): CodeIgniter\CodeIgniter->handleRequest(NULL, Object(Config\Cache), false)
#6 /home/rifadaho/osincriveissorteios.com.br/index.php(46): CodeIgniter\CodeIgniter->run()
#7 {main}
